2015-08-02 11:03:19 INFO  [ConnectionPoolListener] - [onStart] Webdriver Started 
2015-08-02 11:03:34 FATAL [ConnectionPoolListener] - [intiDatabase]  Unable to Create the Database Pool : 
org.apache.commons.dbcp.SQLNestedException: Cannot create PoolableConnectionFactory (The TCP/IP connection to the host 10.150.113.50, port 1433 has failed. Error: "connect timed out. Verify the connection properties. Make sure that an instance of SQL Server is running on the host and accepting TCP/IP connections at the port. Make sure that TCP connections to the port are not blocked by a firewall.".)
	at org.apache.commons.dbcp.BasicDataSource.createPoolableConnectionFactory(BasicDataSource.java:1549)
	at org.apache.commons.dbcp.BasicDataSource.createDataSource(BasicDataSource.java:1388)
	at org.apache.commons.dbcp.BasicDataSource.getConnection(BasicDataSource.java:1044)
	at helper.ConnectionPoolListener.intiDatabase(ConnectionPoolListener.java:35)
	at helper.ConnectionPoolListener.onStart(ConnectionPoolListener.java:65)
	at org.testng.SuiteRunner.invokeListeners(SuiteRunner.java:197)
	at org.testng.SuiteRunner.run(SuiteRunner.java:238)
	at org.testng.SuiteRunnerWorker.runSuite(SuiteRunnerWorker.java:52)
	at org.testng.SuiteRunnerWorker.run(SuiteRunnerWorker.java:86)
	at org.testng.TestNG.runSuitesSequentially(TestNG.java:1224)
	at org.testng.TestNG.runSuitesLocally(TestNG.java:1149)
	at org.testng.TestNG.run(TestNG.java:1057)
	at org.testng.remote.RemoteTestNG.run(RemoteTestNG.java:111)
	at org.testng.remote.RemoteTestNG.initAndRun(RemoteTestNG.java:204)
	at org.testng.remote.RemoteTestNG.main(RemoteTestNG.java:175)
Caused by: com.microsoft.sqlserver.jdbc.SQLServerException: The TCP/IP connection to the host 10.150.113.50, port 1433 has failed. Error: "connect timed out. Verify the connection properties. Make sure that an instance of SQL Server is running on the host and accepting TCP/IP connections at the port. Make sure that TCP connections to the port are not blocked by a firewall.".
	at com.microsoft.sqlserver.jdbc.SQLServerException.makeFromDriverError(SQLServerException.java:190)
	at com.microsoft.sqlserver.jdbc.SQLServerException.ConvertConnectExceptionToSQLServerException(SQLServerException.java:241)
	at com.microsoft.sqlserver.jdbc.SocketFinder.findSocket(IOBuffer.java:2243)
	at com.microsoft.sqlserver.jdbc.TDSChannel.open(IOBuffer.java:491)
	at com.microsoft.sqlserver.jdbc.SQLServerConnection.connectHelper(SQLServerConnection.java:1309)
	at com.microsoft.sqlserver.jdbc.SQLServerConnection.login(SQLServerConnection.java:991)
	at com.microsoft.sqlserver.jdbc.SQLServerConnection.connect(SQLServerConnection.java:827)
	at com.microsoft.sqlserver.jdbc.SQLServerDriver.connect(SQLServerDriver.java:1012)
	at org.apache.commons.dbcp.DriverConnectionFactory.createConnection(DriverConnectionFactory.java:38)
	at org.apache.commons.dbcp.PoolableConnectionFactory.makeObject(PoolableConnectionFactory.java:582)
	at org.apache.commons.dbcp.BasicDataSource.validateConnectionFactory(BasicDataSource.java:1556)
	at org.apache.commons.dbcp.BasicDataSource.createPoolableConnectionFactory(BasicDataSource.java:1545)
	... 14 more
2015-08-02 11:03:34 INFO  [ConnectionPoolListener] - [onStart] Bugzila Suite Started 
2015-08-02 11:03:50 INFO  [StartWebDriver] - [getFireFoxDriver]  Using Firefox Driver 
2015-08-02 11:03:54 INFO  [WindowHelper] - [windowMaximize]  windowMaximize  
2015-08-02 11:03:54 INFO  [CustomeReportListener] - [onTestStart] testLogin Started 
2015-08-02 11:04:09 INFO  [CustomeReportListener] - [onTestSuccess] testLogin Success 
2015-08-02 11:04:09 INFO  [CustomeReportListener] - [onTestStart] testPreferences Started 
2015-08-02 11:04:21 INFO  [ButtonHelper] - [clickButton]  Clicked on Button : //div[@id='header']/ul[1]/li[8]/a
2015-08-02 11:04:28 INFO  [CustomeReportListener] - [onTestSuccess] testPreferences Success 
2015-08-02 11:04:28 INFO  [CustomeReportListener] - [onTestStart] testAdministration Started 
2015-08-02 11:04:40 INFO  [ButtonHelper] - [clickButton]  Clicked on Button : //div[@id='header']/ul[1]/li[9]/a
2015-08-02 11:04:47 INFO  [CustomeReportListener] - [onTestSuccess] testAdministration Success 
2015-08-02 11:04:47 INFO  [CustomeReportListener] - [onTestStart] testReport Started 
2015-08-02 11:05:00 INFO  [ButtonHelper] - [clickButton]  Clicked on Button : //div[@id='header']/ul[1]/li[6]/a
2015-08-02 11:05:07 INFO  [CustomeReportListener] - [onTestSuccess] testReport Success 
2015-08-02 11:05:07 INFO  [CustomeReportListener] - [onTestStart] testAdmin Started 
2015-08-02 11:05:09 INFO  [WindowHelper] - [navigateToPage]  navigateToPage : http://localhost:5001/
2015-08-02 11:05:09 INFO  [LinkHelper] - [clickLink]  clickLink : File a Bug
2015-08-02 11:05:11 INFO  [TextBoxHelper] - [typeInTextBox]  typeInTextBox : Bugzilla_login Value : rahul@bugzila.com
2015-08-02 11:05:12 INFO  [TextBoxHelper] - [typeInTextBox]  typeInTextBox : Bugzilla_password Value : rathore
2015-08-02 11:05:14 INFO  [ButtonHelper] - [clickButton]  Clicked on Button : log_in
2015-08-02 11:05:19 INFO  [LinkHelper] - [clickLink]  clickLink : Testng
2015-08-02 11:05:23 INFO  [ButtonHelper] - [clickButton]  Clicked on Button : //input[@value='Add an attachment']
2015-08-02 11:05:24 INFO  [ButtonHelper] - [clickButton]  Clicked on Button : data
2015-08-02 11:05:37 INFO  [ButtonHelper] - [clickLogout]  Clicked on Logout Button 
2015-08-02 11:05:37 INFO  [CustomeReportListener] - [onTestSuccess] testAdmin Success 
2015-08-02 11:05:37 INFO  [CustomeReportListener] - [onTestStart] testAll Started 
2015-08-02 11:05:42 INFO  [CustomeReportListener] - [onTestSuccess] testAll Success 
2015-08-02 11:05:43 INFO  [CustomeReportListener] - [onTestStart] testCase Started 
2015-08-02 11:05:46 INFO  [LinkHelper] - [clickLink]  clickLink : File a Bug
2015-08-02 11:05:46 INFO  [TextBoxHelper] - [typeInTextBox]  typeInTextBox : Bugzilla_login Value : User1
2015-08-02 11:05:46 INFO  [TextBoxHelper] - [typeInTextBox]  typeInTextBox : Bugzilla_password Value : Pass1
2015-08-02 11:05:49 INFO  [ButtonHelper] - [clickButton]  Clicked on Button : log_in
2015-08-02 11:06:02 INFO  [ButtonHelper] - [clickLogout]  Clicked on Logout Button 
2015-08-02 11:06:02 INFO  [CustomeReportListener] - [onTestSuccess] testCase Success 
2015-08-02 11:06:02 INFO  [CustomeReportListener] - [onTestStart] testCase Started 
2015-08-02 11:06:05 INFO  [LinkHelper] - [clickLink]  clickLink : File a Bug
2015-08-02 11:06:05 INFO  [TextBoxHelper] - [typeInTextBox]  typeInTextBox : Bugzilla_login Value : User2
2015-08-02 11:06:05 INFO  [TextBoxHelper] - [typeInTextBox]  typeInTextBox : Bugzilla_password Value : Pass2
2015-08-02 11:06:08 INFO  [ButtonHelper] - [clickButton]  Clicked on Button : log_in
2015-08-02 11:06:21 INFO  [ButtonHelper] - [clickLogout]  Clicked on Logout Button 
2015-08-02 11:06:21 INFO  [CustomeReportListener] - [onTestSuccess] testCase Success 
2015-08-02 11:06:21 INFO  [CustomeReportListener] - [onTestStart] testCase Started 
2015-08-02 11:06:23 INFO  [LinkHelper] - [clickLink]  clickLink : File a Bug
2015-08-02 11:06:24 INFO  [TextBoxHelper] - [typeInTextBox]  typeInTextBox : Bugzilla_login Value : User3
2015-08-02 11:06:24 INFO  [TextBoxHelper] - [typeInTextBox]  typeInTextBox : Bugzilla_password Value : Pass3
2015-08-02 11:06:26 INFO  [ButtonHelper] - [clickButton]  Clicked on Button : log_in
2015-08-02 11:06:40 INFO  [ButtonHelper] - [clickLogout]  Clicked on Logout Button 
2015-08-02 11:06:40 INFO  [CustomeReportListener] - [onTestSuccess] testCase Success 
2015-08-02 11:06:40 INFO  [CustomeReportListener] - [onTestStart] testCase Started 
2015-08-02 11:06:42 INFO  [LinkHelper] - [clickLink]  clickLink : File a Bug
2015-08-02 11:06:42 INFO  [TextBoxHelper] - [typeInTextBox]  typeInTextBox : Bugzilla_login Value : rahul@bugzila.com
2015-08-02 11:06:42 INFO  [TextBoxHelper] - [typeInTextBox]  typeInTextBox : Bugzilla_password Value : rathore
2015-08-02 11:06:45 INFO  [ButtonHelper] - [clickButton]  Clicked on Button : log_in
2015-08-02 11:07:13 INFO  [ButtonHelper] - [clickLogout]  Clicked on Logout Button 
2015-08-02 11:07:13 INFO  [CustomeReportListener] - [onTestSuccess] testCase Success 
2015-08-02 11:07:13 INFO  [CustomeReportListener] - [onTestStart] testCheckElement Started 
2015-08-02 11:07:15 INFO  [WindowHelper] - [navigateToPage]  navigateToPage : http://localhost:5001/
2015-08-02 11:07:24 INFO  [CustomeReportListener] - [onTestSuccess] testCheckElement Success 
2015-08-02 11:07:24 INFO  [CustomeReportListener] - [onTestStart] testConditions Started 
2015-08-02 11:07:26 INFO  [WindowHelper] - [navigateToPage]  navigateToPage : http://localhost:5001/
2015-08-02 11:07:29 INFO  [LinkHelper] - [clickLink]  clickLink : File a Bug
2015-08-02 11:07:29 INFO  [CustomeReportListener] - [onTestSuccess] testConditions Success 
2015-08-02 11:07:29 INFO  [CustomeReportListener] - [onTestStart] testCaseFrame Started 
2015-08-02 11:07:31 INFO  [WindowHelper] - [navigateToPage]  navigateToPage : http://localhost:5001/
2015-08-02 11:07:31 INFO  [GenericHelper] - [takeScreenShot]  ScreenShot File : testcase.TestFrameWork.testCaseFrame.jpg
2015-08-02 11:07:42 INFO  [ButtonHelper] - [clickLogout]  Clicked on Logout Button 
2015-08-02 11:07:42 ERROR [CustomeReportListener] - [onTestFailure]  Test Failed : 
java.lang.AssertionError: expected [Welcome to Bugzilla] but found [Bugzilla Main Page]
	at org.testng.Assert.fail(Assert.java:94)
	at org.testng.Assert.failNotEquals(Assert.java:494)
	at org.testng.Assert.assertEquals(Assert.java:123)
	at org.testng.Assert.assertEquals(Assert.java:176)
	at org.testng.Assert.assertEquals(Assert.java:186)
	at testcase.TestFrameWork.testCaseFrame(TestFrameWork.java:23)
	at sun.reflect.NativeMethodAccessorImpl.invoke0(Native Method)
	at sun.reflect.NativeMethodAccessorImpl.invoke(NativeMethodAccessorImpl.java:57)
	at sun.reflect.DelegatingMethodAccessorImpl.invoke(DelegatingMethodAccessorImpl.java:43)
	at java.lang.reflect.Method.invoke(Method.java:601)
	at org.testng.internal.MethodInvocationHelper.invokeMethod(MethodInvocationHelper.java:84)
	at org.testng.internal.Invoker.invokeMethod(Invoker.java:714)
	at org.testng.internal.Invoker.invokeTestMethod(Invoker.java:901)
	at org.testng.internal.Invoker.invokeTestMethods(Invoker.java:1231)
	at org.testng.internal.TestMethodWorker.invokeTestMethods(TestMethodWorker.java:127)
	at org.testng.internal.TestMethodWorker.run(TestMethodWorker.java:111)
	at org.testng.TestRunner.privateRun(TestRunner.java:767)
	at org.testng.TestRunner.run(TestRunner.java:617)
	at org.testng.SuiteRunner.runTest(SuiteRunner.java:334)
	at org.testng.SuiteRunner.runSequentially(SuiteRunner.java:329)
	at org.testng.SuiteRunner.privateRun(SuiteRunner.java:291)
	at org.testng.SuiteRunner.run(SuiteRunner.java:240)
	at org.testng.SuiteRunnerWorker.runSuite(SuiteRunnerWorker.java:52)
	at org.testng.SuiteRunnerWorker.run(SuiteRunnerWorker.java:86)
	at org.testng.TestNG.runSuitesSequentially(TestNG.java:1224)
	at org.testng.TestNG.runSuitesLocally(TestNG.java:1149)
	at org.testng.TestNG.run(TestNG.java:1057)
	at org.testng.remote.RemoteTestNG.run(RemoteTestNG.java:111)
	at org.testng.remote.RemoteTestNG.initAndRun(RemoteTestNG.java:204)
	at org.testng.remote.RemoteTestNG.main(RemoteTestNG.java:175)
2015-08-02 11:07:42 INFO  [CustomeReportListener] - [onTestStart] testKey Started 
2015-08-02 11:07:44 INFO  [WindowHelper] - [navigateToPage]  navigateToPage : http://localhost:5001/
2015-08-02 11:07:46 INFO  [CustomeReportListener] - [onTestSuccess] testKey Success 
2015-08-02 11:07:46 INFO  [CustomeReportListener] - [onTestStart] testAction Started 
2015-08-02 11:07:48 INFO  [WindowHelper] - [navigateToPage]  navigateToPage : http://localhost:5001/
2015-08-02 11:07:58 INFO  [ButtonHelper] - [clickLogout]  Clicked on Logout Button 
2015-08-02 11:07:59 INFO  [GenericHelper] - [takeScreenShot]  ScreenShot File : testcase.TestMouseAction.testAction.jpg
2015-08-02 11:08:10 INFO  [ButtonHelper] - [clickLogout]  Clicked on Logout Button 
2015-08-02 11:08:10 ERROR [CustomeReportListener] - [onTestFailure]  Test Failed : 
org.openqa.selenium.WebDriverException: document.getElementById(...) is null
Command duration or timeout: 67 milliseconds
Build info: version: '2.45.0', revision: '5017cb8', time: '2015-02-26 23:59:50'
System info: host: 'Rahul-PC', ip: '192.168.178.1', os.name: 'Windows 8', os.arch: 'x86', os.version: '6.2', java.version: '1.7.0_17'
Session ID: df024345-fa36-4682-a159-898c2ad930ec
Driver info: org.openqa.selenium.firefox.FirefoxDriver
Capabilities [{platform=WINDOWS, acceptSslCerts=true, javascriptEnabled=true, cssSelectorsEnabled=true, databaseEnabled=true, browserName=firefox, handlesAlerts=true, nativeEvents=false, webStorageEnabled=true, rotatable=false, locationContextEnabled=true, applicationCacheEnabled=true, takesScreenshot=true, version=39.0}]
	at sun.reflect.NativeConstructorAccessorImpl.newInstance0(Native Method)
	at sun.reflect.NativeConstructorAccessorImpl.newInstance(NativeConstructorAccessorImpl.java:57)
	at sun.reflect.DelegatingConstructorAccessorImpl.newInstance(DelegatingConstructorAccessorImpl.java:45)
	at java.lang.reflect.Constructor.newInstance(Constructor.java:525)
	at org.openqa.selenium.remote.ErrorHandler.createThrowable(ErrorHandler.java:204)
	at org.openqa.selenium.remote.ErrorHandler.throwIfResponseFailed(ErrorHandler.java:156)
	at org.openqa.selenium.remote.RemoteWebDriver.execute(RemoteWebDriver.java:599)
	at org.openqa.selenium.remote.RemoteWebDriver.executeScript(RemoteWebDriver.java:508)
	at testcase.TestMouseAction.testAction(TestMouseAction.java:52)
	at sun.reflect.NativeMethodAccessorImpl.invoke0(Native Method)
	at sun.reflect.NativeMethodAccessorImpl.invoke(NativeMethodAccessorImpl.java:57)
	at sun.reflect.DelegatingMethodAccessorImpl.invoke(DelegatingMethodAccessorImpl.java:43)
	at java.lang.reflect.Method.invoke(Method.java:601)
	at org.testng.internal.MethodInvocationHelper.invokeMethod(MethodInvocationHelper.java:84)
	at org.testng.internal.Invoker.invokeMethod(Invoker.java:714)
	at org.testng.internal.Invoker.invokeTestMethod(Invoker.java:901)
	at org.testng.internal.Invoker.invokeTestMethods(Invoker.java:1231)
	at org.testng.internal.TestMethodWorker.invokeTestMethods(TestMethodWorker.java:127)
	at org.testng.internal.TestMethodWorker.run(TestMethodWorker.java:111)
	at org.testng.TestRunner.privateRun(TestRunner.java:767)
	at org.testng.TestRunner.run(TestRunner.java:617)
	at org.testng.SuiteRunner.runTest(SuiteRunner.java:334)
	at org.testng.SuiteRunner.runSequentially(SuiteRunner.java:329)
	at org.testng.SuiteRunner.privateRun(SuiteRunner.java:291)
	at org.testng.SuiteRunner.run(SuiteRunner.java:240)
	at org.testng.SuiteRunnerWorker.runSuite(SuiteRunnerWorker.java:52)
	at org.testng.SuiteRunnerWorker.run(SuiteRunnerWorker.java:86)
	at org.testng.TestNG.runSuitesSequentially(TestNG.java:1224)
	at org.testng.TestNG.runSuitesLocally(TestNG.java:1149)
	at org.testng.TestNG.run(TestNG.java:1057)
	at org.testng.remote.RemoteTestNG.run(RemoteTestNG.java:111)
	at org.testng.remote.RemoteTestNG.initAndRun(RemoteTestNG.java:204)
	at org.testng.remote.RemoteTestNG.main(RemoteTestNG.java:175)
Caused by: org.openqa.selenium.WebDriverException: document.getElementById(...) is null
Build info: version: '2.45.0', revision: '5017cb8', time: '2015-02-26 23:59:50'
System info: host: 'Rahul-PC', ip: '192.168.178.1', os.name: 'Windows 8', os.arch: 'x86', os.version: '6.2', java.version: '1.7.0_17'
Driver info: driver.version: unknown
	at <anonymous class>.anonymous(http://localhost:5001/ line 69 > Function:1)
	at <anonymous class>.handleEvaluateEvent(http://localhost:5001/:69)
2015-08-02 11:08:10 INFO  [CustomeReportListener] - [onTestStart] testNavigate Started 
2015-08-02 11:08:12 INFO  [WindowHelper] - [navigateToPage]  navigateToPage : http://localhost:5001/
2015-08-02 11:08:14 INFO  [LinkHelper] - [clickLink]  clickLink : File a Bug
2015-08-02 11:08:14 INFO  [WindowHelper] - [windowMaximize]  windowMaximize  
2015-08-02 11:08:14 INFO  [WindowHelper] - [back]  back 
2015-08-02 11:08:15 INFO  [WindowHelper] - [forward]  forward 
2015-08-02 11:08:17 INFO  [WindowHelper] - [refresh]  refresh 
2015-08-02 11:08:47 INFO  [GenericHelper] - [takeScreenShot]  ScreenShot File : testcase.TestNavigation.testNavigate.jpg
2015-08-02 11:09:00 INFO  [ButtonHelper] - [clickLogout]  Clicked on Logout Button 
2015-08-02 11:09:00 ERROR [CustomeReportListener] - [onTestFailure]  Test Failed : 
org.openqa.selenium.TimeoutException: Timed out waiting for page load.
Command duration or timeout: 30.11 seconds
Build info: version: '2.45.0', revision: '5017cb8', time: '2015-02-26 23:59:50'
System info: host: 'Rahul-PC', ip: '192.168.178.1', os.name: 'Windows 8', os.arch: 'x86', os.version: '6.2', java.version: '1.7.0_17'
Session ID: df024345-fa36-4682-a159-898c2ad930ec
Driver info: org.openqa.selenium.firefox.FirefoxDriver
Capabilities [{platform=WINDOWS, acceptSslCerts=true, javascriptEnabled=true, cssSelectorsEnabled=true, databaseEnabled=true, browserName=firefox, handlesAlerts=true, nativeEvents=false, webStorageEnabled=true, rotatable=false, locationContextEnabled=true, applicationCacheEnabled=true, takesScreenshot=true, version=39.0}]
	at sun.reflect.NativeConstructorAccessorImpl.newInstance0(Native Method)
	at sun.reflect.NativeConstructorAccessorImpl.newInstance(NativeConstructorAccessorImpl.java:57)
	at sun.reflect.DelegatingConstructorAccessorImpl.newInstance(DelegatingConstructorAccessorImpl.java:45)
	at java.lang.reflect.Constructor.newInstance(Constructor.java:525)
	at org.openqa.selenium.remote.ErrorHandler.createThrowable(ErrorHandler.java:204)
	at org.openqa.selenium.remote.ErrorHandler.throwIfResponseFailed(ErrorHandler.java:156)
	at org.openqa.selenium.remote.RemoteWebDriver.execute(RemoteWebDriver.java:599)
	at org.openqa.selenium.remote.RemoteWebDriver.get(RemoteWebDriver.java:304)
	at org.openqa.selenium.remote.RemoteWebDriver$RemoteNavigation.to(RemoteWebDriver.java:854)
	at helper.WindowHelper.navigateToPage(WindowHelper.java:67)
	at testcase.TestNavigation.testNavigate(TestNavigation.java:26)
	at sun.reflect.NativeMethodAccessorImpl.invoke0(Native Method)
	at sun.reflect.NativeMethodAccessorImpl.invoke(NativeMethodAccessorImpl.java:57)
	at sun.reflect.DelegatingMethodAccessorImpl.invoke(DelegatingMethodAccessorImpl.java:43)
	at java.lang.reflect.Method.invoke(Method.java:601)
	at org.testng.internal.MethodInvocationHelper.invokeMethod(MethodInvocationHelper.java:84)
	at org.testng.internal.Invoker.invokeMethod(Invoker.java:714)
	at org.testng.internal.Invoker.invokeTestMethod(Invoker.java:901)
	at org.testng.internal.Invoker.invokeTestMethods(Invoker.java:1231)
	at org.testng.internal.TestMethodWorker.invokeTestMethods(TestMethodWorker.java:127)
	at org.testng.internal.TestMethodWorker.run(TestMethodWorker.java:111)
	at org.testng.TestRunner.privateRun(TestRunner.java:767)
	at org.testng.TestRunner.run(TestRunner.java:617)
	at org.testng.SuiteRunner.runTest(SuiteRunner.java:334)
	at org.testng.SuiteRunner.runSequentially(SuiteRunner.java:329)
	at org.testng.SuiteRunner.privateRun(SuiteRunner.java:291)
	at org.testng.SuiteRunner.run(SuiteRunner.java:240)
	at org.testng.SuiteRunnerWorker.runSuite(SuiteRunnerWorker.java:52)
	at org.testng.SuiteRunnerWorker.run(SuiteRunnerWorker.java:86)
	at org.testng.TestNG.runSuitesSequentially(TestNG.java:1224)
	at org.testng.TestNG.runSuitesLocally(TestNG.java:1149)
	at org.testng.TestNG.run(TestNG.java:1057)
	at org.testng.remote.RemoteTestNG.run(RemoteTestNG.java:111)
	at org.testng.remote.RemoteTestNG.initAndRun(RemoteTestNG.java:204)
	at org.testng.remote.RemoteTestNG.main(RemoteTestNG.java:175)
Caused by: org.openqa.selenium.TimeoutException: Timed out waiting for page load.
Build info: version: '2.45.0', revision: '5017cb8', time: '2015-02-26 23:59:50'
System info: host: 'Rahul-PC', ip: '192.168.178.1', os.name: 'Windows 8', os.arch: 'x86', os.version: '6.2', java.version: '1.7.0_17'
Driver info: driver.version: unknown
	at <anonymous class>.Utils.initWebLoadingListener/<(file:///C:/Users/RAHUL~1.RAT/AppData/Local/Temp/anonymous1508010067940098328webdriver-profile/extensions/fxdriver@googlecode.com/components/driver-component.js:8598)
	at <anonymous class>.WebLoadingListener/e(file:///C:/Users/RAHUL~1.RAT/AppData/Local/Temp/anonymous1508010067940098328webdriver-profile/extensions/fxdriver@googlecode.com/components/driver-component.js:4712)
	at <anonymous class>.WebLoadingListener/<(file:///C:/Users/RAHUL~1.RAT/AppData/Local/Temp/anonymous1508010067940098328webdriver-profile/extensions/fxdriver@googlecode.com/components/driver-component.js:4720)
	at <anonymous class>.fxdriver.Timer.prototype.setTimeout/<.notify(file:///C:/Users/RAHUL~1.RAT/AppData/Local/Temp/anonymous1508010067940098328webdriver-profile/extensions/fxdriver@googlecode.com/components/driver-component.js:603)
2015-08-02 11:09:00 INFO  [CustomeReportListener] - [onTestStart] testLogin Started 
2015-08-02 11:09:00 INFO  [WindowHelper] - [navigateToPage]  navigateToPage : http://localhost:5001/
2015-08-02 11:09:10 INFO  [CustomeReportListener] - [onTestSuccess] testLogin Success 
2015-08-02 11:09:10 INFO  [CustomeReportListener] - [onTestStart] testPreferences Started 
2015-08-02 11:09:12 INFO  [WindowHelper] - [navigateToPage]  navigateToPage : http://localhost:5001/
2015-08-02 11:09:25 INFO  [ButtonHelper] - [clickButton]  Clicked on Button : //div[@id='header']/ul[1]/li[8]/a
2015-08-02 11:09:27 INFO  [CustomeReportListener] - [onTestSuccess] testPreferences Success 
2015-08-02 11:09:27 INFO  [CustomeReportListener] - [onTestStart] testAdministration Started 
2015-08-02 11:09:29 INFO  [WindowHelper] - [navigateToPage]  navigateToPage : http://localhost:5001/
2015-08-02 11:09:41 INFO  [ButtonHelper] - [clickButton]  Clicked on Button : //div[@id='header']/ul[1]/li[9]/a
2015-08-02 11:09:44 INFO  [CustomeReportListener] - [onTestSuccess] testAdministration Success 
2015-08-02 11:09:44 INFO  [CustomeReportListener] - [onTestStart] testRadioButton Started 
2015-08-02 11:09:46 INFO  [WindowHelper] - [navigateToPage]  navigateToPage : http://localhost:5001/
2015-08-02 11:09:46 INFO  [LinkHelper] - [clickLink]  clickLink : File a Bug
2015-08-02 11:09:49 INFO  [TextBoxHelper] - [typeInTextBox]  typeInTextBox : Bugzilla_login Value : rahul@bugzila.com
2015-08-02 11:09:49 INFO  [TextBoxHelper] - [typeInTextBox]  typeInTextBox : Bugzilla_password Value : rathore
2015-08-02 11:09:49 INFO  [CheckBoxHelper] - [clickCheckBox]  Clicked on Checkbox : Bugzilla_restrictlogin
2015-08-02 11:09:52 INFO  [ButtonHelper] - [clickButton]  Clicked on Button : log_in
2015-08-02 11:09:58 INFO  [ButtonHelper] - [clickButton]  Clicked on Button : div#header ul.links li:nth-of-type(9)>a
2015-08-02 11:10:03 INFO  [LinkHelper] - [clickLink]  clickLink : Parameters
2015-08-02 11:10:03 INFO  [CheckBoxHelper] - [clickCheckBox]  Clicked on Checkbox : ssl_redirect-on
2015-08-02 11:10:03 INFO  [CheckBoxHelper] - [isChecked]  isChecked : ssl_redirect-off
2015-08-02 11:10:15 INFO  [ButtonHelper] - [clickLogout]  Clicked on Logout Button 
2015-08-02 11:10:15 INFO  [CustomeReportListener] - [onTestSuccess] testRadioButton Success 
2015-08-02 11:10:15 INFO  [CustomeReportListener] - [onTestStart] testDropDown Started 
2015-08-02 11:10:17 INFO  [WindowHelper] - [navigateToPage]  navigateToPage : http://localhost:5001/
2015-08-02 11:10:17 INFO  [LinkHelper] - [clickLink]  clickLink : File a Bug
2015-08-02 11:10:20 INFO  [TextBoxHelper] - [typeInTextBox]  typeInTextBox : Bugzilla_login Value : rahul@bugzila.com
2015-08-02 11:10:20 INFO  [TextBoxHelper] - [typeInTextBox]  typeInTextBox : Bugzilla_password Value : rathore
2015-08-02 11:10:20 INFO  [CheckBoxHelper] - [clickCheckBox]  Clicked on Checkbox : Bugzilla_restrictlogin
2015-08-02 11:10:23 INFO  [ButtonHelper] - [clickButton]  Clicked on Button : log_in
2015-08-02 11:10:26 INFO  [LinkHelper] - [clickLink]  clickLink : Testng
2015-08-02 11:10:27 INFO  [ComboBoxHelper] - [select]  Select By Index : bug_severity : Index Value : 1
2015-08-02 11:10:27 INFO  [ComboBoxHelper] - [select]  Select By Value : bug_severity : Value : trivial
2015-08-02 11:10:28 INFO  [ComboBoxHelper] - [select]  Select By Value : rep_platform : Value : Macintosh
2015-08-02 11:10:28 INFO  [GenericHelper] - [takeScreenShot]  ScreenShot File : testcase.TestSelect.jpg
2015-08-02 11:10:29 INFO  [GenericHelper] - [takeScreenShot]  ScreenShot File : testcase.TestSelect.testDropDown.jpg
2015-08-02 11:10:40 INFO  [ButtonHelper] - [clickLogout]  Clicked on Logout Button 
2015-08-02 11:10:40 ERROR [CustomeReportListener] - [onTestFailure]  Test Failed : 
java.lang.AssertionError: java.io.FileNotFoundException
	at org.testng.Assert.fail(Assert.java:94)
	at testcase.TestSelect.testDropDown(TestSelect.java:52)
	at sun.reflect.NativeMethodAccessorImpl.invoke0(Native Method)
	at sun.reflect.NativeMethodAccessorImpl.invoke(NativeMethodAccessorImpl.java:57)
	at sun.reflect.DelegatingMethodAccessorImpl.invoke(DelegatingMethodAccessorImpl.java:43)
	at java.lang.reflect.Method.invoke(Method.java:601)
	at org.testng.internal.MethodInvocationHelper.invokeMethod(MethodInvocationHelper.java:84)
	at org.testng.internal.Invoker.invokeMethod(Invoker.java:714)
	at org.testng.internal.Invoker.invokeTestMethod(Invoker.java:901)
	at org.testng.internal.Invoker.invokeTestMethods(Invoker.java:1231)
	at org.testng.internal.TestMethodWorker.invokeTestMethods(TestMethodWorker.java:127)
	at org.testng.internal.TestMethodWorker.run(TestMethodWorker.java:111)
	at org.testng.TestRunner.privateRun(TestRunner.java:767)
	at org.testng.TestRunner.run(TestRunner.java:617)
	at org.testng.SuiteRunner.runTest(SuiteRunner.java:334)
	at org.testng.SuiteRunner.runSequentially(SuiteRunner.java:329)
	at org.testng.SuiteRunner.privateRun(SuiteRunner.java:291)
	at org.testng.SuiteRunner.run(SuiteRunner.java:240)
	at org.testng.SuiteRunnerWorker.runSuite(SuiteRunnerWorker.java:52)
	at org.testng.SuiteRunnerWorker.run(SuiteRunnerWorker.java:86)
	at org.testng.TestNG.runSuitesSequentially(TestNG.java:1224)
	at org.testng.TestNG.runSuitesLocally(TestNG.java:1149)
	at org.testng.TestNG.run(TestNG.java:1057)
	at org.testng.remote.RemoteTestNG.run(RemoteTestNG.java:111)
	at org.testng.remote.RemoteTestNG.initAndRun(RemoteTestNG.java:204)
	at org.testng.remote.RemoteTestNG.main(RemoteTestNG.java:175)
2015-08-02 11:10:40 INFO  [CustomeReportListener] - [onTestStart] testCaseScript Started 
2015-08-02 11:10:42 INFO  [WindowHelper] - [navigateToPage]  navigateToPage : http://localhost:5001/
2015-08-02 11:10:45 INFO  [LinkHelper] - [clickLink]  clickLink : File a Bug
2015-08-02 11:10:48 INFO  [GenericHelper] - [takeScreenShot]  ScreenShot File : Screen.jpg
2015-08-02 11:10:59 INFO  [ButtonHelper] - [clickLogout]  Clicked on Logout Button 
2015-08-02 11:10:59 INFO  [CustomeReportListener] - [onTestSuccess] testCaseScript Success 
2015-08-02 11:10:59 INFO  [CustomeReportListener] - [onTestStart] testFindElemet Started 
2015-08-02 11:11:01 INFO  [WindowHelper] - [navigateToPage]  navigateToPage : http://localhost:5001/
2015-08-02 11:11:02 INFO  [LinkHelper] - [clickLink]  clickLink : File a Bug
2015-08-02 11:11:04 INFO  [CheckBoxHelper] - [isChecked]  isChecked : Bugzilla_restrictlogin
2015-08-02 11:11:04 INFO  [CheckBoxHelper] - [clickCheckBox]  Clicked on Checkbox : Bugzilla_restrictlogin
2015-08-02 11:11:04 INFO  [CheckBoxHelper] - [isChecked]  isChecked : Bugzilla_restrictlogin
2015-08-02 11:11:07 INFO  [ButtonHelper] - [clickButton]  Clicked on Button : log_in
2015-08-02 11:11:07 INFO  [CustomeReportListener] - [onTestSuccess] testFindElemet Success 
2015-08-02 11:11:12 INFO  [CustomeReportListener] - [onTestStart] testCase Started 
2015-08-02 11:11:24 INFO  [GenericHelper] - [takeScreenShot]  ScreenShot File : testcase.TestNg.testCase.jpg
2015-08-02 11:11:36 INFO  [ButtonHelper] - [clickLogout]  Clicked on Logout Button 
2015-08-02 11:11:36 ERROR [CustomeReportListener] - [onTestFailure]  Test Failed : 
java.lang.AssertionError: expected [Google1] but found [null]
	at org.testng.Assert.fail(Assert.java:94)
	at org.testng.Assert.failNotEquals(Assert.java:494)
	at org.testng.Assert.assertEquals(Assert.java:123)
	at org.testng.Assert.assertEquals(Assert.java:176)
	at org.testng.Assert.assertEquals(Assert.java:186)
	at testcase.TestNg.testCase(TestNg.java:51)
	at sun.reflect.NativeMethodAccessorImpl.invoke0(Native Method)
	at sun.reflect.NativeMethodAccessorImpl.invoke(NativeMethodAccessorImpl.java:57)
	at sun.reflect.DelegatingMethodAccessorImpl.invoke(DelegatingMethodAccessorImpl.java:43)
	at java.lang.reflect.Method.invoke(Method.java:601)
	at org.testng.internal.MethodInvocationHelper.invokeMethod(MethodInvocationHelper.java:84)
	at org.testng.internal.Invoker.invokeMethod(Invoker.java:714)
	at org.testng.internal.Invoker.invokeTestMethod(Invoker.java:901)
	at org.testng.internal.Invoker.invokeTestMethods(Invoker.java:1231)
	at org.testng.internal.TestMethodWorker.invokeTestMethods(TestMethodWorker.java:127)
	at org.testng.internal.TestMethodWorker.run(TestMethodWorker.java:111)
	at org.testng.TestRunner.privateRun(TestRunner.java:767)
	at org.testng.TestRunner.run(TestRunner.java:617)
	at org.testng.SuiteRunner.runTest(SuiteRunner.java:334)
	at org.testng.SuiteRunner.runSequentially(SuiteRunner.java:329)
	at org.testng.SuiteRunner.privateRun(SuiteRunner.java:291)
	at org.testng.SuiteRunner.run(SuiteRunner.java:240)
	at org.testng.SuiteRunnerWorker.runSuite(SuiteRunnerWorker.java:52)
	at org.testng.SuiteRunnerWorker.run(SuiteRunnerWorker.java:86)
	at org.testng.TestNG.runSuitesSequentially(TestNG.java:1224)
	at org.testng.TestNG.runSuitesLocally(TestNG.java:1149)
	at org.testng.TestNG.run(TestNG.java:1057)
	at org.testng.remote.RemoteTestNG.run(RemoteTestNG.java:111)
	at org.testng.remote.RemoteTestNG.initAndRun(RemoteTestNG.java:204)
	at org.testng.remote.RemoteTestNG.main(RemoteTestNG.java:175)
2015-08-02 11:11:36 INFO  [CustomeReportListener] - [onTestStart] testCaseOne Started 
2015-08-02 11:12:04 INFO  [CustomeReportListener] - [onTestSuccess] testCaseOne Success 
2015-08-02 11:12:05 INFO  [ConnectionPoolListener] - [onFinish] Bugzila Suite Finished 
2015-08-02 11:12:05 INFO  [ConnectionPoolListener] - [onStart] Java Script Suite Started 
2015-08-02 11:12:54 INFO  [StartWebDriver] - [getFireFoxDriver]  Using Firefox Driver 
2015-08-02 11:13:04 INFO  [WindowHelper] - [windowMaximize]  windowMaximize  
2015-08-02 11:13:04 INFO  [CustomeReportListener] - [onTestStart] testCasealert Started 
2015-08-02 11:13:15 INFO  [WindowHelper] - [navigateToPage]  navigateToPage : http://www.w3schools.com/js/js_popup.asp
2015-08-02 11:13:21 ERROR [StartWebDriver] - [getElement]  No Such Element : //div[@id='main']/div[6]/a
2015-08-02 11:13:22 INFO  [GenericHelper] - [takeScreenShot]  ScreenShot File : testcase.TestAlert.testCasealert.jpg
2015-08-02 11:13:35 INFO  [ButtonHelper] - [clickLogout]  Clicked on Logout Button 
2015-08-02 11:13:35 ERROR [CustomeReportListener] - [onTestFailure]  Test Failed : 
org.openqa.selenium.NoSuchElementException: No Such Element : //div[@id='main']/div[6]/a
For documentation on this error, please visit: http://seleniumhq.org/exceptions/no_such_element.html
Build info: version: '2.45.0', revision: '5017cb8', time: '2015-02-26 23:59:50'
System info: host: 'Rahul-PC', ip: '192.168.178.1', os.name: 'Windows 8', os.arch: 'x86', os.version: '6.2', java.version: '1.7.0_17'
Driver info: driver.version: StartWebDriver
	at helper.StartWebDriver.getElement(StartWebDriver.java:137)
	at helper.ButtonHelper.clickButton(ButtonHelper.java:17)
	at testcase.TestAlert.testCasealert(TestAlert.java:20)
	at sun.reflect.NativeMethodAccessorImpl.invoke0(Native Method)
	at sun.reflect.NativeMethodAccessorImpl.invoke(NativeMethodAccessorImpl.java:57)
	at sun.reflect.DelegatingMethodAccessorImpl.invoke(DelegatingMethodAccessorImpl.java:43)
	at java.lang.reflect.Method.invoke(Method.java:601)
	at org.testng.internal.MethodInvocationHelper.invokeMethod(MethodInvocationHelper.java:84)
	at org.testng.internal.Invoker.invokeMethod(Invoker.java:714)
	at org.testng.internal.Invoker.invokeTestMethod(Invoker.java:901)
	at org.testng.internal.Invoker.invokeTestMethods(Invoker.java:1231)
	at org.testng.internal.TestMethodWorker.invokeTestMethods(TestMethodWorker.java:127)
	at org.testng.internal.TestMethodWorker.run(TestMethodWorker.java:111)
	at org.testng.TestRunner.privateRun(TestRunner.java:767)
	at org.testng.TestRunner.run(TestRunner.java:617)
	at org.testng.SuiteRunner.runTest(SuiteRunner.java:334)
	at org.testng.SuiteRunner.runSequentially(SuiteRunner.java:329)
	at org.testng.SuiteRunner.privateRun(SuiteRunner.java:291)
	at org.testng.SuiteRunner.run(SuiteRunner.java:240)
	at org.testng.SuiteRunnerWorker.runSuite(SuiteRunnerWorker.java:52)
	at org.testng.SuiteRunnerWorker.run(SuiteRunnerWorker.java:86)
	at org.testng.TestNG.runSuitesSequentially(TestNG.java:1224)
	at org.testng.TestNG.runSuitesLocally(TestNG.java:1149)
	at org.testng.TestNG.run(TestNG.java:1057)
	at org.testng.remote.RemoteTestNG.run(RemoteTestNG.java:111)
	at org.testng.remote.RemoteTestNG.initAndRun(RemoteTestNG.java:204)
	at org.testng.remote.RemoteTestNG.main(RemoteTestNG.java:175)
2015-08-02 11:13:35 INFO  [CustomeReportListener] - [onTestStart] testCasePrompt Started 
2015-08-02 11:13:46 INFO  [WindowHelper] - [navigateToPage]  navigateToPage : http://www.w3schools.com/js/js_popup.asp
2015-08-02 11:13:52 ERROR [StartWebDriver] - [getElement]  No Such Element : //div[@id='main']/div[8]/a
2015-08-02 11:13:53 INFO  [GenericHelper] - [takeScreenShot]  ScreenShot File : testcase.TestPrompt.testCasePrompt.jpg
2015-08-02 11:14:06 INFO  [ButtonHelper] - [clickLogout]  Clicked on Logout Button 
2015-08-02 11:14:06 ERROR [CustomeReportListener] - [onTestFailure]  Test Failed : 
org.openqa.selenium.NoSuchElementException: No Such Element : //div[@id='main']/div[8]/a
For documentation on this error, please visit: http://seleniumhq.org/exceptions/no_such_element.html
Build info: version: '2.45.0', revision: '5017cb8', time: '2015-02-26 23:59:50'
System info: host: 'Rahul-PC', ip: '192.168.178.1', os.name: 'Windows 8', os.arch: 'x86', os.version: '6.2', java.version: '1.7.0_17'
Driver info: driver.version: StartWebDriver
	at helper.StartWebDriver.getElement(StartWebDriver.java:137)
	at helper.ButtonHelper.clickButton(ButtonHelper.java:17)
	at testcase.TestPrompt.testCasePrompt(TestPrompt.java:23)
	at sun.reflect.NativeMethodAccessorImpl.invoke0(Native Method)
	at sun.reflect.NativeMethodAccessorImpl.invoke(NativeMethodAccessorImpl.java:57)
	at sun.reflect.DelegatingMethodAccessorImpl.invoke(DelegatingMethodAccessorImpl.java:43)
	at java.lang.reflect.Method.invoke(Method.java:601)
	at org.testng.internal.MethodInvocationHelper.invokeMethod(MethodInvocationHelper.java:84)
	at org.testng.internal.Invoker.invokeMethod(Invoker.java:714)
	at org.testng.internal.Invoker.invokeTestMethod(Invoker.java:901)
	at org.testng.internal.Invoker.invokeTestMethods(Invoker.java:1231)
	at org.testng.internal.TestMethodWorker.invokeTestMethods(TestMethodWorker.java:127)
	at org.testng.internal.TestMethodWorker.run(TestMethodWorker.java:111)
	at org.testng.TestRunner.privateRun(TestRunner.java:767)
	at org.testng.TestRunner.run(TestRunner.java:617)
	at org.testng.SuiteRunner.runTest(SuiteRunner.java:334)
	at org.testng.SuiteRunner.runSequentially(SuiteRunner.java:329)
	at org.testng.SuiteRunner.privateRun(SuiteRunner.java:291)
	at org.testng.SuiteRunner.run(SuiteRunner.java:240)
	at org.testng.SuiteRunnerWorker.runSuite(SuiteRunnerWorker.java:52)
	at org.testng.SuiteRunnerWorker.run(SuiteRunnerWorker.java:86)
	at org.testng.TestNG.runSuitesSequentially(TestNG.java:1224)
	at org.testng.TestNG.runSuitesLocally(TestNG.java:1149)
	at org.testng.TestNG.run(TestNG.java:1057)
	at org.testng.remote.RemoteTestNG.run(RemoteTestNG.java:111)
	at org.testng.remote.RemoteTestNG.initAndRun(RemoteTestNG.java:204)
	at org.testng.remote.RemoteTestNG.main(RemoteTestNG.java:175)
2015-08-02 11:14:06 INFO  [CustomeReportListener] - [onTestStart] testWait Started 
2015-08-02 11:14:06 INFO  [WindowHelper] - [navigateToPage]  navigateToPage : http://www.w3schools.com/ajax/tryit.asp?filename=tryajax_suggest
2015-08-02 11:14:08 INFO  [GenericHelper] - [takeScreenShot]  ScreenShot File : testcase.TestFluentWait.testWait.jpg
2015-08-02 11:14:21 INFO  [ButtonHelper] - [clickLogout]  Clicked on Logout Button 
2015-08-02 11:14:21 ERROR [CustomeReportListener] - [onTestFailure]  Test Failed : 
org.openqa.selenium.NoSuchElementException: Unable to locate element: {"method":"id","selector":"iframeResult"}
Command duration or timeout: 2.17 seconds
For documentation on this error, please visit: http://seleniumhq.org/exceptions/no_such_element.html
Build info: version: '2.45.0', revision: '5017cb8', time: '2015-02-26 23:59:50'
System info: host: 'Rahul-PC', ip: '192.168.178.1', os.name: 'Windows 8', os.arch: 'x86', os.version: '6.2', java.version: '1.7.0_17'
*** Element info: {Using=id, value=iframeResult}
Session ID: 918c958d-5d42-4953-9e83-426eb50462c5
Driver info: org.openqa.selenium.firefox.FirefoxDriver
Capabilities [{platform=WINDOWS, acceptSslCerts=true, javascriptEnabled=true, cssSelectorsEnabled=true, databaseEnabled=true, browserName=firefox, handlesAlerts=true, nativeEvents=false, webStorageEnabled=true, rotatable=false, locationContextEnabled=true, applicationCacheEnabled=true, takesScreenshot=true, version=39.0}]
	at sun.reflect.NativeConstructorAccessorImpl.newInstance0(Native Method)
	at sun.reflect.NativeConstructorAccessorImpl.newInstance(NativeConstructorAccessorImpl.java:57)
	at sun.reflect.DelegatingConstructorAccessorImpl.newInstance(DelegatingConstructorAccessorImpl.java:45)
	at java.lang.reflect.Constructor.newInstance(Constructor.java:525)
	at org.openqa.selenium.remote.ErrorHandler.createThrowable(ErrorHandler.java:204)
	at org.openqa.selenium.remote.ErrorHandler.throwIfResponseFailed(ErrorHandler.java:156)
	at org.openqa.selenium.remote.RemoteWebDriver.execute(RemoteWebDriver.java:599)
	at org.openqa.selenium.remote.RemoteWebDriver.findElement(RemoteWebDriver.java:352)
	at org.openqa.selenium.remote.RemoteWebDriver.findElementById(RemoteWebDriver.java:393)
	at org.openqa.selenium.By$ById.findElement(By.java:214)
	at org.openqa.selenium.remote.RemoteWebDriver.findElement(RemoteWebDriver.java:344)
	at testcase.TestFluentWait.testWait(TestFluentWait.java:63)
	at sun.reflect.NativeMethodAccessorImpl.invoke0(Native Method)
	at sun.reflect.NativeMethodAccessorImpl.invoke(NativeMethodAccessorImpl.java:57)
	at sun.reflect.DelegatingMethodAccessorImpl.invoke(DelegatingMethodAccessorImpl.java:43)
	at java.lang.reflect.Method.invoke(Method.java:601)
	at org.testng.internal.MethodInvocationHelper.invokeMethod(MethodInvocationHelper.java:84)
	at org.testng.internal.Invoker.invokeMethod(Invoker.java:714)
	at org.testng.internal.Invoker.invokeTestMethod(Invoker.java:901)
	at org.testng.internal.Invoker.invokeTestMethods(Invoker.java:1231)
	at org.testng.internal.TestMethodWorker.invokeTestMethods(TestMethodWorker.java:127)
	at org.testng.internal.TestMethodWorker.run(TestMethodWorker.java:111)
	at org.testng.TestRunner.privateRun(TestRunner.java:767)
	at org.testng.TestRunner.run(TestRunner.java:617)
	at org.testng.SuiteRunner.runTest(SuiteRunner.java:334)
	at org.testng.SuiteRunner.runSequentially(SuiteRunner.java:329)
	at org.testng.SuiteRunner.privateRun(SuiteRunner.java:291)
	at org.testng.SuiteRunner.run(SuiteRunner.java:240)
	at org.testng.SuiteRunnerWorker.runSuite(SuiteRunnerWorker.java:52)
	at org.testng.SuiteRunnerWorker.run(SuiteRunnerWorker.java:86)
	at org.testng.TestNG.runSuitesSequentially(TestNG.java:1224)
	at org.testng.TestNG.runSuitesLocally(TestNG.java:1149)
	at org.testng.TestNG.run(TestNG.java:1057)
	at org.testng.remote.RemoteTestNG.run(RemoteTestNG.java:111)
	at org.testng.remote.RemoteTestNG.initAndRun(RemoteTestNG.java:204)
	at org.testng.remote.RemoteTestNG.main(RemoteTestNG.java:175)
Caused by: org.openqa.selenium.NoSuchElementException: Unable to locate element: {"method":"id","selector":"iframeResult"}
For documentation on this error, please visit: http://seleniumhq.org/exceptions/no_such_element.html
Build info: version: '2.45.0', revision: '5017cb8', time: '2015-02-26 23:59:50'
System info: host: 'Rahul-PC', ip: '192.168.178.1', os.name: 'Windows 8', os.arch: 'x86', os.version: '6.2', java.version: '1.7.0_17'
Driver info: driver.version: unknown
	at <anonymous class>.FirefoxDriver.prototype.findElementInternal_(file:///C:/Users/RAHUL~1.RAT/AppData/Local/Temp/anonymous3372060217898444313webdriver-profile/extensions/fxdriver@googlecode.com/components/driver-component.js:10271)
	at <anonymous class>.fxdriver.Timer.prototype.setTimeout/<.notify(file:///C:/Users/RAHUL~1.RAT/AppData/Local/Temp/anonymous3372060217898444313webdriver-profile/extensions/fxdriver@googlecode.com/components/driver-component.js:603)
2015-08-02 11:14:21 INFO  [CustomeReportListener] - [onTestStart] testWin Started 
2015-08-02 11:14:21 INFO  [WindowHelper] - [navigateToPage]  navigateToPage : http://www.w3schools.com/js/js_popup.asp
2015-08-02 11:14:27 ERROR [StartWebDriver] - [getElement]  No Such Element : //div[@id='main']/div[6]/a
2015-08-02 11:14:28 INFO  [GenericHelper] - [takeScreenShot]  ScreenShot File : testcase.TestMultiWindow.testWin.jpg
2015-08-02 11:14:40 INFO  [ButtonHelper] - [clickLogout]  Clicked on Logout Button 
2015-08-02 11:14:40 ERROR [CustomeReportListener] - [onTestFailure]  Test Failed : 
org.openqa.selenium.NoSuchElementException: No Such Element : //div[@id='main']/div[6]/a
For documentation on this error, please visit: http://seleniumhq.org/exceptions/no_such_element.html
Build info: version: '2.45.0', revision: '5017cb8', time: '2015-02-26 23:59:50'
System info: host: 'Rahul-PC', ip: '192.168.178.1', os.name: 'Windows 8', os.arch: 'x86', os.version: '6.2', java.version: '1.7.0_17'
Driver info: driver.version: StartWebDriver
	at helper.StartWebDriver.getElement(StartWebDriver.java:137)
	at helper.ButtonHelper.clickButton(ButtonHelper.java:17)
	at testcase.TestMultiWindow.testWin(TestMultiWindow.java:22)
	at sun.reflect.NativeMethodAccessorImpl.invoke0(Native Method)
	at sun.reflect.NativeMethodAccessorImpl.invoke(NativeMethodAccessorImpl.java:57)
	at sun.reflect.DelegatingMethodAccessorImpl.invoke(DelegatingMethodAccessorImpl.java:43)
	at java.lang.reflect.Method.invoke(Method.java:601)
	at org.testng.internal.MethodInvocationHelper.invokeMethod(MethodInvocationHelper.java:84)
	at org.testng.internal.Invoker.invokeMethod(Invoker.java:714)
	at org.testng.internal.Invoker.invokeTestMethod(Invoker.java:901)
	at org.testng.internal.Invoker.invokeTestMethods(Invoker.java:1231)
	at org.testng.internal.TestMethodWorker.invokeTestMethods(TestMethodWorker.java:127)
	at org.testng.internal.TestMethodWorker.run(TestMethodWorker.java:111)
	at org.testng.TestRunner.privateRun(TestRunner.java:767)
	at org.testng.TestRunner.run(TestRunner.java:617)
	at org.testng.SuiteRunner.runTest(SuiteRunner.java:334)
	at org.testng.SuiteRunner.runSequentially(SuiteRunner.java:329)
	at org.testng.SuiteRunner.privateRun(SuiteRunner.java:291)
	at org.testng.SuiteRunner.run(SuiteRunner.java:240)
	at org.testng.SuiteRunnerWorker.runSuite(SuiteRunnerWorker.java:52)
	at org.testng.SuiteRunnerWorker.run(SuiteRunnerWorker.java:86)
	at org.testng.TestNG.runSuitesSequentially(TestNG.java:1224)
	at org.testng.TestNG.runSuitesLocally(TestNG.java:1149)
	at org.testng.TestNG.run(TestNG.java:1057)
	at org.testng.remote.RemoteTestNG.run(RemoteTestNG.java:111)
	at org.testng.remote.RemoteTestNG.initAndRun(RemoteTestNG.java:204)
	at org.testng.remote.RemoteTestNG.main(RemoteTestNG.java:175)
2015-08-02 11:14:40 INFO  [CustomeReportListener] - [onTestStart] testWait Started 
2015-08-02 11:14:41 INFO  [WindowHelper] - [navigateToPage]  navigateToPage : http://www.w3schools.com/js/tryit.asp?filename=tryjs_timing_clock
2015-08-02 11:14:43 INFO  [GenericHelper] - [takeScreenShot]  ScreenShot File : testcase.TestWebdriverWait.testWait.jpg
2015-08-02 11:14:56 INFO  [ButtonHelper] - [clickLogout]  Clicked on Logout Button 
2015-08-02 11:14:56 ERROR [CustomeReportListener] - [onTestFailure]  Test Failed : 
org.openqa.selenium.NoSuchElementException: Unable to locate element: {"method":"id","selector":"iframeResult"}
Command duration or timeout: 2.17 seconds
For documentation on this error, please visit: http://seleniumhq.org/exceptions/no_such_element.html
Build info: version: '2.45.0', revision: '5017cb8', time: '2015-02-26 23:59:50'
System info: host: 'Rahul-PC', ip: '192.168.178.1', os.name: 'Windows 8', os.arch: 'x86', os.version: '6.2', java.version: '1.7.0_17'
*** Element info: {Using=id, value=iframeResult}
Session ID: 918c958d-5d42-4953-9e83-426eb50462c5
Driver info: org.openqa.selenium.firefox.FirefoxDriver
Capabilities [{platform=WINDOWS, acceptSslCerts=true, javascriptEnabled=true, cssSelectorsEnabled=true, databaseEnabled=true, browserName=firefox, handlesAlerts=true, nativeEvents=false, webStorageEnabled=true, rotatable=false, locationContextEnabled=true, applicationCacheEnabled=true, takesScreenshot=true, version=39.0}]
	at sun.reflect.NativeConstructorAccessorImpl.newInstance0(Native Method)
	at sun.reflect.NativeConstructorAccessorImpl.newInstance(NativeConstructorAccessorImpl.java:57)
	at sun.reflect.DelegatingConstructorAccessorImpl.newInstance(DelegatingConstructorAccessorImpl.java:45)
	at java.lang.reflect.Constructor.newInstance(Constructor.java:525)
	at org.openqa.selenium.remote.ErrorHandler.createThrowable(ErrorHandler.java:204)
	at org.openqa.selenium.remote.ErrorHandler.throwIfResponseFailed(ErrorHandler.java:156)
	at org.openqa.selenium.remote.RemoteWebDriver.execute(RemoteWebDriver.java:599)
	at org.openqa.selenium.remote.RemoteWebDriver.findElement(RemoteWebDriver.java:352)
	at org.openqa.selenium.remote.RemoteWebDriver.findElementById(RemoteWebDriver.java:393)
	at org.openqa.selenium.By$ById.findElement(By.java:214)
	at org.openqa.selenium.remote.RemoteWebDriver.findElement(RemoteWebDriver.java:344)
	at testcase.TestWebdriverWait.testWait(TestWebdriverWait.java:27)
	at sun.reflect.NativeMethodAccessorImpl.invoke0(Native Method)
	at sun.reflect.NativeMethodAccessorImpl.invoke(NativeMethodAccessorImpl.java:57)
	at sun.reflect.DelegatingMethodAccessorImpl.invoke(DelegatingMethodAccessorImpl.java:43)
	at java.lang.reflect.Method.invoke(Method.java:601)
	at org.testng.internal.MethodInvocationHelper.invokeMethod(MethodInvocationHelper.java:84)
	at org.testng.internal.Invoker.invokeMethod(Invoker.java:714)
	at org.testng.internal.Invoker.invokeTestMethod(Invoker.java:901)
	at org.testng.internal.Invoker.invokeTestMethods(Invoker.java:1231)
	at org.testng.internal.TestMethodWorker.invokeTestMethods(TestMethodWorker.java:127)
	at org.testng.internal.TestMethodWorker.run(TestMethodWorker.java:111)
	at org.testng.TestRunner.privateRun(TestRunner.java:767)
	at org.testng.TestRunner.run(TestRunner.java:617)
	at org.testng.SuiteRunner.runTest(SuiteRunner.java:334)
	at org.testng.SuiteRunner.runSequentially(SuiteRunner.java:329)
	at org.testng.SuiteRunner.privateRun(SuiteRunner.java:291)
	at org.testng.SuiteRunner.run(SuiteRunner.java:240)
	at org.testng.SuiteRunnerWorker.runSuite(SuiteRunnerWorker.java:52)
	at org.testng.SuiteRunnerWorker.run(SuiteRunnerWorker.java:86)
	at org.testng.TestNG.runSuitesSequentially(TestNG.java:1224)
	at org.testng.TestNG.runSuitesLocally(TestNG.java:1149)
	at org.testng.TestNG.run(TestNG.java:1057)
	at org.testng.remote.RemoteTestNG.run(RemoteTestNG.java:111)
	at org.testng.remote.RemoteTestNG.initAndRun(RemoteTestNG.java:204)
	at org.testng.remote.RemoteTestNG.main(RemoteTestNG.java:175)
Caused by: org.openqa.selenium.NoSuchElementException: Unable to locate element: {"method":"id","selector":"iframeResult"}
For documentation on this error, please visit: http://seleniumhq.org/exceptions/no_such_element.html
Build info: version: '2.45.0', revision: '5017cb8', time: '2015-02-26 23:59:50'
System info: host: 'Rahul-PC', ip: '192.168.178.1', os.name: 'Windows 8', os.arch: 'x86', os.version: '6.2', java.version: '1.7.0_17'
Driver info: driver.version: unknown
	at <anonymous class>.FirefoxDriver.prototype.findElementInternal_(file:///C:/Users/RAHUL~1.RAT/AppData/Local/Temp/anonymous3372060217898444313webdriver-profile/extensions/fxdriver@googlecode.com/components/driver-component.js:10271)
	at <anonymous class>.fxdriver.Timer.prototype.setTimeout/<.notify(file:///C:/Users/RAHUL~1.RAT/AppData/Local/Temp/anonymous3372060217898444313webdriver-profile/extensions/fxdriver@googlecode.com/components/driver-component.js:603)
2015-08-02 11:14:56 INFO  [ConnectionPoolListener] - [onFinish] Java Script Suite Finished 
2015-08-02 11:14:57 INFO  [ConnectionPoolListener] - [onStart] Webdriver Suite Started 
2015-08-02 11:15:07 INFO  [StartWebDriver] - [getFireFoxDriver]  Using Firefox Driver 
2015-08-02 11:15:10 INFO  [WindowHelper] - [windowMaximize]  windowMaximize  
2015-08-02 11:15:10 INFO  [CustomeReportListener] - [onTestStart] testTime Started 
2015-08-02 11:15:11 INFO  [GenericHelper] - [takeScreenShot]  ScreenShot File : testcase.TestTimeUnit.testTime.jpg
2015-08-02 11:15:24 INFO  [ButtonHelper] - [clickLogout]  Clicked on Logout Button 
2015-08-02 11:15:24 ERROR [CustomeReportListener] - [onTestFailure]  Test Failed : 
org.openqa.selenium.TimeoutException: Timed out waiting for page load.
Command duration or timeout: 78 milliseconds
Build info: version: '2.45.0', revision: '5017cb8', time: '2015-02-26 23:59:50'
System info: host: 'Rahul-PC', ip: '192.168.178.1', os.name: 'Windows 8', os.arch: 'x86', os.version: '6.2', java.version: '1.7.0_17'
Session ID: adab2389-f637-4e5f-828d-7cf51a7a1da9
Driver info: org.openqa.selenium.firefox.FirefoxDriver
Capabilities [{platform=WINDOWS, acceptSslCerts=true, javascriptEnabled=true, cssSelectorsEnabled=true, databaseEnabled=true, browserName=firefox, handlesAlerts=true, nativeEvents=false, webStorageEnabled=true, rotatable=false, locationContextEnabled=true, applicationCacheEnabled=true, takesScreenshot=true, version=39.0}]
	at sun.reflect.NativeConstructorAccessorImpl.newInstance0(Native Method)
	at sun.reflect.NativeConstructorAccessorImpl.newInstance(NativeConstructorAccessorImpl.java:57)
	at sun.reflect.DelegatingConstructorAccessorImpl.newInstance(DelegatingConstructorAccessorImpl.java:45)
	at java.lang.reflect.Constructor.newInstance(Constructor.java:525)
	at org.openqa.selenium.remote.ErrorHandler.createThrowable(ErrorHandler.java:204)
	at org.openqa.selenium.remote.ErrorHandler.throwIfResponseFailed(ErrorHandler.java:156)
	at org.openqa.selenium.remote.RemoteWebDriver.execute(RemoteWebDriver.java:599)
	at org.openqa.selenium.remote.RemoteWebDriver.get(RemoteWebDriver.java:304)
	at testcase.TestTimeUnit.testTime(TestTimeUnit.java:25)
	at sun.reflect.NativeMethodAccessorImpl.invoke0(Native Method)
	at sun.reflect.NativeMethodAccessorImpl.invoke(NativeMethodAccessorImpl.java:57)
	at sun.reflect.DelegatingMethodAccessorImpl.invoke(DelegatingMethodAccessorImpl.java:43)
	at java.lang.reflect.Method.invoke(Method.java:601)
	at org.testng.internal.MethodInvocationHelper.invokeMethod(MethodInvocationHelper.java:84)
	at org.testng.internal.Invoker.invokeMethod(Invoker.java:714)
	at org.testng.internal.Invoker.invokeTestMethod(Invoker.java:901)
	at org.testng.internal.Invoker.invokeTestMethods(Invoker.java:1231)
	at org.testng.internal.TestMethodWorker.invokeTestMethods(TestMethodWorker.java:127)
	at org.testng.internal.TestMethodWorker.run(TestMethodWorker.java:111)
	at org.testng.TestRunner.privateRun(TestRunner.java:767)
	at org.testng.TestRunner.run(TestRunner.java:617)
	at org.testng.SuiteRunner.runTest(SuiteRunner.java:334)
	at org.testng.SuiteRunner.runSequentially(SuiteRunner.java:329)
	at org.testng.SuiteRunner.privateRun(SuiteRunner.java:291)
	at org.testng.SuiteRunner.run(SuiteRunner.java:240)
	at org.testng.SuiteRunnerWorker.runSuite(SuiteRunnerWorker.java:52)
	at org.testng.SuiteRunnerWorker.run(SuiteRunnerWorker.java:86)
	at org.testng.TestNG.runSuitesSequentially(TestNG.java:1224)
	at org.testng.TestNG.runSuitesLocally(TestNG.java:1149)
	at org.testng.TestNG.run(TestNG.java:1057)
	at org.testng.remote.RemoteTestNG.run(RemoteTestNG.java:111)
	at org.testng.remote.RemoteTestNG.initAndRun(RemoteTestNG.java:204)
	at org.testng.remote.RemoteTestNG.main(RemoteTestNG.java:175)
Caused by: org.openqa.selenium.TimeoutException: Timed out waiting for page load.
Build info: version: '2.45.0', revision: '5017cb8', time: '2015-02-26 23:59:50'
System info: host: 'Rahul-PC', ip: '192.168.178.1', os.name: 'Windows 8', os.arch: 'x86', os.version: '6.2', java.version: '1.7.0_17'
Driver info: driver.version: unknown
	at <anonymous class>.Utils.initWebLoadingListener/<(file:///C:/Users/RAHUL~1.RAT/AppData/Local/Temp/anonymous4787006481379420412webdriver-profile/extensions/fxdriver@googlecode.com/components/driver-component.js:8598)
	at <anonymous class>.WebLoadingListener/e(file:///C:/Users/RAHUL~1.RAT/AppData/Local/Temp/anonymous4787006481379420412webdriver-profile/extensions/fxdriver@googlecode.com/components/driver-component.js:4712)
	at <anonymous class>.WebLoadingListener/<(file:///C:/Users/RAHUL~1.RAT/AppData/Local/Temp/anonymous4787006481379420412webdriver-profile/extensions/fxdriver@googlecode.com/components/driver-component.js:4720)
	at <anonymous class>.fxdriver.Timer.prototype.setTimeout/<.notify(file:///C:/Users/RAHUL~1.RAT/AppData/Local/Temp/anonymous4787006481379420412webdriver-profile/extensions/fxdriver@googlecode.com/components/driver-component.js:603)
2015-08-02 11:15:24 INFO  [ConnectionPoolListener] - [onFinish] Webdriver Suite Finished 
2015-08-02 11:15:24 INFO  [ConnectionPoolListener] - [onStart] Webdriver Backed Selenium Suite Started 
2015-08-02 11:15:34 INFO  [StartWebDriver] - [getFireFoxDriver]  Using Firefox Driver 
2015-08-02 11:15:37 INFO  [WindowHelper] - [windowMaximize]  windowMaximize  
2015-08-02 11:15:37 INFO  [CustomeReportListener] - [onTestStart] testBackedSelenium Started 
2015-08-02 11:16:41 INFO  [GenericHelper] - [takeScreenShot]  ScreenShot File : testcase.TestWebDriverBacked.testBackedSelenium.jpg
2015-08-02 11:16:52 INFO  [ButtonHelper] - [clickLogout]  Clicked on Logout Button 
2015-08-02 11:16:52 ERROR [CustomeReportListener] - [onTestFailure]  Test Failed : 
com.thoughtworks.selenium.Wait$WaitTimedOutException: Failed to load page within 30000 ms
	at com.thoughtworks.selenium.Wait.wait(Wait.java:99)
	at com.thoughtworks.selenium.Wait.wait(Wait.java:76)
	at com.thoughtworks.selenium.webdriven.commands.WaitForPageToLoad.handleSeleneseCommand(WaitForPageToLoad.java:79)
	at com.thoughtworks.selenium.webdriven.commands.WaitForPageToLoad.handleSeleneseCommand(WaitForPageToLoad.java:1)
	at com.thoughtworks.selenium.webdriven.SeleneseCommand.apply(SeleneseCommand.java:35)
	at com.thoughtworks.selenium.webdriven.Timer.run(Timer.java:40)
	at com.thoughtworks.selenium.webdriven.WebDriverCommandProcessor.execute(WebDriverCommandProcessor.java:148)
	at com.thoughtworks.selenium.webdriven.WebDriverCommandProcessor.doCommand(WebDriverCommandProcessor.java:73)
	at com.thoughtworks.selenium.DefaultSelenium.waitForPageToLoad(DefaultSelenium.java:681)
	at testcase.TestWebDriverBacked.testBackedSelenium(TestWebDriverBacked.java:38)
	at sun.reflect.NativeMethodAccessorImpl.invoke0(Native Method)
	at sun.reflect.NativeMethodAccessorImpl.invoke(NativeMethodAccessorImpl.java:57)
	at sun.reflect.DelegatingMethodAccessorImpl.invoke(DelegatingMethodAccessorImpl.java:43)
	at java.lang.reflect.Method.invoke(Method.java:601)
	at org.testng.internal.MethodInvocationHelper.invokeMethod(MethodInvocationHelper.java:84)
	at org.testng.internal.Invoker.invokeMethod(Invoker.java:714)
	at org.testng.internal.Invoker.invokeTestMethod(Invoker.java:901)
	at org.testng.internal.Invoker.invokeTestMethods(Invoker.java:1231)
	at org.testng.internal.TestMethodWorker.invokeTestMethods(TestMethodWorker.java:127)
	at org.testng.internal.TestMethodWorker.run(TestMethodWorker.java:111)
	at org.testng.TestRunner.privateRun(TestRunner.java:767)
	at org.testng.TestRunner.run(TestRunner.java:617)
	at org.testng.SuiteRunner.runTest(SuiteRunner.java:334)
	at org.testng.SuiteRunner.runSequentially(SuiteRunner.java:329)
	at org.testng.SuiteRunner.privateRun(SuiteRunner.java:291)
	at org.testng.SuiteRunner.run(SuiteRunner.java:240)
	at org.testng.SuiteRunnerWorker.runSuite(SuiteRunnerWorker.java:52)
	at org.testng.SuiteRunnerWorker.run(SuiteRunnerWorker.java:86)
	at org.testng.TestNG.runSuitesSequentially(TestNG.java:1224)
	at org.testng.TestNG.runSuitesLocally(TestNG.java:1149)
	at org.testng.TestNG.run(TestNG.java:1057)
	at org.testng.remote.RemoteTestNG.run(RemoteTestNG.java:111)
	at org.testng.remote.RemoteTestNG.initAndRun(RemoteTestNG.java:204)
	at org.testng.remote.RemoteTestNG.main(RemoteTestNG.java:175)
2015-08-02 11:16:52 INFO  [CustomeReportListener] - [onTestStart] openWebpage Started 
2015-08-02 11:16:54 INFO  [LinkHelper] - [clickLink]  clickLink : File a Bug
2015-08-02 11:16:54 INFO  [TestSeleniumLogger] - [openWebpage] Clicked on Link [File a Bug]
2015-08-02 11:16:54 INFO  [TextBoxHelper] - [typeInTextBox]  typeInTextBox : Bugzilla_login Value : rahul@bugzila.com
2015-08-02 11:16:54 INFO  [TestSeleniumLogger] - [openWebpage] Type the UserName 
2015-08-02 11:16:55 INFO  [TextBoxHelper] - [typeInTextBox]  typeInTextBox : Bugzilla_password Value : rathore
2015-08-02 11:16:55 INFO  [TestSeleniumLogger] - [openWebpage] Type the Password 
2015-08-02 11:17:03 ERROR [StartWebDriver] - [getElement]  No Such Element : as
2015-08-02 11:17:03 ERROR [TestSeleniumLogger] - [openWebpage] Not able to Click on the Button : 
org.openqa.selenium.NoSuchElementException: No Such Element : as
For documentation on this error, please visit: http://seleniumhq.org/exceptions/no_such_element.html
Build info: version: '2.45.0', revision: '5017cb8', time: '2015-02-26 23:59:50'
System info: host: 'Rahul-PC', ip: '192.168.178.1', os.name: 'Windows 8', os.arch: 'x86', os.version: '6.2', java.version: '1.7.0_17'
Driver info: driver.version: StartWebDriver
	at helper.StartWebDriver.getElement(StartWebDriver.java:137)
	at helper.ButtonHelper.clickButton(ButtonHelper.java:17)
	at testcase.TestSeleniumLogger.openWebpage(TestSeleniumLogger.java:34)
	at sun.reflect.NativeMethodAccessorImpl.invoke0(Native Method)
	at sun.reflect.NativeMethodAccessorImpl.invoke(NativeMethodAccessorImpl.java:57)
	at sun.reflect.DelegatingMethodAccessorImpl.invoke(DelegatingMethodAccessorImpl.java:43)
	at java.lang.reflect.Method.invoke(Method.java:601)
	at org.testng.internal.MethodInvocationHelper.invokeMethod(MethodInvocationHelper.java:84)
	at org.testng.internal.Invoker.invokeMethod(Invoker.java:714)
	at org.testng.internal.Invoker.invokeTestMethod(Invoker.java:901)
	at org.testng.internal.Invoker.invokeTestMethods(Invoker.java:1231)
	at org.testng.internal.TestMethodWorker.invokeTestMethods(TestMethodWorker.java:127)
	at org.testng.internal.TestMethodWorker.run(TestMethodWorker.java:111)
	at org.testng.TestRunner.privateRun(TestRunner.java:767)
	at org.testng.TestRunner.run(TestRunner.java:617)
	at org.testng.SuiteRunner.runTest(SuiteRunner.java:334)
	at org.testng.SuiteRunner.runSequentially(SuiteRunner.java:329)
	at org.testng.SuiteRunner.privateRun(SuiteRunner.java:291)
	at org.testng.SuiteRunner.run(SuiteRunner.java:240)
	at org.testng.SuiteRunnerWorker.runSuite(SuiteRunnerWorker.java:52)
	at org.testng.SuiteRunnerWorker.run(SuiteRunnerWorker.java:86)
	at org.testng.TestNG.runSuitesSequentially(TestNG.java:1224)
	at org.testng.TestNG.runSuitesLocally(TestNG.java:1149)
	at org.testng.TestNG.run(TestNG.java:1057)
	at org.testng.remote.RemoteTestNG.run(RemoteTestNG.java:111)
	at org.testng.remote.RemoteTestNG.initAndRun(RemoteTestNG.java:204)
	at org.testng.remote.RemoteTestNG.main(RemoteTestNG.java:175)
2015-08-02 11:17:03 INFO  [CustomeReportListener] - [onTestSuccess] openWebpage Success 
2015-08-02 11:17:03 INFO  [ConnectionPoolListener] - [onFinish] Webdriver Backed Selenium Suite Finished 
2015-08-02 11:17:04 INFO  [CustomeReportListener] - [onFinish] Webdriver Finish 
