<?xml version="1.0" encoding="UTF-8"?>
<!-- Generated by org.testng.reporters.JUnitReportReporter -->
<testsuite hostname="Rahul-PC" name="testcase.TestWebDriverBacked" tests="1" failures="1" timestamp="23 May 2015 05:26:42 GMT" time="62.535" errors="0">
  <testcase name="testBackedSelenium" time="62.535" classname="testcase.TestWebDriverBacked">
    <failure type="com.thoughtworks.selenium.Wait$WaitTimedOutException" message="Failed to load page within 30000 ms">
      <![CDATA[com.thoughtworks.selenium.Wait$WaitTimedOutException: Failed to load page within 30000 ms
	at com.thoughtworks.selenium.Wait.wait(Wait.java:99)
	at com.thoughtworks.selenium.Wait.wait(Wait.java:76)
	at com.thoughtworks.selenium.webdriven.commands.WaitForPageToLoad.handleSeleneseCommand(WaitForPageToLoad.java:79)
	at com.thoughtworks.selenium.webdriven.commands.WaitForPageToLoad.handleSeleneseCommand(WaitForPageToLoad.java:1)
	at com.thoughtworks.selenium.webdriven.SeleneseCommand.apply(SeleneseCommand.java:35)
	at com.thoughtworks.selenium.webdriven.Timer.run(Timer.java:40)
	at com.thoughtworks.selenium.webdriven.WebDriverCommandProcessor.execute(WebDriverCommandProcessor.java:148)
	at com.thoughtworks.selenium.webdriven.WebDriverCommandProcessor.doCommand(WebDriverCommandProcessor.java:73)
	at com.thoughtworks.selenium.DefaultSelenium.waitForPageToLoad(DefaultSelenium.java:681)
	at testcase.TestWebDriverBacked.testBackedSelenium(TestWebDriverBacked.java:38)
	at sun.reflect.NativeMethodAccessorImpl.invoke0(Native Method)
	at sun.reflect.NativeMethodAccessorImpl.invoke(Unknown Source)
	at sun.reflect.DelegatingMethodAccessorImpl.invoke(Unknown Source)
	at java.lang.reflect.Method.invoke(Unknown Source)
	at org.testng.internal.MethodInvocationHelper.invokeMethod(MethodInvocationHelper.java:84)
	at org.testng.internal.Invoker.invokeMethod(Invoker.java:714)
	at org.testng.internal.Invoker.invokeTestMethod(Invoker.java:901)
	at org.testng.internal.Invoker.invokeTestMethods(Invoker.java:1231)
	at org.testng.internal.TestMethodWorker.invokeTestMethods(TestMethodWorker.java:127)
	at org.testng.internal.TestMethodWorker.run(TestMethodWorker.java:111)
	at org.testng.TestRunner.privateRun(TestRunner.java:767)
	at org.testng.TestRunner.run(TestRunner.java:617)
	at org.testng.SuiteRunner.runTest(SuiteRunner.java:334)
	at org.testng.SuiteRunner.runSequentially(SuiteRunner.java:329)
	at org.testng.SuiteRunner.privateRun(SuiteRunner.java:291)
	at org.testng.SuiteRunner.run(SuiteRunner.java:240)
	at org.testng.SuiteRunnerWorker.runSuite(SuiteRunnerWorker.java:52)
	at org.testng.SuiteRunnerWorker.run(SuiteRunnerWorker.java:86)
	at org.testng.TestNG.runSuitesSequentially(TestNG.java:1224)
	at org.testng.TestNG.runSuitesLocally(TestNG.java:1149)
	at org.testng.TestNG.run(TestNG.java:1057)
	at org.testng.remote.RemoteTestNG.run(RemoteTestNG.java:111)
	at org.testng.remote.RemoteTestNG.initAndRun(RemoteTestNG.java:204)
	at org.testng.remote.RemoteTestNG.main(RemoteTestNG.java:175)
]]>
    </failure>
  </testcase> <!-- testBackedSelenium -->
</testsuite> <!-- testcase.TestWebDriverBacked -->
