<html>
<head>
<title>TestNG:  Bugzila Suite</title>
<link href="../testng.css" rel="stylesheet" type="text/css" />
<link href="../my-testng.css" rel="stylesheet" type="text/css" />

<style type="text/css">
.log { display: none;} 
.stack-trace { display: none;} 
</style>
<script type="text/javascript">
<!--
function flip(e) {
  current = e.style.display;
  if (current == 'block') {
    e.style.display = 'none';
    return 0;
  }
  else {
    e.style.display = 'block';
    return 1;
  }
}

function toggleBox(szDivId, elem, msg1, msg2)
{
  var res = -1;  if (document.getElementById) {
    res = flip(document.getElementById(szDivId));
  }
  else if (document.all) {
    // this is the way old msie versions work
    res = flip(document.all[szDivId]);
  }
  if(elem) {
    if(res == 0) elem.innerHTML = msg1; else elem.innerHTML = msg2;
  }

}

function toggleAllBoxes() {
  if (document.getElementsByTagName) {
    d = document.getElementsByTagName('div');
    for (i = 0; i < d.length; i++) {
      if (d[i].className == 'log') {
        flip(d[i]);
      }
    }
  }
}

// -->
</script>

</head>
<body>
<h2 align='center'>Bugzila Suite</h2><table border='1' align="center">
<tr>
<td>Tests passed/Failed/Skipped:</td><td>9/32/0</td>
</tr><tr>
<td>Started on:</td><td>Sat May 23 13:15:36 SGT 2015</td>
</tr>
<tr><td>Total time:</td><td>665 seconds (665830 ms)</td>
</tr><tr>
<td>Included groups:</td><td></td>
</tr><tr>
<td>Excluded groups:</td><td></td>
</tr>
</table><p/>
<small><i>(Hover the method name to see the test class name)</i></small><p/>
<table width='100%' border='1' class='invocation-failed'>
<tr><td colspan='4' align='center'><b>FAILED TESTS</b></td></tr>
<tr><td><b>Test method</b></td>
<td width="30%"><b>Exception</b></td>
<td width="10%"><b>Time (seconds)</b></td>
<td><b>Instance</b></td>
</tr>
<tr>
<td title='testcase.TestSeleniumLogger.openWebpage()'><b>openWebpage</b><br>Test class: testcase.TestSeleniumLogger</td>
<td><div><pre>org.openqa.selenium.TimeoutException: Timed out waiting for page load.
Command duration or timeout: 125 milliseconds
Build info: version: &apos;2.45.0&apos;, revision: &apos;5017cb8&apos;, time: &apos;2015-02-26 23:59:50&apos;
System info: host: &apos;Rahul-PC&apos;, ip: &apos;192.168.178.1&apos;, os.name: &apos;Windows 8&apos;, os.arch: &apos;x86&apos;, os.version: &apos;6.2&apos;, java.version: &apos;1.7.0_17&apos;
Session ID: 80047332-7eec-452e-a59c-dda1461d1798
Driver info: org.openqa.selenium.firefox.FirefoxDriver
Capabilities [{platform=WINDOWS, acceptSslCerts=true, javascriptEnabled=true, cssSelectorsEnabled=true, databaseEnabled=true, browserName=firefox, handlesAlerts=true, nativeEvents=false, webStorageEnabled=true, rotatable=false, locationContextEnabled=true, applicationCacheEnabled=true, takesScreenshot=true, version=37.0.1}]
	at org.openqa.selenium.remote.ErrorHandler.createThrowable(ErrorHandler.java:204)
	at org.openqa.selenium.remote.ErrorHandler.throwIfResponseFailed(ErrorHandler.java:156)
	at org.openqa.selenium.remote.RemoteWebDriver.execute(RemoteWebDriver.java:599)
	at org.openqa.selenium.remote.RemoteWebElement.execute(RemoteWebElement.java:268)
	at org.openqa.selenium.remote.RemoteWebElement.click(RemoteWebElement.java:79)
	at helper.LinkHelper.clickLink(LinkHelper.java:17)
	at testcase.TestSeleniumLogger.openWebpage(TestSeleniumLogger.java:27)
Caused by: org.openqa.selenium.TimeoutException: Timed out waiting for page load.
Build info: version: &apos;2.45.0&apos;, revision: &apos;5017cb8&apos;, time: &apos;2015-02-26 23:59:50&apos;
System info: host: &apos;Rahul-PC&apos;, ip: &apos;192.168.178.1&apos;, os.name: &apos;Windows 8&apos;, os.arch: &apos;x86&apos;, os.version: &apos;6.2&apos;, java.version: &apos;1.7.0_17&apos;
Driver info: driver.version: unknown
	at &lt;anonymous class&gt;.Utils.installClickListener/e&lt;(file:///C:/Users/RAHUL~1.RAT/AppData/Local/Temp/anonymous8877169362230770144webdriver-profile/extensions/fxdriver@googlecode.com/components/command-processor.js:8852)
	at &lt;anonymous class&gt;.WebLoadingListener/e(file:///C:/Users/RAHUL~1.RAT/AppData/Local/Temp/anonymous8877169362230770144webdriver-profile/extensions/fxdriver@googlecode.com/components/command-processor.js:4712)
	at &lt;anonymous class&gt;.WebLoadingListener/&lt;(file:///C:/Users/RAHUL~1.RAT/AppData/Local/Temp/anonymous8877169362230770144webdriver-profile/extensions/fxdriver@googlecode.com/components/command-processor.js:4720)
	at &lt;anonymous class&gt;.fxdriver.Timer.prototype.setTimeout/&lt;.notify(file:///C:/Users/RAHUL~1.RAT/AppData/Local/Temp/anonymous8877169362230770144webdriver-profile/extensions/fxdriver@googlecode.com/components/command-processor.js:603)
... Removed 28 stack frames</pre></div><a href='#' onClick='toggleBox("stack-trace3165010", this, "Click to show all stack frames", "Click to hide stack frames")'>Click to show all stack frames</a>
<div class='stack-trace' id='stack-trace3165010'><pre>org.openqa.selenium.TimeoutException: Timed out waiting for page load.
Command duration or timeout: 125 milliseconds
Build info: version: &apos;2.45.0&apos;, revision: &apos;5017cb8&apos;, time: &apos;2015-02-26 23:59:50&apos;
System info: host: &apos;Rahul-PC&apos;, ip: &apos;192.168.178.1&apos;, os.name: &apos;Windows 8&apos;, os.arch: &apos;x86&apos;, os.version: &apos;6.2&apos;, java.version: &apos;1.7.0_17&apos;
Session ID: 80047332-7eec-452e-a59c-dda1461d1798
Driver info: org.openqa.selenium.firefox.FirefoxDriver
Capabilities [{platform=WINDOWS, acceptSslCerts=true, javascriptEnabled=true, cssSelectorsEnabled=true, databaseEnabled=true, browserName=firefox, handlesAlerts=true, nativeEvents=false, webStorageEnabled=true, rotatable=false, locationContextEnabled=true, applicationCacheEnabled=true, takesScreenshot=true, version=37.0.1}]
	at sun.reflect.NativeConstructorAccessorImpl.newInstance0(Native Method)
	at sun.reflect.NativeConstructorAccessorImpl.newInstance(Unknown Source)
	at sun.reflect.DelegatingConstructorAccessorImpl.newInstance(Unknown Source)
	at java.lang.reflect.Constructor.newInstance(Unknown Source)
	at org.openqa.selenium.remote.ErrorHandler.createThrowable(ErrorHandler.java:204)
	at org.openqa.selenium.remote.ErrorHandler.throwIfResponseFailed(ErrorHandler.java:156)
	at org.openqa.selenium.remote.RemoteWebDriver.execute(RemoteWebDriver.java:599)
	at org.openqa.selenium.remote.RemoteWebElement.execute(RemoteWebElement.java:268)
	at org.openqa.selenium.remote.RemoteWebElement.click(RemoteWebElement.java:79)
	at helper.LinkHelper.clickLink(LinkHelper.java:17)
	at testcase.TestSeleniumLogger.openWebpage(TestSeleniumLogger.java:27)
	at sun.reflect.NativeMethodAccessorImpl.invoke0(Native Method)
	at sun.reflect.NativeMethodAccessorImpl.invoke(Unknown Source)
	at sun.reflect.DelegatingMethodAccessorImpl.invoke(Unknown Source)
	at java.lang.reflect.Method.invoke(Unknown Source)
	at org.testng.internal.MethodInvocationHelper.invokeMethod(MethodInvocationHelper.java:84)
	at org.testng.internal.Invoker.invokeMethod(Invoker.java:714)
	at org.testng.internal.Invoker.invokeTestMethod(Invoker.java:901)
	at org.testng.internal.Invoker.invokeTestMethods(Invoker.java:1231)
	at org.testng.internal.TestMethodWorker.invokeTestMethods(TestMethodWorker.java:127)
	at org.testng.internal.TestMethodWorker.run(TestMethodWorker.java:111)
	at org.testng.TestRunner.privateRun(TestRunner.java:767)
	at org.testng.TestRunner.run(TestRunner.java:617)
	at org.testng.SuiteRunner.runTest(SuiteRunner.java:334)
	at org.testng.SuiteRunner.runSequentially(SuiteRunner.java:329)
	at org.testng.SuiteRunner.privateRun(SuiteRunner.java:291)
	at org.testng.SuiteRunner.run(SuiteRunner.java:240)
	at org.testng.SuiteRunnerWorker.runSuite(SuiteRunnerWorker.java:52)
	at org.testng.SuiteRunnerWorker.run(SuiteRunnerWorker.java:86)
	at org.testng.TestNG.runSuitesSequentially(TestNG.java:1224)
	at org.testng.TestNG.runSuitesLocally(TestNG.java:1149)
	at org.testng.TestNG.run(TestNG.java:1057)
	at org.testng.remote.RemoteTestNG.run(RemoteTestNG.java:111)
	at org.testng.remote.RemoteTestNG.initAndRun(RemoteTestNG.java:204)
	at org.testng.remote.RemoteTestNG.main(RemoteTestNG.java:175)
Caused by: org.openqa.selenium.TimeoutException: Timed out waiting for page load.
Build info: version: &apos;2.45.0&apos;, revision: &apos;5017cb8&apos;, time: &apos;2015-02-26 23:59:50&apos;
System info: host: &apos;Rahul-PC&apos;, ip: &apos;192.168.178.1&apos;, os.name: &apos;Windows 8&apos;, os.arch: &apos;x86&apos;, os.version: &apos;6.2&apos;, java.version: &apos;1.7.0_17&apos;
Driver info: driver.version: unknown
	at &lt;anonymous class&gt;.Utils.installClickListener/e&lt;(file:///C:/Users/RAHUL~1.RAT/AppData/Local/Temp/anonymous8877169362230770144webdriver-profile/extensions/fxdriver@googlecode.com/components/command-processor.js:8852)
	at &lt;anonymous class&gt;.WebLoadingListener/e(file:///C:/Users/RAHUL~1.RAT/AppData/Local/Temp/anonymous8877169362230770144webdriver-profile/extensions/fxdriver@googlecode.com/components/command-processor.js:4712)
	at &lt;anonymous class&gt;.WebLoadingListener/&lt;(file:///C:/Users/RAHUL~1.RAT/AppData/Local/Temp/anonymous8877169362230770144webdriver-profile/extensions/fxdriver@googlecode.com/components/command-processor.js:4720)
	at &lt;anonymous class&gt;.fxdriver.Timer.prototype.setTimeout/&lt;.notify(file:///C:/Users/RAHUL~1.RAT/AppData/Local/Temp/anonymous8877169362230770144webdriver-profile/extensions/fxdriver@googlecode.com/components/command-processor.js:603)
</pre></div></td>
<td>0</td>
<td>testcase.TestSeleniumLogger@39a462</td></tr>
<tr>
<td title='testcase.TestMouseAction.testAction()'><b>testAction</b><br>Test class: testcase.TestMouseAction</td>
<td><div><pre>org.openqa.selenium.TimeoutException: Timed out waiting for page load.
Command duration or timeout: 63 milliseconds
Build info: version: &apos;2.45.0&apos;, revision: &apos;5017cb8&apos;, time: &apos;2015-02-26 23:59:50&apos;
System info: host: &apos;Rahul-PC&apos;, ip: &apos;192.168.178.1&apos;, os.name: &apos;Windows 8&apos;, os.arch: &apos;x86&apos;, os.version: &apos;6.2&apos;, java.version: &apos;1.7.0_17&apos;
Session ID: 80047332-7eec-452e-a59c-dda1461d1798
Driver info: org.openqa.selenium.firefox.FirefoxDriver
Capabilities [{platform=WINDOWS, acceptSslCerts=true, javascriptEnabled=true, cssSelectorsEnabled=true, databaseEnabled=true, browserName=firefox, handlesAlerts=true, nativeEvents=false, webStorageEnabled=true, rotatable=false, locationContextEnabled=true, applicationCacheEnabled=true, takesScreenshot=true, version=37.0.1}]
	at org.openqa.selenium.remote.ErrorHandler.createThrowable(ErrorHandler.java:204)
	at org.openqa.selenium.remote.ErrorHandler.throwIfResponseFailed(ErrorHandler.java:156)
	at org.openqa.selenium.remote.RemoteWebDriver.execute(RemoteWebDriver.java:599)
	at org.openqa.selenium.remote.RemoteWebDriver.get(RemoteWebDriver.java:304)
	at org.openqa.selenium.remote.RemoteWebDriver$RemoteNavigation.to(RemoteWebDriver.java:854)
	at helper.WindowHelper.navigateToPage(WindowHelper.java:67)
	at testcase.TestMouseAction.testAction(TestMouseAction.java:49)
Caused by: org.openqa.selenium.TimeoutException: Timed out waiting for page load.
Build info: version: &apos;2.45.0&apos;, revision: &apos;5017cb8&apos;, time: &apos;2015-02-26 23:59:50&apos;
System info: host: &apos;Rahul-PC&apos;, ip: &apos;192.168.178.1&apos;, os.name: &apos;Windows 8&apos;, os.arch: &apos;x86&apos;, os.version: &apos;6.2&apos;, java.version: &apos;1.7.0_17&apos;
Driver info: driver.version: unknown
	at &lt;anonymous class&gt;.Utils.initWebLoadingListener/&lt;(file:///C:/Users/RAHUL~1.RAT/AppData/Local/Temp/anonymous8877169362230770144webdriver-profile/extensions/fxdriver@googlecode.com/components/driver-component.js:8598)
	at &lt;anonymous class&gt;.WebLoadingListener/e(file:///C:/Users/RAHUL~1.RAT/AppData/Local/Temp/anonymous8877169362230770144webdriver-profile/extensions/fxdriver@googlecode.com/components/driver-component.js:4712)
	at &lt;anonymous class&gt;.WebLoadingListener/&lt;(file:///C:/Users/RAHUL~1.RAT/AppData/Local/Temp/anonymous8877169362230770144webdriver-profile/extensions/fxdriver@googlecode.com/components/driver-component.js:4720)
	at &lt;anonymous class&gt;.fxdriver.Timer.prototype.setTimeout/&lt;.notify(file:///C:/Users/RAHUL~1.RAT/AppData/Local/Temp/anonymous8877169362230770144webdriver-profile/extensions/fxdriver@googlecode.com/components/driver-component.js:603)
... Removed 28 stack frames</pre></div><a href='#' onClick='toggleBox("stack-trace10133225", this, "Click to show all stack frames", "Click to hide stack frames")'>Click to show all stack frames</a>
<div class='stack-trace' id='stack-trace10133225'><pre>org.openqa.selenium.TimeoutException: Timed out waiting for page load.
Command duration or timeout: 63 milliseconds
Build info: version: &apos;2.45.0&apos;, revision: &apos;5017cb8&apos;, time: &apos;2015-02-26 23:59:50&apos;
System info: host: &apos;Rahul-PC&apos;, ip: &apos;192.168.178.1&apos;, os.name: &apos;Windows 8&apos;, os.arch: &apos;x86&apos;, os.version: &apos;6.2&apos;, java.version: &apos;1.7.0_17&apos;
Session ID: 80047332-7eec-452e-a59c-dda1461d1798
Driver info: org.openqa.selenium.firefox.FirefoxDriver
Capabilities [{platform=WINDOWS, acceptSslCerts=true, javascriptEnabled=true, cssSelectorsEnabled=true, databaseEnabled=true, browserName=firefox, handlesAlerts=true, nativeEvents=false, webStorageEnabled=true, rotatable=false, locationContextEnabled=true, applicationCacheEnabled=true, takesScreenshot=true, version=37.0.1}]
	at sun.reflect.NativeConstructorAccessorImpl.newInstance0(Native Method)
	at sun.reflect.NativeConstructorAccessorImpl.newInstance(Unknown Source)
	at sun.reflect.DelegatingConstructorAccessorImpl.newInstance(Unknown Source)
	at java.lang.reflect.Constructor.newInstance(Unknown Source)
	at org.openqa.selenium.remote.ErrorHandler.createThrowable(ErrorHandler.java:204)
	at org.openqa.selenium.remote.ErrorHandler.throwIfResponseFailed(ErrorHandler.java:156)
	at org.openqa.selenium.remote.RemoteWebDriver.execute(RemoteWebDriver.java:599)
	at org.openqa.selenium.remote.RemoteWebDriver.get(RemoteWebDriver.java:304)
	at org.openqa.selenium.remote.RemoteWebDriver$RemoteNavigation.to(RemoteWebDriver.java:854)
	at helper.WindowHelper.navigateToPage(WindowHelper.java:67)
	at testcase.TestMouseAction.testAction(TestMouseAction.java:49)
	at sun.reflect.NativeMethodAccessorImpl.invoke0(Native Method)
	at sun.reflect.NativeMethodAccessorImpl.invoke(Unknown Source)
	at sun.reflect.DelegatingMethodAccessorImpl.invoke(Unknown Source)
	at java.lang.reflect.Method.invoke(Unknown Source)
	at org.testng.internal.MethodInvocationHelper.invokeMethod(MethodInvocationHelper.java:84)
	at org.testng.internal.Invoker.invokeMethod(Invoker.java:714)
	at org.testng.internal.Invoker.invokeTestMethod(Invoker.java:901)
	at org.testng.internal.Invoker.invokeTestMethods(Invoker.java:1231)
	at org.testng.internal.TestMethodWorker.invokeTestMethods(TestMethodWorker.java:127)
	at org.testng.internal.TestMethodWorker.run(TestMethodWorker.java:111)
	at org.testng.TestRunner.privateRun(TestRunner.java:767)
	at org.testng.TestRunner.run(TestRunner.java:617)
	at org.testng.SuiteRunner.runTest(SuiteRunner.java:334)
	at org.testng.SuiteRunner.runSequentially(SuiteRunner.java:329)
	at org.testng.SuiteRunner.privateRun(SuiteRunner.java:291)
	at org.testng.SuiteRunner.run(SuiteRunner.java:240)
	at org.testng.SuiteRunnerWorker.runSuite(SuiteRunnerWorker.java:52)
	at org.testng.SuiteRunnerWorker.run(SuiteRunnerWorker.java:86)
	at org.testng.TestNG.runSuitesSequentially(TestNG.java:1224)
	at org.testng.TestNG.runSuitesLocally(TestNG.java:1149)
	at org.testng.TestNG.run(TestNG.java:1057)
	at org.testng.remote.RemoteTestNG.run(RemoteTestNG.java:111)
	at org.testng.remote.RemoteTestNG.initAndRun(RemoteTestNG.java:204)
	at org.testng.remote.RemoteTestNG.main(RemoteTestNG.java:175)
Caused by: org.openqa.selenium.TimeoutException: Timed out waiting for page load.
Build info: version: &apos;2.45.0&apos;, revision: &apos;5017cb8&apos;, time: &apos;2015-02-26 23:59:50&apos;
System info: host: &apos;Rahul-PC&apos;, ip: &apos;192.168.178.1&apos;, os.name: &apos;Windows 8&apos;, os.arch: &apos;x86&apos;, os.version: &apos;6.2&apos;, java.version: &apos;1.7.0_17&apos;
Driver info: driver.version: unknown
	at &lt;anonymous class&gt;.Utils.initWebLoadingListener/&lt;(file:///C:/Users/RAHUL~1.RAT/AppData/Local/Temp/anonymous8877169362230770144webdriver-profile/extensions/fxdriver@googlecode.com/components/driver-component.js:8598)
	at &lt;anonymous class&gt;.WebLoadingListener/e(file:///C:/Users/RAHUL~1.RAT/AppData/Local/Temp/anonymous8877169362230770144webdriver-profile/extensions/fxdriver@googlecode.com/components/driver-component.js:4712)
	at &lt;anonymous class&gt;.WebLoadingListener/&lt;(file:///C:/Users/RAHUL~1.RAT/AppData/Local/Temp/anonymous8877169362230770144webdriver-profile/extensions/fxdriver@googlecode.com/components/driver-component.js:4720)
	at &lt;anonymous class&gt;.fxdriver.Timer.prototype.setTimeout/&lt;.notify(file:///C:/Users/RAHUL~1.RAT/AppData/Local/Temp/anonymous8877169362230770144webdriver-profile/extensions/fxdriver@googlecode.com/components/driver-component.js:603)
</pre></div></td>
<td>0</td>
<td>testcase.TestMouseAction@11a5338</td></tr>
<tr>
<td title='testcase.LoginTest.testAdministration()'><b>testAdministration</b><br>Test class: testcase.LoginTest</td>
<td><div><pre>org.openqa.selenium.NoSuchElementException: Unable to locate element: {&quot;method&quot;:&quot;link text&quot;,&quot;selector&quot;:&quot;File a Bug&quot;}
Command duration or timeout: 2.11 seconds
For documentation on this error, please visit: http://seleniumhq.org/exceptions/no_such_element.html
Build info: version: &apos;2.45.0&apos;, revision: &apos;5017cb8&apos;, time: &apos;2015-02-26 23:59:50&apos;
System info: host: &apos;Rahul-PC&apos;, ip: &apos;192.168.178.1&apos;, os.name: &apos;Windows 8&apos;, os.arch: &apos;x86&apos;, os.version: &apos;6.2&apos;, java.version: &apos;1.7.0_17&apos;
*** Element info: {Using=link text, value=File a Bug}
Session ID: 80047332-7eec-452e-a59c-dda1461d1798
Driver info: org.openqa.selenium.firefox.FirefoxDriver
Capabilities [{platform=WINDOWS, acceptSslCerts=true, javascriptEnabled=true, cssSelectorsEnabled=true, databaseEnabled=true, browserName=firefox, handlesAlerts=true, nativeEvents=false, webStorageEnabled=true, rotatable=false, locationContextEnabled=true, applicationCacheEnabled=true, takesScreenshot=true, version=37.0.1}]
	at org.openqa.selenium.remote.ErrorHandler.createThrowable(ErrorHandler.java:204)
	at org.openqa.selenium.remote.ErrorHandler.throwIfResponseFailed(ErrorHandler.java:156)
	at org.openqa.selenium.remote.RemoteWebDriver.execute(RemoteWebDriver.java:599)
	at org.openqa.selenium.remote.RemoteWebDriver.findElement(RemoteWebDriver.java:352)
	at org.openqa.selenium.remote.RemoteWebDriver.findElementByLinkText(RemoteWebDriver.java:401)
	at org.openqa.selenium.By$ByLinkText.findElement(By.java:242)
	at org.openqa.selenium.remote.RemoteWebDriver.findElement(RemoteWebDriver.java:344)
	at org.openqa.selenium.support.pagefactory.DefaultElementLocator.findElement(DefaultElementLocator.java:59)
	at org.openqa.selenium.support.pagefactory.internal.LocatingElementHandler.invoke(LocatingElementHandler.java:37)
	at com.sun.proxy.$Proxy10.click(Unknown Source)
	at testcase.LoginTest.testAdministration(LoginTest.java:62)
Caused by: org.openqa.selenium.NoSuchElementException: Unable to locate element: {&quot;method&quot;:&quot;link text&quot;,&quot;selector&quot;:&quot;File a Bug&quot;}
For documentation on this error, please visit: http://seleniumhq.org/exceptions/no_such_element.html
Build info: version: &apos;2.45.0&apos;, revision: &apos;5017cb8&apos;, time: &apos;2015-02-26 23:59:50&apos;
System info: host: &apos;Rahul-PC&apos;, ip: &apos;192.168.178.1&apos;, os.name: &apos;Windows 8&apos;, os.arch: &apos;x86&apos;, os.version: &apos;6.2&apos;, java.version: &apos;1.7.0_17&apos;
Driver info: driver.version: unknown
	at &lt;anonymous class&gt;.FirefoxDriver.prototype.findElementInternal_(file:///C:/Users/RAHUL~1.RAT/AppData/Local/Temp/anonymous8877169362230770144webdriver-profile/extensions/fxdriver@googlecode.com/components/driver-component.js:10271)
	at &lt;anonymous class&gt;.fxdriver.Timer.prototype.setTimeout/&lt;.notify(file:///C:/Users/RAHUL~1.RAT/AppData/Local/Temp/anonymous8877169362230770144webdriver-profile/extensions/fxdriver@googlecode.com/components/driver-component.js:603)
... Removed 28 stack frames</pre></div><a href='#' onClick='toggleBox("stack-trace3338845", this, "Click to show all stack frames", "Click to hide stack frames")'>Click to show all stack frames</a>
<div class='stack-trace' id='stack-trace3338845'><pre>org.openqa.selenium.NoSuchElementException: Unable to locate element: {&quot;method&quot;:&quot;link text&quot;,&quot;selector&quot;:&quot;File a Bug&quot;}
Command duration or timeout: 2.11 seconds
For documentation on this error, please visit: http://seleniumhq.org/exceptions/no_such_element.html
Build info: version: &apos;2.45.0&apos;, revision: &apos;5017cb8&apos;, time: &apos;2015-02-26 23:59:50&apos;
System info: host: &apos;Rahul-PC&apos;, ip: &apos;192.168.178.1&apos;, os.name: &apos;Windows 8&apos;, os.arch: &apos;x86&apos;, os.version: &apos;6.2&apos;, java.version: &apos;1.7.0_17&apos;
*** Element info: {Using=link text, value=File a Bug}
Session ID: 80047332-7eec-452e-a59c-dda1461d1798
Driver info: org.openqa.selenium.firefox.FirefoxDriver
Capabilities [{platform=WINDOWS, acceptSslCerts=true, javascriptEnabled=true, cssSelectorsEnabled=true, databaseEnabled=true, browserName=firefox, handlesAlerts=true, nativeEvents=false, webStorageEnabled=true, rotatable=false, locationContextEnabled=true, applicationCacheEnabled=true, takesScreenshot=true, version=37.0.1}]
	at sun.reflect.NativeConstructorAccessorImpl.newInstance0(Native Method)
	at sun.reflect.NativeConstructorAccessorImpl.newInstance(Unknown Source)
	at sun.reflect.DelegatingConstructorAccessorImpl.newInstance(Unknown Source)
	at java.lang.reflect.Constructor.newInstance(Unknown Source)
	at org.openqa.selenium.remote.ErrorHandler.createThrowable(ErrorHandler.java:204)
	at org.openqa.selenium.remote.ErrorHandler.throwIfResponseFailed(ErrorHandler.java:156)
	at org.openqa.selenium.remote.RemoteWebDriver.execute(RemoteWebDriver.java:599)
	at org.openqa.selenium.remote.RemoteWebDriver.findElement(RemoteWebDriver.java:352)
	at org.openqa.selenium.remote.RemoteWebDriver.findElementByLinkText(RemoteWebDriver.java:401)
	at org.openqa.selenium.By$ByLinkText.findElement(By.java:242)
	at org.openqa.selenium.remote.RemoteWebDriver.findElement(RemoteWebDriver.java:344)
	at org.openqa.selenium.support.pagefactory.DefaultElementLocator.findElement(DefaultElementLocator.java:59)
	at org.openqa.selenium.support.pagefactory.internal.LocatingElementHandler.invoke(LocatingElementHandler.java:37)
	at com.sun.proxy.$Proxy10.click(Unknown Source)
	at testcase.LoginTest.testAdministration(LoginTest.java:62)
	at sun.reflect.NativeMethodAccessorImpl.invoke0(Native Method)
	at sun.reflect.NativeMethodAccessorImpl.invoke(Unknown Source)
	at sun.reflect.DelegatingMethodAccessorImpl.invoke(Unknown Source)
	at java.lang.reflect.Method.invoke(Unknown Source)
	at org.testng.internal.MethodInvocationHelper.invokeMethod(MethodInvocationHelper.java:84)
	at org.testng.internal.Invoker.invokeMethod(Invoker.java:714)
	at org.testng.internal.Invoker.invokeTestMethod(Invoker.java:901)
	at org.testng.internal.Invoker.invokeTestMethods(Invoker.java:1231)
	at org.testng.internal.TestMethodWorker.invokeTestMethods(TestMethodWorker.java:127)
	at org.testng.internal.TestMethodWorker.run(TestMethodWorker.java:111)
	at org.testng.TestRunner.privateRun(TestRunner.java:767)
	at org.testng.TestRunner.run(TestRunner.java:617)
	at org.testng.SuiteRunner.runTest(SuiteRunner.java:334)
	at org.testng.SuiteRunner.runSequentially(SuiteRunner.java:329)
	at org.testng.SuiteRunner.privateRun(SuiteRunner.java:291)
	at org.testng.SuiteRunner.run(SuiteRunner.java:240)
	at org.testng.SuiteRunnerWorker.runSuite(SuiteRunnerWorker.java:52)
	at org.testng.SuiteRunnerWorker.run(SuiteRunnerWorker.java:86)
	at org.testng.TestNG.runSuitesSequentially(TestNG.java:1224)
	at org.testng.TestNG.runSuitesLocally(TestNG.java:1149)
	at org.testng.TestNG.run(TestNG.java:1057)
	at org.testng.remote.RemoteTestNG.run(RemoteTestNG.java:111)
	at org.testng.remote.RemoteTestNG.initAndRun(RemoteTestNG.java:204)
	at org.testng.remote.RemoteTestNG.main(RemoteTestNG.java:175)
Caused by: org.openqa.selenium.NoSuchElementException: Unable to locate element: {&quot;method&quot;:&quot;link text&quot;,&quot;selector&quot;:&quot;File a Bug&quot;}
For documentation on this error, please visit: http://seleniumhq.org/exceptions/no_such_element.html
Build info: version: &apos;2.45.0&apos;, revision: &apos;5017cb8&apos;, time: &apos;2015-02-26 23:59:50&apos;
System info: host: &apos;Rahul-PC&apos;, ip: &apos;192.168.178.1&apos;, os.name: &apos;Windows 8&apos;, os.arch: &apos;x86&apos;, os.version: &apos;6.2&apos;, java.version: &apos;1.7.0_17&apos;
Driver info: driver.version: unknown
	at &lt;anonymous class&gt;.FirefoxDriver.prototype.findElementInternal_(file:///C:/Users/RAHUL~1.RAT/AppData/Local/Temp/anonymous8877169362230770144webdriver-profile/extensions/fxdriver@googlecode.com/components/driver-component.js:10271)
	at &lt;anonymous class&gt;.fxdriver.Timer.prototype.setTimeout/&lt;.notify(file:///C:/Users/RAHUL~1.RAT/AppData/Local/Temp/anonymous8877169362230770144webdriver-profile/extensions/fxdriver@googlecode.com/components/driver-component.js:603)
</pre></div></td>
<td>2</td>
<td>testcase.LoginTest@19d2995</td></tr>
<tr>
<td title='testcase.TestPageFactory.testAdministration()'><b>testAdministration</b><br>Test class: testcase.TestPageFactory</td>
<td><div><pre>org.openqa.selenium.TimeoutException: Timed out waiting for page load.
Command duration or timeout: 62 milliseconds
Build info: version: &apos;2.45.0&apos;, revision: &apos;5017cb8&apos;, time: &apos;2015-02-26 23:59:50&apos;
System info: host: &apos;Rahul-PC&apos;, ip: &apos;192.168.178.1&apos;, os.name: &apos;Windows 8&apos;, os.arch: &apos;x86&apos;, os.version: &apos;6.2&apos;, java.version: &apos;1.7.0_17&apos;
Session ID: 80047332-7eec-452e-a59c-dda1461d1798
Driver info: org.openqa.selenium.firefox.FirefoxDriver
Capabilities [{platform=WINDOWS, acceptSslCerts=true, javascriptEnabled=true, cssSelectorsEnabled=true, databaseEnabled=true, browserName=firefox, handlesAlerts=true, nativeEvents=false, webStorageEnabled=true, rotatable=false, locationContextEnabled=true, applicationCacheEnabled=true, takesScreenshot=true, version=37.0.1}]
	at org.openqa.selenium.remote.ErrorHandler.createThrowable(ErrorHandler.java:204)
	at org.openqa.selenium.remote.ErrorHandler.throwIfResponseFailed(ErrorHandler.java:156)
	at org.openqa.selenium.remote.RemoteWebDriver.execute(RemoteWebDriver.java:599)
	at org.openqa.selenium.remote.RemoteWebDriver.get(RemoteWebDriver.java:304)
	at org.openqa.selenium.remote.RemoteWebDriver$RemoteNavigation.to(RemoteWebDriver.java:854)
	at helper.WindowHelper.navigateToPage(WindowHelper.java:67)
	at testcase.TestPageFactory.testAdministration(TestPageFactory.java:67)
Caused by: org.openqa.selenium.TimeoutException: Timed out waiting for page load.
Build info: version: &apos;2.45.0&apos;, revision: &apos;5017cb8&apos;, time: &apos;2015-02-26 23:59:50&apos;
System info: host: &apos;Rahul-PC&apos;, ip: &apos;192.168.178.1&apos;, os.name: &apos;Windows 8&apos;, os.arch: &apos;x86&apos;, os.version: &apos;6.2&apos;, java.version: &apos;1.7.0_17&apos;
Driver info: driver.version: unknown
	at &lt;anonymous class&gt;.Utils.initWebLoadingListener/&lt;(file:///C:/Users/RAHUL~1.RAT/AppData/Local/Temp/anonymous8877169362230770144webdriver-profile/extensions/fxdriver@googlecode.com/components/driver-component.js:8598)
	at &lt;anonymous class&gt;.WebLoadingListener/e(file:///C:/Users/RAHUL~1.RAT/AppData/Local/Temp/anonymous8877169362230770144webdriver-profile/extensions/fxdriver@googlecode.com/components/driver-component.js:4712)
	at &lt;anonymous class&gt;.WebLoadingListener/&lt;(file:///C:/Users/RAHUL~1.RAT/AppData/Local/Temp/anonymous8877169362230770144webdriver-profile/extensions/fxdriver@googlecode.com/components/driver-component.js:4720)
	at &lt;anonymous class&gt;.fxdriver.Timer.prototype.setTimeout/&lt;.notify(file:///C:/Users/RAHUL~1.RAT/AppData/Local/Temp/anonymous8877169362230770144webdriver-profile/extensions/fxdriver@googlecode.com/components/driver-component.js:603)
... Removed 28 stack frames</pre></div><a href='#' onClick='toggleBox("stack-trace3746822", this, "Click to show all stack frames", "Click to hide stack frames")'>Click to show all stack frames</a>
<div class='stack-trace' id='stack-trace3746822'><pre>org.openqa.selenium.TimeoutException: Timed out waiting for page load.
Command duration or timeout: 62 milliseconds
Build info: version: &apos;2.45.0&apos;, revision: &apos;5017cb8&apos;, time: &apos;2015-02-26 23:59:50&apos;
System info: host: &apos;Rahul-PC&apos;, ip: &apos;192.168.178.1&apos;, os.name: &apos;Windows 8&apos;, os.arch: &apos;x86&apos;, os.version: &apos;6.2&apos;, java.version: &apos;1.7.0_17&apos;
Session ID: 80047332-7eec-452e-a59c-dda1461d1798
Driver info: org.openqa.selenium.firefox.FirefoxDriver
Capabilities [{platform=WINDOWS, acceptSslCerts=true, javascriptEnabled=true, cssSelectorsEnabled=true, databaseEnabled=true, browserName=firefox, handlesAlerts=true, nativeEvents=false, webStorageEnabled=true, rotatable=false, locationContextEnabled=true, applicationCacheEnabled=true, takesScreenshot=true, version=37.0.1}]
	at sun.reflect.NativeConstructorAccessorImpl.newInstance0(Native Method)
	at sun.reflect.NativeConstructorAccessorImpl.newInstance(Unknown Source)
	at sun.reflect.DelegatingConstructorAccessorImpl.newInstance(Unknown Source)
	at java.lang.reflect.Constructor.newInstance(Unknown Source)
	at org.openqa.selenium.remote.ErrorHandler.createThrowable(ErrorHandler.java:204)
	at org.openqa.selenium.remote.ErrorHandler.throwIfResponseFailed(ErrorHandler.java:156)
	at org.openqa.selenium.remote.RemoteWebDriver.execute(RemoteWebDriver.java:599)
	at org.openqa.selenium.remote.RemoteWebDriver.get(RemoteWebDriver.java:304)
	at org.openqa.selenium.remote.RemoteWebDriver$RemoteNavigation.to(RemoteWebDriver.java:854)
	at helper.WindowHelper.navigateToPage(WindowHelper.java:67)
	at testcase.TestPageFactory.testAdministration(TestPageFactory.java:67)
	at sun.reflect.NativeMethodAccessorImpl.invoke0(Native Method)
	at sun.reflect.NativeMethodAccessorImpl.invoke(Unknown Source)
	at sun.reflect.DelegatingMethodAccessorImpl.invoke(Unknown Source)
	at java.lang.reflect.Method.invoke(Unknown Source)
	at org.testng.internal.MethodInvocationHelper.invokeMethod(MethodInvocationHelper.java:84)
	at org.testng.internal.Invoker.invokeMethod(Invoker.java:714)
	at org.testng.internal.Invoker.invokeTestMethod(Invoker.java:901)
	at org.testng.internal.Invoker.invokeTestMethods(Invoker.java:1231)
	at org.testng.internal.TestMethodWorker.invokeTestMethods(TestMethodWorker.java:127)
	at org.testng.internal.TestMethodWorker.run(TestMethodWorker.java:111)
	at org.testng.TestRunner.privateRun(TestRunner.java:767)
	at org.testng.TestRunner.run(TestRunner.java:617)
	at org.testng.SuiteRunner.runTest(SuiteRunner.java:334)
	at org.testng.SuiteRunner.runSequentially(SuiteRunner.java:329)
	at org.testng.SuiteRunner.privateRun(SuiteRunner.java:291)
	at org.testng.SuiteRunner.run(SuiteRunner.java:240)
	at org.testng.SuiteRunnerWorker.runSuite(SuiteRunnerWorker.java:52)
	at org.testng.SuiteRunnerWorker.run(SuiteRunnerWorker.java:86)
	at org.testng.TestNG.runSuitesSequentially(TestNG.java:1224)
	at org.testng.TestNG.runSuitesLocally(TestNG.java:1149)
	at org.testng.TestNG.run(TestNG.java:1057)
	at org.testng.remote.RemoteTestNG.run(RemoteTestNG.java:111)
	at org.testng.remote.RemoteTestNG.initAndRun(RemoteTestNG.java:204)
	at org.testng.remote.RemoteTestNG.main(RemoteTestNG.java:175)
Caused by: org.openqa.selenium.TimeoutException: Timed out waiting for page load.
Build info: version: &apos;2.45.0&apos;, revision: &apos;5017cb8&apos;, time: &apos;2015-02-26 23:59:50&apos;
System info: host: &apos;Rahul-PC&apos;, ip: &apos;192.168.178.1&apos;, os.name: &apos;Windows 8&apos;, os.arch: &apos;x86&apos;, os.version: &apos;6.2&apos;, java.version: &apos;1.7.0_17&apos;
Driver info: driver.version: unknown
	at &lt;anonymous class&gt;.Utils.initWebLoadingListener/&lt;(file:///C:/Users/RAHUL~1.RAT/AppData/Local/Temp/anonymous8877169362230770144webdriver-profile/extensions/fxdriver@googlecode.com/components/driver-component.js:8598)
	at &lt;anonymous class&gt;.WebLoadingListener/e(file:///C:/Users/RAHUL~1.RAT/AppData/Local/Temp/anonymous8877169362230770144webdriver-profile/extensions/fxdriver@googlecode.com/components/driver-component.js:4712)
	at &lt;anonymous class&gt;.WebLoadingListener/&lt;(file:///C:/Users/RAHUL~1.RAT/AppData/Local/Temp/anonymous8877169362230770144webdriver-profile/extensions/fxdriver@googlecode.com/components/driver-component.js:4720)
	at &lt;anonymous class&gt;.fxdriver.Timer.prototype.setTimeout/&lt;.notify(file:///C:/Users/RAHUL~1.RAT/AppData/Local/Temp/anonymous8877169362230770144webdriver-profile/extensions/fxdriver@googlecode.com/components/driver-component.js:603)
</pre></div></td>
<td>0</td>
<td>testcase.TestPageFactory@c30f56</td></tr>
<tr>
<td title='testcase.TestWebDriverBacked.testBackedSelenium()'><b>testBackedSelenium</b><br>Test class: testcase.TestWebDriverBacked</td>
<td><div><pre>com.thoughtworks.selenium.Wait$WaitTimedOutException: Failed to load page within 30000 ms
	at com.thoughtworks.selenium.Wait.wait(Wait.java:99)
	at com.thoughtworks.selenium.Wait.wait(Wait.java:76)
	at com.thoughtworks.selenium.webdriven.commands.WaitForPageToLoad.handleSeleneseCommand(WaitForPageToLoad.java:79)
	at com.thoughtworks.selenium.webdriven.commands.WaitForPageToLoad.handleSeleneseCommand(WaitForPageToLoad.java:1)
	at com.thoughtworks.selenium.webdriven.SeleneseCommand.apply(SeleneseCommand.java:35)
	at com.thoughtworks.selenium.webdriven.Timer.run(Timer.java:40)
	at com.thoughtworks.selenium.webdriven.WebDriverCommandProcessor.execute(WebDriverCommandProcessor.java:148)
	at com.thoughtworks.selenium.webdriven.WebDriverCommandProcessor.doCommand(WebDriverCommandProcessor.java:73)
	at com.thoughtworks.selenium.DefaultSelenium.waitForPageToLoad(DefaultSelenium.java:681)
	at testcase.TestWebDriverBacked.testBackedSelenium(TestWebDriverBacked.java:38)
... Removed 24 stack frames</pre></div><a href='#' onClick='toggleBox("stack-trace25145026", this, "Click to show all stack frames", "Click to hide stack frames")'>Click to show all stack frames</a>
<div class='stack-trace' id='stack-trace25145026'><pre>com.thoughtworks.selenium.Wait$WaitTimedOutException: Failed to load page within 30000 ms
	at com.thoughtworks.selenium.Wait.wait(Wait.java:99)
	at com.thoughtworks.selenium.Wait.wait(Wait.java:76)
	at com.thoughtworks.selenium.webdriven.commands.WaitForPageToLoad.handleSeleneseCommand(WaitForPageToLoad.java:79)
	at com.thoughtworks.selenium.webdriven.commands.WaitForPageToLoad.handleSeleneseCommand(WaitForPageToLoad.java:1)
	at com.thoughtworks.selenium.webdriven.SeleneseCommand.apply(SeleneseCommand.java:35)
	at com.thoughtworks.selenium.webdriven.Timer.run(Timer.java:40)
	at com.thoughtworks.selenium.webdriven.WebDriverCommandProcessor.execute(WebDriverCommandProcessor.java:148)
	at com.thoughtworks.selenium.webdriven.WebDriverCommandProcessor.doCommand(WebDriverCommandProcessor.java:73)
	at com.thoughtworks.selenium.DefaultSelenium.waitForPageToLoad(DefaultSelenium.java:681)
	at testcase.TestWebDriverBacked.testBackedSelenium(TestWebDriverBacked.java:38)
	at sun.reflect.NativeMethodAccessorImpl.invoke0(Native Method)
	at sun.reflect.NativeMethodAccessorImpl.invoke(Unknown Source)
	at sun.reflect.DelegatingMethodAccessorImpl.invoke(Unknown Source)
	at java.lang.reflect.Method.invoke(Unknown Source)
	at org.testng.internal.MethodInvocationHelper.invokeMethod(MethodInvocationHelper.java:84)
	at org.testng.internal.Invoker.invokeMethod(Invoker.java:714)
	at org.testng.internal.Invoker.invokeTestMethod(Invoker.java:901)
	at org.testng.internal.Invoker.invokeTestMethods(Invoker.java:1231)
	at org.testng.internal.TestMethodWorker.invokeTestMethods(TestMethodWorker.java:127)
	at org.testng.internal.TestMethodWorker.run(TestMethodWorker.java:111)
	at org.testng.TestRunner.privateRun(TestRunner.java:767)
	at org.testng.TestRunner.run(TestRunner.java:617)
	at org.testng.SuiteRunner.runTest(SuiteRunner.java:334)
	at org.testng.SuiteRunner.runSequentially(SuiteRunner.java:329)
	at org.testng.SuiteRunner.privateRun(SuiteRunner.java:291)
	at org.testng.SuiteRunner.run(SuiteRunner.java:240)
	at org.testng.SuiteRunnerWorker.runSuite(SuiteRunnerWorker.java:52)
	at org.testng.SuiteRunnerWorker.run(SuiteRunnerWorker.java:86)
	at org.testng.TestNG.runSuitesSequentially(TestNG.java:1224)
	at org.testng.TestNG.runSuitesLocally(TestNG.java:1149)
	at org.testng.TestNG.run(TestNG.java:1057)
	at org.testng.remote.RemoteTestNG.run(RemoteTestNG.java:111)
	at org.testng.remote.RemoteTestNG.initAndRun(RemoteTestNG.java:204)
	at org.testng.remote.RemoteTestNG.main(RemoteTestNG.java:175)
</pre></div></td>
<td>62</td>
<td>testcase.TestWebDriverBacked@13c7b52</td></tr>
<tr>
<td title='testcase.TestClass.testCase()'><b>testCase</b><br>Test class: testcase.TestClass<br>Parameters: {UserName=User1, Password=Pass1, Valid=No}</td>
<td><div><pre>java.util.NoSuchElementException: Link Text Not Found : File a Bug
	at helper.LinkHelper.clickLink(LinkHelper.java:24)
	at testcase.TestClass.testCase(TestClass.java:33)
... Removed 24 stack frames</pre></div><a href='#' onClick='toggleBox("stack-trace29522040", this, "Click to show all stack frames", "Click to hide stack frames")'>Click to show all stack frames</a>
<div class='stack-trace' id='stack-trace29522040'><pre>java.util.NoSuchElementException: Link Text Not Found : File a Bug
	at helper.LinkHelper.clickLink(LinkHelper.java:24)
	at testcase.TestClass.testCase(TestClass.java:33)
	at sun.reflect.NativeMethodAccessorImpl.invoke0(Native Method)
	at sun.reflect.NativeMethodAccessorImpl.invoke(Unknown Source)
	at sun.reflect.DelegatingMethodAccessorImpl.invoke(Unknown Source)
	at java.lang.reflect.Method.invoke(Unknown Source)
	at org.testng.internal.MethodInvocationHelper.invokeMethod(MethodInvocationHelper.java:84)
	at org.testng.internal.Invoker.invokeMethod(Invoker.java:714)
	at org.testng.internal.Invoker.invokeTestMethod(Invoker.java:901)
	at org.testng.internal.Invoker.invokeTestMethods(Invoker.java:1231)
	at org.testng.internal.TestMethodWorker.invokeTestMethods(TestMethodWorker.java:127)
	at org.testng.internal.TestMethodWorker.run(TestMethodWorker.java:111)
	at org.testng.TestRunner.privateRun(TestRunner.java:767)
	at org.testng.TestRunner.run(TestRunner.java:617)
	at org.testng.SuiteRunner.runTest(SuiteRunner.java:334)
	at org.testng.SuiteRunner.runSequentially(SuiteRunner.java:329)
	at org.testng.SuiteRunner.privateRun(SuiteRunner.java:291)
	at org.testng.SuiteRunner.run(SuiteRunner.java:240)
	at org.testng.SuiteRunnerWorker.runSuite(SuiteRunnerWorker.java:52)
	at org.testng.SuiteRunnerWorker.run(SuiteRunnerWorker.java:86)
	at org.testng.TestNG.runSuitesSequentially(TestNG.java:1224)
	at org.testng.TestNG.runSuitesLocally(TestNG.java:1149)
	at org.testng.TestNG.run(TestNG.java:1057)
	at org.testng.remote.RemoteTestNG.run(RemoteTestNG.java:111)
	at org.testng.remote.RemoteTestNG.initAndRun(RemoteTestNG.java:204)
	at org.testng.remote.RemoteTestNG.main(RemoteTestNG.java:175)
</pre></div></td>
<td>4</td>
<td>testcase.TestClass@799767</td></tr>
<tr>
<td title='testcase.TestClass.testCase()'><b>testCase</b><br>Test class: testcase.TestClass<br>Parameters: {UserName=User2, Password=Pass2, Valid=No}</td>
<td><div><pre>java.util.NoSuchElementException: Link Text Not Found : File a Bug
	at helper.LinkHelper.clickLink(LinkHelper.java:24)
	at testcase.TestClass.testCase(TestClass.java:33)
... Removed 24 stack frames</pre></div><a href='#' onClick='toggleBox("stack-trace11436316", this, "Click to show all stack frames", "Click to hide stack frames")'>Click to show all stack frames</a>
<div class='stack-trace' id='stack-trace11436316'><pre>java.util.NoSuchElementException: Link Text Not Found : File a Bug
	at helper.LinkHelper.clickLink(LinkHelper.java:24)
	at testcase.TestClass.testCase(TestClass.java:33)
	at sun.reflect.NativeMethodAccessorImpl.invoke0(Native Method)
	at sun.reflect.NativeMethodAccessorImpl.invoke(Unknown Source)
	at sun.reflect.DelegatingMethodAccessorImpl.invoke(Unknown Source)
	at java.lang.reflect.Method.invoke(Unknown Source)
	at org.testng.internal.MethodInvocationHelper.invokeMethod(MethodInvocationHelper.java:84)
	at org.testng.internal.Invoker.invokeMethod(Invoker.java:714)
	at org.testng.internal.Invoker.invokeTestMethod(Invoker.java:901)
	at org.testng.internal.Invoker.invokeTestMethods(Invoker.java:1231)
	at org.testng.internal.TestMethodWorker.invokeTestMethods(TestMethodWorker.java:127)
	at org.testng.internal.TestMethodWorker.run(TestMethodWorker.java:111)
	at org.testng.TestRunner.privateRun(TestRunner.java:767)
	at org.testng.TestRunner.run(TestRunner.java:617)
	at org.testng.SuiteRunner.runTest(SuiteRunner.java:334)
	at org.testng.SuiteRunner.runSequentially(SuiteRunner.java:329)
	at org.testng.SuiteRunner.privateRun(SuiteRunner.java:291)
	at org.testng.SuiteRunner.run(SuiteRunner.java:240)
	at org.testng.SuiteRunnerWorker.runSuite(SuiteRunnerWorker.java:52)
	at org.testng.SuiteRunnerWorker.run(SuiteRunnerWorker.java:86)
	at org.testng.TestNG.runSuitesSequentially(TestNG.java:1224)
	at org.testng.TestNG.runSuitesLocally(TestNG.java:1149)
	at org.testng.TestNG.run(TestNG.java:1057)
	at org.testng.remote.RemoteTestNG.run(RemoteTestNG.java:111)
	at org.testng.remote.RemoteTestNG.initAndRun(RemoteTestNG.java:204)
	at org.testng.remote.RemoteTestNG.main(RemoteTestNG.java:175)
</pre></div></td>
<td>4</td>
<td>testcase.TestClass@799767</td></tr>
<tr>
<td title='testcase.TestClass.testCase()'><b>testCase</b><br>Test class: testcase.TestClass<br>Parameters: {UserName=User3, Password=Pass3, Valid=No}</td>
<td><div><pre>java.util.NoSuchElementException: Link Text Not Found : File a Bug
	at helper.LinkHelper.clickLink(LinkHelper.java:24)
	at testcase.TestClass.testCase(TestClass.java:33)
... Removed 24 stack frames</pre></div><a href='#' onClick='toggleBox("stack-trace29245564", this, "Click to show all stack frames", "Click to hide stack frames")'>Click to show all stack frames</a>
<div class='stack-trace' id='stack-trace29245564'><pre>java.util.NoSuchElementException: Link Text Not Found : File a Bug
	at helper.LinkHelper.clickLink(LinkHelper.java:24)
	at testcase.TestClass.testCase(TestClass.java:33)
	at sun.reflect.NativeMethodAccessorImpl.invoke0(Native Method)
	at sun.reflect.NativeMethodAccessorImpl.invoke(Unknown Source)
	at sun.reflect.DelegatingMethodAccessorImpl.invoke(Unknown Source)
	at java.lang.reflect.Method.invoke(Unknown Source)
	at org.testng.internal.MethodInvocationHelper.invokeMethod(MethodInvocationHelper.java:84)
	at org.testng.internal.Invoker.invokeMethod(Invoker.java:714)
	at org.testng.internal.Invoker.invokeTestMethod(Invoker.java:901)
	at org.testng.internal.Invoker.invokeTestMethods(Invoker.java:1231)
	at org.testng.internal.TestMethodWorker.invokeTestMethods(TestMethodWorker.java:127)
	at org.testng.internal.TestMethodWorker.run(TestMethodWorker.java:111)
	at org.testng.TestRunner.privateRun(TestRunner.java:767)
	at org.testng.TestRunner.run(TestRunner.java:617)
	at org.testng.SuiteRunner.runTest(SuiteRunner.java:334)
	at org.testng.SuiteRunner.runSequentially(SuiteRunner.java:329)
	at org.testng.SuiteRunner.privateRun(SuiteRunner.java:291)
	at org.testng.SuiteRunner.run(SuiteRunner.java:240)
	at org.testng.SuiteRunnerWorker.runSuite(SuiteRunnerWorker.java:52)
	at org.testng.SuiteRunnerWorker.run(SuiteRunnerWorker.java:86)
	at org.testng.TestNG.runSuitesSequentially(TestNG.java:1224)
	at org.testng.TestNG.runSuitesLocally(TestNG.java:1149)
	at org.testng.TestNG.run(TestNG.java:1057)
	at org.testng.remote.RemoteTestNG.run(RemoteTestNG.java:111)
	at org.testng.remote.RemoteTestNG.initAndRun(RemoteTestNG.java:204)
	at org.testng.remote.RemoteTestNG.main(RemoteTestNG.java:175)
</pre></div></td>
<td>4</td>
<td>testcase.TestClass@799767</td></tr>
<tr>
<td title='testcase.TestClass.testCase()'><b>testCase</b><br>Test class: testcase.TestClass<br>Parameters: {UserName=rahul@bugzila.com, Password=rathore, Valid=yes}</td>
<td><div><pre>java.util.NoSuchElementException: Link Text Not Found : File a Bug
	at helper.LinkHelper.clickLink(LinkHelper.java:24)
	at testcase.TestClass.testCase(TestClass.java:33)
... Removed 24 stack frames</pre></div><a href='#' onClick='toggleBox("stack-trace13059745", this, "Click to show all stack frames", "Click to hide stack frames")'>Click to show all stack frames</a>
<div class='stack-trace' id='stack-trace13059745'><pre>java.util.NoSuchElementException: Link Text Not Found : File a Bug
	at helper.LinkHelper.clickLink(LinkHelper.java:24)
	at testcase.TestClass.testCase(TestClass.java:33)
	at sun.reflect.NativeMethodAccessorImpl.invoke0(Native Method)
	at sun.reflect.NativeMethodAccessorImpl.invoke(Unknown Source)
	at sun.reflect.DelegatingMethodAccessorImpl.invoke(Unknown Source)
	at java.lang.reflect.Method.invoke(Unknown Source)
	at org.testng.internal.MethodInvocationHelper.invokeMethod(MethodInvocationHelper.java:84)
	at org.testng.internal.Invoker.invokeMethod(Invoker.java:714)
	at org.testng.internal.Invoker.invokeTestMethod(Invoker.java:901)
	at org.testng.internal.Invoker.invokeTestMethods(Invoker.java:1231)
	at org.testng.internal.TestMethodWorker.invokeTestMethods(TestMethodWorker.java:127)
	at org.testng.internal.TestMethodWorker.run(TestMethodWorker.java:111)
	at org.testng.TestRunner.privateRun(TestRunner.java:767)
	at org.testng.TestRunner.run(TestRunner.java:617)
	at org.testng.SuiteRunner.runTest(SuiteRunner.java:334)
	at org.testng.SuiteRunner.runSequentially(SuiteRunner.java:329)
	at org.testng.SuiteRunner.privateRun(SuiteRunner.java:291)
	at org.testng.SuiteRunner.run(SuiteRunner.java:240)
	at org.testng.SuiteRunnerWorker.runSuite(SuiteRunnerWorker.java:52)
	at org.testng.SuiteRunnerWorker.run(SuiteRunnerWorker.java:86)
	at org.testng.TestNG.runSuitesSequentially(TestNG.java:1224)
	at org.testng.TestNG.runSuitesLocally(TestNG.java:1149)
	at org.testng.TestNG.run(TestNG.java:1057)
	at org.testng.remote.RemoteTestNG.run(RemoteTestNG.java:111)
	at org.testng.remote.RemoteTestNG.initAndRun(RemoteTestNG.java:204)
	at org.testng.remote.RemoteTestNG.main(RemoteTestNG.java:175)
</pre></div></td>
<td>4</td>
<td>testcase.TestClass@799767</td></tr>
<tr>
<td title='testcase.TestNg.testCase()'><b>testCase</b><br>Test class: testcase.TestNg</td>
<td><div><pre>java.lang.AssertionError: expected [Google1] but found [Google]
	at testcase.TestNg.testCase(TestNg.java:51)
... Removed 29 stack frames</pre></div><a href='#' onClick='toggleBox("stack-trace26055791", this, "Click to show all stack frames", "Click to hide stack frames")'>Click to show all stack frames</a>
<div class='stack-trace' id='stack-trace26055791'><pre>java.lang.AssertionError: expected [Google1] but found [Google]
	at org.testng.Assert.fail(Assert.java:94)
	at org.testng.Assert.failNotEquals(Assert.java:494)
	at org.testng.Assert.assertEquals(Assert.java:123)
	at org.testng.Assert.assertEquals(Assert.java:176)
	at org.testng.Assert.assertEquals(Assert.java:186)
	at testcase.TestNg.testCase(TestNg.java:51)
	at sun.reflect.NativeMethodAccessorImpl.invoke0(Native Method)
	at sun.reflect.NativeMethodAccessorImpl.invoke(Unknown Source)
	at sun.reflect.DelegatingMethodAccessorImpl.invoke(Unknown Source)
	at java.lang.reflect.Method.invoke(Unknown Source)
	at org.testng.internal.MethodInvocationHelper.invokeMethod(MethodInvocationHelper.java:84)
	at org.testng.internal.Invoker.invokeMethod(Invoker.java:714)
	at org.testng.internal.Invoker.invokeTestMethod(Invoker.java:901)
	at org.testng.internal.Invoker.invokeTestMethods(Invoker.java:1231)
	at org.testng.internal.TestMethodWorker.invokeTestMethods(TestMethodWorker.java:127)
	at org.testng.internal.TestMethodWorker.run(TestMethodWorker.java:111)
	at org.testng.TestRunner.privateRun(TestRunner.java:767)
	at org.testng.TestRunner.run(TestRunner.java:617)
	at org.testng.SuiteRunner.runTest(SuiteRunner.java:334)
	at org.testng.SuiteRunner.runSequentially(SuiteRunner.java:329)
	at org.testng.SuiteRunner.privateRun(SuiteRunner.java:291)
	at org.testng.SuiteRunner.run(SuiteRunner.java:240)
	at org.testng.SuiteRunnerWorker.runSuite(SuiteRunnerWorker.java:52)
	at org.testng.SuiteRunnerWorker.run(SuiteRunnerWorker.java:86)
	at org.testng.TestNG.runSuitesSequentially(TestNG.java:1224)
	at org.testng.TestNG.runSuitesLocally(TestNG.java:1149)
	at org.testng.TestNG.run(TestNG.java:1057)
	at org.testng.remote.RemoteTestNG.run(RemoteTestNG.java:111)
	at org.testng.remote.RemoteTestNG.initAndRun(RemoteTestNG.java:204)
	at org.testng.remote.RemoteTestNG.main(RemoteTestNG.java:175)
</pre></div></td>
<td>0</td>
<td>testcase.TestNg@c4db49</td></tr>
<tr>
<td title='testcase.TestFrameWork.testCaseFrame()'><b>testCaseFrame</b><br>Test class: testcase.TestFrameWork</td>
<td><div><pre>org.openqa.selenium.TimeoutException: Timed out waiting for page load.
Command duration or timeout: 93 milliseconds
Build info: version: &apos;2.45.0&apos;, revision: &apos;5017cb8&apos;, time: &apos;2015-02-26 23:59:50&apos;
System info: host: &apos;Rahul-PC&apos;, ip: &apos;192.168.178.1&apos;, os.name: &apos;Windows 8&apos;, os.arch: &apos;x86&apos;, os.version: &apos;6.2&apos;, java.version: &apos;1.7.0_17&apos;
Session ID: 80047332-7eec-452e-a59c-dda1461d1798
Driver info: org.openqa.selenium.firefox.FirefoxDriver
Capabilities [{platform=WINDOWS, acceptSslCerts=true, javascriptEnabled=true, cssSelectorsEnabled=true, databaseEnabled=true, browserName=firefox, handlesAlerts=true, nativeEvents=false, webStorageEnabled=true, rotatable=false, locationContextEnabled=true, applicationCacheEnabled=true, takesScreenshot=true, version=37.0.1}]
	at org.openqa.selenium.remote.ErrorHandler.createThrowable(ErrorHandler.java:204)
	at org.openqa.selenium.remote.ErrorHandler.throwIfResponseFailed(ErrorHandler.java:156)
	at org.openqa.selenium.remote.RemoteWebDriver.execute(RemoteWebDriver.java:599)
	at org.openqa.selenium.remote.RemoteWebDriver.get(RemoteWebDriver.java:304)
	at org.openqa.selenium.remote.RemoteWebDriver$RemoteNavigation.to(RemoteWebDriver.java:854)
	at helper.WindowHelper.navigateToPage(WindowHelper.java:67)
	at testcase.TestFrameWork.testCaseFrame(TestFrameWork.java:20)
Caused by: org.openqa.selenium.TimeoutException: Timed out waiting for page load.
Build info: version: &apos;2.45.0&apos;, revision: &apos;5017cb8&apos;, time: &apos;2015-02-26 23:59:50&apos;
System info: host: &apos;Rahul-PC&apos;, ip: &apos;192.168.178.1&apos;, os.name: &apos;Windows 8&apos;, os.arch: &apos;x86&apos;, os.version: &apos;6.2&apos;, java.version: &apos;1.7.0_17&apos;
Driver info: driver.version: unknown
	at &lt;anonymous class&gt;.Utils.initWebLoadingListener/&lt;(file:///C:/Users/RAHUL~1.RAT/AppData/Local/Temp/anonymous8877169362230770144webdriver-profile/extensions/fxdriver@googlecode.com/components/driver-component.js:8598)
	at &lt;anonymous class&gt;.WebLoadingListener/e(file:///C:/Users/RAHUL~1.RAT/AppData/Local/Temp/anonymous8877169362230770144webdriver-profile/extensions/fxdriver@googlecode.com/components/driver-component.js:4712)
	at &lt;anonymous class&gt;.WebLoadingListener/&lt;(file:///C:/Users/RAHUL~1.RAT/AppData/Local/Temp/anonymous8877169362230770144webdriver-profile/extensions/fxdriver@googlecode.com/components/driver-component.js:4720)
	at &lt;anonymous class&gt;.fxdriver.Timer.prototype.setTimeout/&lt;.notify(file:///C:/Users/RAHUL~1.RAT/AppData/Local/Temp/anonymous8877169362230770144webdriver-profile/extensions/fxdriver@googlecode.com/components/driver-component.js:603)
... Removed 28 stack frames</pre></div><a href='#' onClick='toggleBox("stack-trace26119807", this, "Click to show all stack frames", "Click to hide stack frames")'>Click to show all stack frames</a>
<div class='stack-trace' id='stack-trace26119807'><pre>org.openqa.selenium.TimeoutException: Timed out waiting for page load.
Command duration or timeout: 93 milliseconds
Build info: version: &apos;2.45.0&apos;, revision: &apos;5017cb8&apos;, time: &apos;2015-02-26 23:59:50&apos;
System info: host: &apos;Rahul-PC&apos;, ip: &apos;192.168.178.1&apos;, os.name: &apos;Windows 8&apos;, os.arch: &apos;x86&apos;, os.version: &apos;6.2&apos;, java.version: &apos;1.7.0_17&apos;
Session ID: 80047332-7eec-452e-a59c-dda1461d1798
Driver info: org.openqa.selenium.firefox.FirefoxDriver
Capabilities [{platform=WINDOWS, acceptSslCerts=true, javascriptEnabled=true, cssSelectorsEnabled=true, databaseEnabled=true, browserName=firefox, handlesAlerts=true, nativeEvents=false, webStorageEnabled=true, rotatable=false, locationContextEnabled=true, applicationCacheEnabled=true, takesScreenshot=true, version=37.0.1}]
	at sun.reflect.NativeConstructorAccessorImpl.newInstance0(Native Method)
	at sun.reflect.NativeConstructorAccessorImpl.newInstance(Unknown Source)
	at sun.reflect.DelegatingConstructorAccessorImpl.newInstance(Unknown Source)
	at java.lang.reflect.Constructor.newInstance(Unknown Source)
	at org.openqa.selenium.remote.ErrorHandler.createThrowable(ErrorHandler.java:204)
	at org.openqa.selenium.remote.ErrorHandler.throwIfResponseFailed(ErrorHandler.java:156)
	at org.openqa.selenium.remote.RemoteWebDriver.execute(RemoteWebDriver.java:599)
	at org.openqa.selenium.remote.RemoteWebDriver.get(RemoteWebDriver.java:304)
	at org.openqa.selenium.remote.RemoteWebDriver$RemoteNavigation.to(RemoteWebDriver.java:854)
	at helper.WindowHelper.navigateToPage(WindowHelper.java:67)
	at testcase.TestFrameWork.testCaseFrame(TestFrameWork.java:20)
	at sun.reflect.NativeMethodAccessorImpl.invoke0(Native Method)
	at sun.reflect.NativeMethodAccessorImpl.invoke(Unknown Source)
	at sun.reflect.DelegatingMethodAccessorImpl.invoke(Unknown Source)
	at java.lang.reflect.Method.invoke(Unknown Source)
	at org.testng.internal.MethodInvocationHelper.invokeMethod(MethodInvocationHelper.java:84)
	at org.testng.internal.Invoker.invokeMethod(Invoker.java:714)
	at org.testng.internal.Invoker.invokeTestMethod(Invoker.java:901)
	at org.testng.internal.Invoker.invokeTestMethods(Invoker.java:1231)
	at org.testng.internal.TestMethodWorker.invokeTestMethods(TestMethodWorker.java:127)
	at org.testng.internal.TestMethodWorker.run(TestMethodWorker.java:111)
	at org.testng.TestRunner.privateRun(TestRunner.java:767)
	at org.testng.TestRunner.run(TestRunner.java:617)
	at org.testng.SuiteRunner.runTest(SuiteRunner.java:334)
	at org.testng.SuiteRunner.runSequentially(SuiteRunner.java:329)
	at org.testng.SuiteRunner.privateRun(SuiteRunner.java:291)
	at org.testng.SuiteRunner.run(SuiteRunner.java:240)
	at org.testng.SuiteRunnerWorker.runSuite(SuiteRunnerWorker.java:52)
	at org.testng.SuiteRunnerWorker.run(SuiteRunnerWorker.java:86)
	at org.testng.TestNG.runSuitesSequentially(TestNG.java:1224)
	at org.testng.TestNG.runSuitesLocally(TestNG.java:1149)
	at org.testng.TestNG.run(TestNG.java:1057)
	at org.testng.remote.RemoteTestNG.run(RemoteTestNG.java:111)
	at org.testng.remote.RemoteTestNG.initAndRun(RemoteTestNG.java:204)
	at org.testng.remote.RemoteTestNG.main(RemoteTestNG.java:175)
Caused by: org.openqa.selenium.TimeoutException: Timed out waiting for page load.
Build info: version: &apos;2.45.0&apos;, revision: &apos;5017cb8&apos;, time: &apos;2015-02-26 23:59:50&apos;
System info: host: &apos;Rahul-PC&apos;, ip: &apos;192.168.178.1&apos;, os.name: &apos;Windows 8&apos;, os.arch: &apos;x86&apos;, os.version: &apos;6.2&apos;, java.version: &apos;1.7.0_17&apos;
Driver info: driver.version: unknown
	at &lt;anonymous class&gt;.Utils.initWebLoadingListener/&lt;(file:///C:/Users/RAHUL~1.RAT/AppData/Local/Temp/anonymous8877169362230770144webdriver-profile/extensions/fxdriver@googlecode.com/components/driver-component.js:8598)
	at &lt;anonymous class&gt;.WebLoadingListener/e(file:///C:/Users/RAHUL~1.RAT/AppData/Local/Temp/anonymous8877169362230770144webdriver-profile/extensions/fxdriver@googlecode.com/components/driver-component.js:4712)
	at &lt;anonymous class&gt;.WebLoadingListener/&lt;(file:///C:/Users/RAHUL~1.RAT/AppData/Local/Temp/anonymous8877169362230770144webdriver-profile/extensions/fxdriver@googlecode.com/components/driver-component.js:4720)
	at &lt;anonymous class&gt;.fxdriver.Timer.prototype.setTimeout/&lt;.notify(file:///C:/Users/RAHUL~1.RAT/AppData/Local/Temp/anonymous8877169362230770144webdriver-profile/extensions/fxdriver@googlecode.com/components/driver-component.js:603)
</pre></div></td>
<td>0</td>
<td>testcase.TestFrameWork@c1b980</td></tr>
<tr>
<td title='testcase.TestPrompt.testCasePrompt()'><b>testCasePrompt</b><br>Test class: testcase.TestPrompt</td>
<td><div><pre>org.openqa.selenium.TimeoutException: Timed out waiting for page load.
Command duration or timeout: 187 milliseconds
Build info: version: &apos;2.45.0&apos;, revision: &apos;5017cb8&apos;, time: &apos;2015-02-26 23:59:50&apos;
System info: host: &apos;Rahul-PC&apos;, ip: &apos;192.168.178.1&apos;, os.name: &apos;Windows 8&apos;, os.arch: &apos;x86&apos;, os.version: &apos;6.2&apos;, java.version: &apos;1.7.0_17&apos;
Session ID: 80047332-7eec-452e-a59c-dda1461d1798
Driver info: org.openqa.selenium.firefox.FirefoxDriver
Capabilities [{platform=WINDOWS, acceptSslCerts=true, javascriptEnabled=true, cssSelectorsEnabled=true, databaseEnabled=true, browserName=firefox, handlesAlerts=true, nativeEvents=false, webStorageEnabled=true, rotatable=false, locationContextEnabled=true, applicationCacheEnabled=true, takesScreenshot=true, version=37.0.1}]
	at org.openqa.selenium.remote.ErrorHandler.createThrowable(ErrorHandler.java:204)
	at org.openqa.selenium.remote.ErrorHandler.throwIfResponseFailed(ErrorHandler.java:156)
	at org.openqa.selenium.remote.RemoteWebDriver.execute(RemoteWebDriver.java:599)
	at org.openqa.selenium.remote.RemoteWebDriver.get(RemoteWebDriver.java:304)
	at org.openqa.selenium.remote.RemoteWebDriver$RemoteNavigation.to(RemoteWebDriver.java:854)
	at helper.WindowHelper.navigateToPage(WindowHelper.java:67)
	at testcase.TestPrompt.testCasePrompt(TestPrompt.java:22)
Caused by: org.openqa.selenium.TimeoutException: Timed out waiting for page load.
Build info: version: &apos;2.45.0&apos;, revision: &apos;5017cb8&apos;, time: &apos;2015-02-26 23:59:50&apos;
System info: host: &apos;Rahul-PC&apos;, ip: &apos;192.168.178.1&apos;, os.name: &apos;Windows 8&apos;, os.arch: &apos;x86&apos;, os.version: &apos;6.2&apos;, java.version: &apos;1.7.0_17&apos;
Driver info: driver.version: unknown
	at &lt;anonymous class&gt;.Utils.initWebLoadingListener/&lt;(file:///C:/Users/RAHUL~1.RAT/AppData/Local/Temp/anonymous8877169362230770144webdriver-profile/extensions/fxdriver@googlecode.com/components/driver-component.js:8598)
	at &lt;anonymous class&gt;.WebLoadingListener/e(file:///C:/Users/RAHUL~1.RAT/AppData/Local/Temp/anonymous8877169362230770144webdriver-profile/extensions/fxdriver@googlecode.com/components/driver-component.js:4712)
	at &lt;anonymous class&gt;.WebLoadingListener/&lt;(file:///C:/Users/RAHUL~1.RAT/AppData/Local/Temp/anonymous8877169362230770144webdriver-profile/extensions/fxdriver@googlecode.com/components/driver-component.js:4720)
	at &lt;anonymous class&gt;.fxdriver.Timer.prototype.setTimeout/&lt;.notify(file:///C:/Users/RAHUL~1.RAT/AppData/Local/Temp/anonymous8877169362230770144webdriver-profile/extensions/fxdriver@googlecode.com/components/driver-component.js:603)
... Removed 28 stack frames</pre></div><a href='#' onClick='toggleBox("stack-trace31870010", this, "Click to show all stack frames", "Click to hide stack frames")'>Click to show all stack frames</a>
<div class='stack-trace' id='stack-trace31870010'><pre>org.openqa.selenium.TimeoutException: Timed out waiting for page load.
Command duration or timeout: 187 milliseconds
Build info: version: &apos;2.45.0&apos;, revision: &apos;5017cb8&apos;, time: &apos;2015-02-26 23:59:50&apos;
System info: host: &apos;Rahul-PC&apos;, ip: &apos;192.168.178.1&apos;, os.name: &apos;Windows 8&apos;, os.arch: &apos;x86&apos;, os.version: &apos;6.2&apos;, java.version: &apos;1.7.0_17&apos;
Session ID: 80047332-7eec-452e-a59c-dda1461d1798
Driver info: org.openqa.selenium.firefox.FirefoxDriver
Capabilities [{platform=WINDOWS, acceptSslCerts=true, javascriptEnabled=true, cssSelectorsEnabled=true, databaseEnabled=true, browserName=firefox, handlesAlerts=true, nativeEvents=false, webStorageEnabled=true, rotatable=false, locationContextEnabled=true, applicationCacheEnabled=true, takesScreenshot=true, version=37.0.1}]
	at sun.reflect.NativeConstructorAccessorImpl.newInstance0(Native Method)
	at sun.reflect.NativeConstructorAccessorImpl.newInstance(Unknown Source)
	at sun.reflect.DelegatingConstructorAccessorImpl.newInstance(Unknown Source)
	at java.lang.reflect.Constructor.newInstance(Unknown Source)
	at org.openqa.selenium.remote.ErrorHandler.createThrowable(ErrorHandler.java:204)
	at org.openqa.selenium.remote.ErrorHandler.throwIfResponseFailed(ErrorHandler.java:156)
	at org.openqa.selenium.remote.RemoteWebDriver.execute(RemoteWebDriver.java:599)
	at org.openqa.selenium.remote.RemoteWebDriver.get(RemoteWebDriver.java:304)
	at org.openqa.selenium.remote.RemoteWebDriver$RemoteNavigation.to(RemoteWebDriver.java:854)
	at helper.WindowHelper.navigateToPage(WindowHelper.java:67)
	at testcase.TestPrompt.testCasePrompt(TestPrompt.java:22)
	at sun.reflect.NativeMethodAccessorImpl.invoke0(Native Method)
	at sun.reflect.NativeMethodAccessorImpl.invoke(Unknown Source)
	at sun.reflect.DelegatingMethodAccessorImpl.invoke(Unknown Source)
	at java.lang.reflect.Method.invoke(Unknown Source)
	at org.testng.internal.MethodInvocationHelper.invokeMethod(MethodInvocationHelper.java:84)
	at org.testng.internal.Invoker.invokeMethod(Invoker.java:714)
	at org.testng.internal.Invoker.invokeTestMethod(Invoker.java:901)
	at org.testng.internal.Invoker.invokeTestMethods(Invoker.java:1231)
	at org.testng.internal.TestMethodWorker.invokeTestMethods(TestMethodWorker.java:127)
	at org.testng.internal.TestMethodWorker.run(TestMethodWorker.java:111)
	at org.testng.TestRunner.privateRun(TestRunner.java:767)
	at org.testng.TestRunner.run(TestRunner.java:617)
	at org.testng.SuiteRunner.runTest(SuiteRunner.java:334)
	at org.testng.SuiteRunner.runSequentially(SuiteRunner.java:329)
	at org.testng.SuiteRunner.privateRun(SuiteRunner.java:291)
	at org.testng.SuiteRunner.run(SuiteRunner.java:240)
	at org.testng.SuiteRunnerWorker.runSuite(SuiteRunnerWorker.java:52)
	at org.testng.SuiteRunnerWorker.run(SuiteRunnerWorker.java:86)
	at org.testng.TestNG.runSuitesSequentially(TestNG.java:1224)
	at org.testng.TestNG.runSuitesLocally(TestNG.java:1149)
	at org.testng.TestNG.run(TestNG.java:1057)
	at org.testng.remote.RemoteTestNG.run(RemoteTestNG.java:111)
	at org.testng.remote.RemoteTestNG.initAndRun(RemoteTestNG.java:204)
	at org.testng.remote.RemoteTestNG.main(RemoteTestNG.java:175)
Caused by: org.openqa.selenium.TimeoutException: Timed out waiting for page load.
Build info: version: &apos;2.45.0&apos;, revision: &apos;5017cb8&apos;, time: &apos;2015-02-26 23:59:50&apos;
System info: host: &apos;Rahul-PC&apos;, ip: &apos;192.168.178.1&apos;, os.name: &apos;Windows 8&apos;, os.arch: &apos;x86&apos;, os.version: &apos;6.2&apos;, java.version: &apos;1.7.0_17&apos;
Driver info: driver.version: unknown
	at &lt;anonymous class&gt;.Utils.initWebLoadingListener/&lt;(file:///C:/Users/RAHUL~1.RAT/AppData/Local/Temp/anonymous8877169362230770144webdriver-profile/extensions/fxdriver@googlecode.com/components/driver-component.js:8598)
	at &lt;anonymous class&gt;.WebLoadingListener/e(file:///C:/Users/RAHUL~1.RAT/AppData/Local/Temp/anonymous8877169362230770144webdriver-profile/extensions/fxdriver@googlecode.com/components/driver-component.js:4712)
	at &lt;anonymous class&gt;.WebLoadingListener/&lt;(file:///C:/Users/RAHUL~1.RAT/AppData/Local/Temp/anonymous8877169362230770144webdriver-profile/extensions/fxdriver@googlecode.com/components/driver-component.js:4720)
	at &lt;anonymous class&gt;.fxdriver.Timer.prototype.setTimeout/&lt;.notify(file:///C:/Users/RAHUL~1.RAT/AppData/Local/Temp/anonymous8877169362230770144webdriver-profile/extensions/fxdriver@googlecode.com/components/driver-component.js:603)
</pre></div></td>
<td>0</td>
<td>testcase.TestPrompt@12d0c2e</td></tr>
<tr>
<td title='testcase.TestScript.testCaseScript()'><b>testCaseScript</b><br>Test class: testcase.TestScript</td>
<td><div><pre>org.openqa.selenium.TimeoutException: Timed out waiting for page load.
Command duration or timeout: 62 milliseconds
Build info: version: &apos;2.45.0&apos;, revision: &apos;5017cb8&apos;, time: &apos;2015-02-26 23:59:50&apos;
System info: host: &apos;Rahul-PC&apos;, ip: &apos;192.168.178.1&apos;, os.name: &apos;Windows 8&apos;, os.arch: &apos;x86&apos;, os.version: &apos;6.2&apos;, java.version: &apos;1.7.0_17&apos;
Session ID: 80047332-7eec-452e-a59c-dda1461d1798
Driver info: org.openqa.selenium.firefox.FirefoxDriver
Capabilities [{platform=WINDOWS, acceptSslCerts=true, javascriptEnabled=true, cssSelectorsEnabled=true, databaseEnabled=true, browserName=firefox, handlesAlerts=true, nativeEvents=false, webStorageEnabled=true, rotatable=false, locationContextEnabled=true, applicationCacheEnabled=true, takesScreenshot=true, version=37.0.1}]
	at org.openqa.selenium.remote.ErrorHandler.createThrowable(ErrorHandler.java:204)
	at org.openqa.selenium.remote.ErrorHandler.throwIfResponseFailed(ErrorHandler.java:156)
	at org.openqa.selenium.remote.RemoteWebDriver.execute(RemoteWebDriver.java:599)
	at org.openqa.selenium.remote.RemoteWebDriver.get(RemoteWebDriver.java:304)
	at org.openqa.selenium.remote.RemoteWebDriver$RemoteNavigation.to(RemoteWebDriver.java:854)
	at helper.WindowHelper.navigateToPage(WindowHelper.java:67)
	at testcase.TestScript.testCaseScript(TestScript.java:22)
Caused by: org.openqa.selenium.TimeoutException: Timed out waiting for page load.
Build info: version: &apos;2.45.0&apos;, revision: &apos;5017cb8&apos;, time: &apos;2015-02-26 23:59:50&apos;
System info: host: &apos;Rahul-PC&apos;, ip: &apos;192.168.178.1&apos;, os.name: &apos;Windows 8&apos;, os.arch: &apos;x86&apos;, os.version: &apos;6.2&apos;, java.version: &apos;1.7.0_17&apos;
Driver info: driver.version: unknown
	at &lt;anonymous class&gt;.Utils.initWebLoadingListener/&lt;(file:///C:/Users/RAHUL~1.RAT/AppData/Local/Temp/anonymous8877169362230770144webdriver-profile/extensions/fxdriver@googlecode.com/components/driver-component.js:8598)
	at &lt;anonymous class&gt;.WebLoadingListener/e(file:///C:/Users/RAHUL~1.RAT/AppData/Local/Temp/anonymous8877169362230770144webdriver-profile/extensions/fxdriver@googlecode.com/components/driver-component.js:4712)
	at &lt;anonymous class&gt;.WebLoadingListener/&lt;(file:///C:/Users/RAHUL~1.RAT/AppData/Local/Temp/anonymous8877169362230770144webdriver-profile/extensions/fxdriver@googlecode.com/components/driver-component.js:4720)
	at &lt;anonymous class&gt;.fxdriver.Timer.prototype.setTimeout/&lt;.notify(file:///C:/Users/RAHUL~1.RAT/AppData/Local/Temp/anonymous8877169362230770144webdriver-profile/extensions/fxdriver@googlecode.com/components/driver-component.js:603)
... Removed 28 stack frames</pre></div><a href='#' onClick='toggleBox("stack-trace28759555", this, "Click to show all stack frames", "Click to hide stack frames")'>Click to show all stack frames</a>
<div class='stack-trace' id='stack-trace28759555'><pre>org.openqa.selenium.TimeoutException: Timed out waiting for page load.
Command duration or timeout: 62 milliseconds
Build info: version: &apos;2.45.0&apos;, revision: &apos;5017cb8&apos;, time: &apos;2015-02-26 23:59:50&apos;
System info: host: &apos;Rahul-PC&apos;, ip: &apos;192.168.178.1&apos;, os.name: &apos;Windows 8&apos;, os.arch: &apos;x86&apos;, os.version: &apos;6.2&apos;, java.version: &apos;1.7.0_17&apos;
Session ID: 80047332-7eec-452e-a59c-dda1461d1798
Driver info: org.openqa.selenium.firefox.FirefoxDriver
Capabilities [{platform=WINDOWS, acceptSslCerts=true, javascriptEnabled=true, cssSelectorsEnabled=true, databaseEnabled=true, browserName=firefox, handlesAlerts=true, nativeEvents=false, webStorageEnabled=true, rotatable=false, locationContextEnabled=true, applicationCacheEnabled=true, takesScreenshot=true, version=37.0.1}]
	at sun.reflect.NativeConstructorAccessorImpl.newInstance0(Native Method)
	at sun.reflect.NativeConstructorAccessorImpl.newInstance(Unknown Source)
	at sun.reflect.DelegatingConstructorAccessorImpl.newInstance(Unknown Source)
	at java.lang.reflect.Constructor.newInstance(Unknown Source)
	at org.openqa.selenium.remote.ErrorHandler.createThrowable(ErrorHandler.java:204)
	at org.openqa.selenium.remote.ErrorHandler.throwIfResponseFailed(ErrorHandler.java:156)
	at org.openqa.selenium.remote.RemoteWebDriver.execute(RemoteWebDriver.java:599)
	at org.openqa.selenium.remote.RemoteWebDriver.get(RemoteWebDriver.java:304)
	at org.openqa.selenium.remote.RemoteWebDriver$RemoteNavigation.to(RemoteWebDriver.java:854)
	at helper.WindowHelper.navigateToPage(WindowHelper.java:67)
	at testcase.TestScript.testCaseScript(TestScript.java:22)
	at sun.reflect.NativeMethodAccessorImpl.invoke0(Native Method)
	at sun.reflect.NativeMethodAccessorImpl.invoke(Unknown Source)
	at sun.reflect.DelegatingMethodAccessorImpl.invoke(Unknown Source)
	at java.lang.reflect.Method.invoke(Unknown Source)
	at org.testng.internal.MethodInvocationHelper.invokeMethod(MethodInvocationHelper.java:84)
	at org.testng.internal.Invoker.invokeMethod(Invoker.java:714)
	at org.testng.internal.Invoker.invokeTestMethod(Invoker.java:901)
	at org.testng.internal.Invoker.invokeTestMethods(Invoker.java:1231)
	at org.testng.internal.TestMethodWorker.invokeTestMethods(TestMethodWorker.java:127)
	at org.testng.internal.TestMethodWorker.run(TestMethodWorker.java:111)
	at org.testng.TestRunner.privateRun(TestRunner.java:767)
	at org.testng.TestRunner.run(TestRunner.java:617)
	at org.testng.SuiteRunner.runTest(SuiteRunner.java:334)
	at org.testng.SuiteRunner.runSequentially(SuiteRunner.java:329)
	at org.testng.SuiteRunner.privateRun(SuiteRunner.java:291)
	at org.testng.SuiteRunner.run(SuiteRunner.java:240)
	at org.testng.SuiteRunnerWorker.runSuite(SuiteRunnerWorker.java:52)
	at org.testng.SuiteRunnerWorker.run(SuiteRunnerWorker.java:86)
	at org.testng.TestNG.runSuitesSequentially(TestNG.java:1224)
	at org.testng.TestNG.runSuitesLocally(TestNG.java:1149)
	at org.testng.TestNG.run(TestNG.java:1057)
	at org.testng.remote.RemoteTestNG.run(RemoteTestNG.java:111)
	at org.testng.remote.RemoteTestNG.initAndRun(RemoteTestNG.java:204)
	at org.testng.remote.RemoteTestNG.main(RemoteTestNG.java:175)
Caused by: org.openqa.selenium.TimeoutException: Timed out waiting for page load.
Build info: version: &apos;2.45.0&apos;, revision: &apos;5017cb8&apos;, time: &apos;2015-02-26 23:59:50&apos;
System info: host: &apos;Rahul-PC&apos;, ip: &apos;192.168.178.1&apos;, os.name: &apos;Windows 8&apos;, os.arch: &apos;x86&apos;, os.version: &apos;6.2&apos;, java.version: &apos;1.7.0_17&apos;
Driver info: driver.version: unknown
	at &lt;anonymous class&gt;.Utils.initWebLoadingListener/&lt;(file:///C:/Users/RAHUL~1.RAT/AppData/Local/Temp/anonymous8877169362230770144webdriver-profile/extensions/fxdriver@googlecode.com/components/driver-component.js:8598)
	at &lt;anonymous class&gt;.WebLoadingListener/e(file:///C:/Users/RAHUL~1.RAT/AppData/Local/Temp/anonymous8877169362230770144webdriver-profile/extensions/fxdriver@googlecode.com/components/driver-component.js:4712)
	at &lt;anonymous class&gt;.WebLoadingListener/&lt;(file:///C:/Users/RAHUL~1.RAT/AppData/Local/Temp/anonymous8877169362230770144webdriver-profile/extensions/fxdriver@googlecode.com/components/driver-component.js:4720)
	at &lt;anonymous class&gt;.fxdriver.Timer.prototype.setTimeout/&lt;.notify(file:///C:/Users/RAHUL~1.RAT/AppData/Local/Temp/anonymous8877169362230770144webdriver-profile/extensions/fxdriver@googlecode.com/components/driver-component.js:603)
</pre></div></td>
<td>0</td>
<td>testcase.TestScript@f6e5e9</td></tr>
<tr>
<td title='testcase.TestAlert.testCasealert()'><b>testCasealert</b><br>Test class: testcase.TestAlert</td>
<td><div><pre>org.openqa.selenium.TimeoutException: Timed out waiting for page load.
Command duration or timeout: 78 milliseconds
Build info: version: &apos;2.45.0&apos;, revision: &apos;5017cb8&apos;, time: &apos;2015-02-26 23:59:50&apos;
System info: host: &apos;Rahul-PC&apos;, ip: &apos;192.168.178.1&apos;, os.name: &apos;Windows 8&apos;, os.arch: &apos;x86&apos;, os.version: &apos;6.2&apos;, java.version: &apos;1.7.0_17&apos;
Session ID: 80047332-7eec-452e-a59c-dda1461d1798
Driver info: org.openqa.selenium.firefox.FirefoxDriver
Capabilities [{platform=WINDOWS, acceptSslCerts=true, javascriptEnabled=true, cssSelectorsEnabled=true, databaseEnabled=true, browserName=firefox, handlesAlerts=true, nativeEvents=false, webStorageEnabled=true, rotatable=false, locationContextEnabled=true, applicationCacheEnabled=true, takesScreenshot=true, version=37.0.1}]
	at org.openqa.selenium.remote.ErrorHandler.createThrowable(ErrorHandler.java:204)
	at org.openqa.selenium.remote.ErrorHandler.throwIfResponseFailed(ErrorHandler.java:156)
	at org.openqa.selenium.remote.RemoteWebDriver.execute(RemoteWebDriver.java:599)
	at org.openqa.selenium.remote.RemoteWebDriver.get(RemoteWebDriver.java:304)
	at org.openqa.selenium.remote.RemoteWebDriver$RemoteNavigation.to(RemoteWebDriver.java:854)
	at helper.WindowHelper.navigateToPage(WindowHelper.java:67)
	at testcase.TestAlert.testCasealert(TestAlert.java:19)
Caused by: org.openqa.selenium.TimeoutException: Timed out waiting for page load.
Build info: version: &apos;2.45.0&apos;, revision: &apos;5017cb8&apos;, time: &apos;2015-02-26 23:59:50&apos;
System info: host: &apos;Rahul-PC&apos;, ip: &apos;192.168.178.1&apos;, os.name: &apos;Windows 8&apos;, os.arch: &apos;x86&apos;, os.version: &apos;6.2&apos;, java.version: &apos;1.7.0_17&apos;
Driver info: driver.version: unknown
	at &lt;anonymous class&gt;.Utils.initWebLoadingListener/&lt;(file:///C:/Users/RAHUL~1.RAT/AppData/Local/Temp/anonymous8877169362230770144webdriver-profile/extensions/fxdriver@googlecode.com/components/driver-component.js:8598)
	at &lt;anonymous class&gt;.WebLoadingListener/e(file:///C:/Users/RAHUL~1.RAT/AppData/Local/Temp/anonymous8877169362230770144webdriver-profile/extensions/fxdriver@googlecode.com/components/driver-component.js:4712)
	at &lt;anonymous class&gt;.WebLoadingListener/&lt;(file:///C:/Users/RAHUL~1.RAT/AppData/Local/Temp/anonymous8877169362230770144webdriver-profile/extensions/fxdriver@googlecode.com/components/driver-component.js:4720)
	at &lt;anonymous class&gt;.fxdriver.Timer.prototype.setTimeout/&lt;.notify(file:///C:/Users/RAHUL~1.RAT/AppData/Local/Temp/anonymous8877169362230770144webdriver-profile/extensions/fxdriver@googlecode.com/components/driver-component.js:603)
... Removed 28 stack frames</pre></div><a href='#' onClick='toggleBox("stack-trace5606621", this, "Click to show all stack frames", "Click to hide stack frames")'>Click to show all stack frames</a>
<div class='stack-trace' id='stack-trace5606621'><pre>org.openqa.selenium.TimeoutException: Timed out waiting for page load.
Command duration or timeout: 78 milliseconds
Build info: version: &apos;2.45.0&apos;, revision: &apos;5017cb8&apos;, time: &apos;2015-02-26 23:59:50&apos;
System info: host: &apos;Rahul-PC&apos;, ip: &apos;192.168.178.1&apos;, os.name: &apos;Windows 8&apos;, os.arch: &apos;x86&apos;, os.version: &apos;6.2&apos;, java.version: &apos;1.7.0_17&apos;
Session ID: 80047332-7eec-452e-a59c-dda1461d1798
Driver info: org.openqa.selenium.firefox.FirefoxDriver
Capabilities [{platform=WINDOWS, acceptSslCerts=true, javascriptEnabled=true, cssSelectorsEnabled=true, databaseEnabled=true, browserName=firefox, handlesAlerts=true, nativeEvents=false, webStorageEnabled=true, rotatable=false, locationContextEnabled=true, applicationCacheEnabled=true, takesScreenshot=true, version=37.0.1}]
	at sun.reflect.NativeConstructorAccessorImpl.newInstance0(Native Method)
	at sun.reflect.NativeConstructorAccessorImpl.newInstance(Unknown Source)
	at sun.reflect.DelegatingConstructorAccessorImpl.newInstance(Unknown Source)
	at java.lang.reflect.Constructor.newInstance(Unknown Source)
	at org.openqa.selenium.remote.ErrorHandler.createThrowable(ErrorHandler.java:204)
	at org.openqa.selenium.remote.ErrorHandler.throwIfResponseFailed(ErrorHandler.java:156)
	at org.openqa.selenium.remote.RemoteWebDriver.execute(RemoteWebDriver.java:599)
	at org.openqa.selenium.remote.RemoteWebDriver.get(RemoteWebDriver.java:304)
	at org.openqa.selenium.remote.RemoteWebDriver$RemoteNavigation.to(RemoteWebDriver.java:854)
	at helper.WindowHelper.navigateToPage(WindowHelper.java:67)
	at testcase.TestAlert.testCasealert(TestAlert.java:19)
	at sun.reflect.NativeMethodAccessorImpl.invoke0(Native Method)
	at sun.reflect.NativeMethodAccessorImpl.invoke(Unknown Source)
	at sun.reflect.DelegatingMethodAccessorImpl.invoke(Unknown Source)
	at java.lang.reflect.Method.invoke(Unknown Source)
	at org.testng.internal.MethodInvocationHelper.invokeMethod(MethodInvocationHelper.java:84)
	at org.testng.internal.Invoker.invokeMethod(Invoker.java:714)
	at org.testng.internal.Invoker.invokeTestMethod(Invoker.java:901)
	at org.testng.internal.Invoker.invokeTestMethods(Invoker.java:1231)
	at org.testng.internal.TestMethodWorker.invokeTestMethods(TestMethodWorker.java:127)
	at org.testng.internal.TestMethodWorker.run(TestMethodWorker.java:111)
	at org.testng.TestRunner.privateRun(TestRunner.java:767)
	at org.testng.TestRunner.run(TestRunner.java:617)
	at org.testng.SuiteRunner.runTest(SuiteRunner.java:334)
	at org.testng.SuiteRunner.runSequentially(SuiteRunner.java:329)
	at org.testng.SuiteRunner.privateRun(SuiteRunner.java:291)
	at org.testng.SuiteRunner.run(SuiteRunner.java:240)
	at org.testng.SuiteRunnerWorker.runSuite(SuiteRunnerWorker.java:52)
	at org.testng.SuiteRunnerWorker.run(SuiteRunnerWorker.java:86)
	at org.testng.TestNG.runSuitesSequentially(TestNG.java:1224)
	at org.testng.TestNG.runSuitesLocally(TestNG.java:1149)
	at org.testng.TestNG.run(TestNG.java:1057)
	at org.testng.remote.RemoteTestNG.run(RemoteTestNG.java:111)
	at org.testng.remote.RemoteTestNG.initAndRun(RemoteTestNG.java:204)
	at org.testng.remote.RemoteTestNG.main(RemoteTestNG.java:175)
Caused by: org.openqa.selenium.TimeoutException: Timed out waiting for page load.
Build info: version: &apos;2.45.0&apos;, revision: &apos;5017cb8&apos;, time: &apos;2015-02-26 23:59:50&apos;
System info: host: &apos;Rahul-PC&apos;, ip: &apos;192.168.178.1&apos;, os.name: &apos;Windows 8&apos;, os.arch: &apos;x86&apos;, os.version: &apos;6.2&apos;, java.version: &apos;1.7.0_17&apos;
Driver info: driver.version: unknown
	at &lt;anonymous class&gt;.Utils.initWebLoadingListener/&lt;(file:///C:/Users/RAHUL~1.RAT/AppData/Local/Temp/anonymous8877169362230770144webdriver-profile/extensions/fxdriver@googlecode.com/components/driver-component.js:8598)
	at &lt;anonymous class&gt;.WebLoadingListener/e(file:///C:/Users/RAHUL~1.RAT/AppData/Local/Temp/anonymous8877169362230770144webdriver-profile/extensions/fxdriver@googlecode.com/components/driver-component.js:4712)
	at &lt;anonymous class&gt;.WebLoadingListener/&lt;(file:///C:/Users/RAHUL~1.RAT/AppData/Local/Temp/anonymous8877169362230770144webdriver-profile/extensions/fxdriver@googlecode.com/components/driver-component.js:4720)
	at &lt;anonymous class&gt;.fxdriver.Timer.prototype.setTimeout/&lt;.notify(file:///C:/Users/RAHUL~1.RAT/AppData/Local/Temp/anonymous8877169362230770144webdriver-profile/extensions/fxdriver@googlecode.com/components/driver-component.js:603)
</pre></div></td>
<td>0</td>
<td>testcase.TestAlert@1b32cda</td></tr>
<tr>
<td title='testcase.TestSelect.testDropDown()'><b>testDropDown</b><br>Test class: testcase.TestSelect</td>
<td><div><pre>org.openqa.selenium.TimeoutException: Timed out waiting for page load.
Command duration or timeout: 78 milliseconds
Build info: version: &apos;2.45.0&apos;, revision: &apos;5017cb8&apos;, time: &apos;2015-02-26 23:59:50&apos;
System info: host: &apos;Rahul-PC&apos;, ip: &apos;192.168.178.1&apos;, os.name: &apos;Windows 8&apos;, os.arch: &apos;x86&apos;, os.version: &apos;6.2&apos;, java.version: &apos;1.7.0_17&apos;
Session ID: 80047332-7eec-452e-a59c-dda1461d1798
Driver info: org.openqa.selenium.firefox.FirefoxDriver
Capabilities [{platform=WINDOWS, acceptSslCerts=true, javascriptEnabled=true, cssSelectorsEnabled=true, databaseEnabled=true, browserName=firefox, handlesAlerts=true, nativeEvents=false, webStorageEnabled=true, rotatable=false, locationContextEnabled=true, applicationCacheEnabled=true, takesScreenshot=true, version=37.0.1}]
	at org.openqa.selenium.remote.ErrorHandler.createThrowable(ErrorHandler.java:204)
	at org.openqa.selenium.remote.ErrorHandler.throwIfResponseFailed(ErrorHandler.java:156)
	at org.openqa.selenium.remote.RemoteWebDriver.execute(RemoteWebDriver.java:599)
	at org.openqa.selenium.remote.RemoteWebDriver.get(RemoteWebDriver.java:304)
	at org.openqa.selenium.remote.RemoteWebDriver$RemoteNavigation.to(RemoteWebDriver.java:854)
	at helper.WindowHelper.navigateToPage(WindowHelper.java:67)
	at testcase.TestSelect.testDropDown(TestSelect.java:28)
Caused by: org.openqa.selenium.TimeoutException: Timed out waiting for page load.
Build info: version: &apos;2.45.0&apos;, revision: &apos;5017cb8&apos;, time: &apos;2015-02-26 23:59:50&apos;
System info: host: &apos;Rahul-PC&apos;, ip: &apos;192.168.178.1&apos;, os.name: &apos;Windows 8&apos;, os.arch: &apos;x86&apos;, os.version: &apos;6.2&apos;, java.version: &apos;1.7.0_17&apos;
Driver info: driver.version: unknown
	at &lt;anonymous class&gt;.Utils.initWebLoadingListener/&lt;(file:///C:/Users/RAHUL~1.RAT/AppData/Local/Temp/anonymous8877169362230770144webdriver-profile/extensions/fxdriver@googlecode.com/components/driver-component.js:8598)
	at &lt;anonymous class&gt;.WebLoadingListener/e(file:///C:/Users/RAHUL~1.RAT/AppData/Local/Temp/anonymous8877169362230770144webdriver-profile/extensions/fxdriver@googlecode.com/components/driver-component.js:4712)
	at &lt;anonymous class&gt;.WebLoadingListener/&lt;(file:///C:/Users/RAHUL~1.RAT/AppData/Local/Temp/anonymous8877169362230770144webdriver-profile/extensions/fxdriver@googlecode.com/components/driver-component.js:4720)
	at &lt;anonymous class&gt;.fxdriver.Timer.prototype.setTimeout/&lt;.notify(file:///C:/Users/RAHUL~1.RAT/AppData/Local/Temp/anonymous8877169362230770144webdriver-profile/extensions/fxdriver@googlecode.com/components/driver-component.js:603)
... Removed 28 stack frames</pre></div><a href='#' onClick='toggleBox("stack-trace26098596", this, "Click to show all stack frames", "Click to hide stack frames")'>Click to show all stack frames</a>
<div class='stack-trace' id='stack-trace26098596'><pre>org.openqa.selenium.TimeoutException: Timed out waiting for page load.
Command duration or timeout: 78 milliseconds
Build info: version: &apos;2.45.0&apos;, revision: &apos;5017cb8&apos;, time: &apos;2015-02-26 23:59:50&apos;
System info: host: &apos;Rahul-PC&apos;, ip: &apos;192.168.178.1&apos;, os.name: &apos;Windows 8&apos;, os.arch: &apos;x86&apos;, os.version: &apos;6.2&apos;, java.version: &apos;1.7.0_17&apos;
Session ID: 80047332-7eec-452e-a59c-dda1461d1798
Driver info: org.openqa.selenium.firefox.FirefoxDriver
Capabilities [{platform=WINDOWS, acceptSslCerts=true, javascriptEnabled=true, cssSelectorsEnabled=true, databaseEnabled=true, browserName=firefox, handlesAlerts=true, nativeEvents=false, webStorageEnabled=true, rotatable=false, locationContextEnabled=true, applicationCacheEnabled=true, takesScreenshot=true, version=37.0.1}]
	at sun.reflect.NativeConstructorAccessorImpl.newInstance0(Native Method)
	at sun.reflect.NativeConstructorAccessorImpl.newInstance(Unknown Source)
	at sun.reflect.DelegatingConstructorAccessorImpl.newInstance(Unknown Source)
	at java.lang.reflect.Constructor.newInstance(Unknown Source)
	at org.openqa.selenium.remote.ErrorHandler.createThrowable(ErrorHandler.java:204)
	at org.openqa.selenium.remote.ErrorHandler.throwIfResponseFailed(ErrorHandler.java:156)
	at org.openqa.selenium.remote.RemoteWebDriver.execute(RemoteWebDriver.java:599)
	at org.openqa.selenium.remote.RemoteWebDriver.get(RemoteWebDriver.java:304)
	at org.openqa.selenium.remote.RemoteWebDriver$RemoteNavigation.to(RemoteWebDriver.java:854)
	at helper.WindowHelper.navigateToPage(WindowHelper.java:67)
	at testcase.TestSelect.testDropDown(TestSelect.java:28)
	at sun.reflect.NativeMethodAccessorImpl.invoke0(Native Method)
	at sun.reflect.NativeMethodAccessorImpl.invoke(Unknown Source)
	at sun.reflect.DelegatingMethodAccessorImpl.invoke(Unknown Source)
	at java.lang.reflect.Method.invoke(Unknown Source)
	at org.testng.internal.MethodInvocationHelper.invokeMethod(MethodInvocationHelper.java:84)
	at org.testng.internal.Invoker.invokeMethod(Invoker.java:714)
	at org.testng.internal.Invoker.invokeTestMethod(Invoker.java:901)
	at org.testng.internal.Invoker.invokeTestMethods(Invoker.java:1231)
	at org.testng.internal.TestMethodWorker.invokeTestMethods(TestMethodWorker.java:127)
	at org.testng.internal.TestMethodWorker.run(TestMethodWorker.java:111)
	at org.testng.TestRunner.privateRun(TestRunner.java:767)
	at org.testng.TestRunner.run(TestRunner.java:617)
	at org.testng.SuiteRunner.runTest(SuiteRunner.java:334)
	at org.testng.SuiteRunner.runSequentially(SuiteRunner.java:329)
	at org.testng.SuiteRunner.privateRun(SuiteRunner.java:291)
	at org.testng.SuiteRunner.run(SuiteRunner.java:240)
	at org.testng.SuiteRunnerWorker.runSuite(SuiteRunnerWorker.java:52)
	at org.testng.SuiteRunnerWorker.run(SuiteRunnerWorker.java:86)
	at org.testng.TestNG.runSuitesSequentially(TestNG.java:1224)
	at org.testng.TestNG.runSuitesLocally(TestNG.java:1149)
	at org.testng.TestNG.run(TestNG.java:1057)
	at org.testng.remote.RemoteTestNG.run(RemoteTestNG.java:111)
	at org.testng.remote.RemoteTestNG.initAndRun(RemoteTestNG.java:204)
	at org.testng.remote.RemoteTestNG.main(RemoteTestNG.java:175)
Caused by: org.openqa.selenium.TimeoutException: Timed out waiting for page load.
Build info: version: &apos;2.45.0&apos;, revision: &apos;5017cb8&apos;, time: &apos;2015-02-26 23:59:50&apos;
System info: host: &apos;Rahul-PC&apos;, ip: &apos;192.168.178.1&apos;, os.name: &apos;Windows 8&apos;, os.arch: &apos;x86&apos;, os.version: &apos;6.2&apos;, java.version: &apos;1.7.0_17&apos;
Driver info: driver.version: unknown
	at &lt;anonymous class&gt;.Utils.initWebLoadingListener/&lt;(file:///C:/Users/RAHUL~1.RAT/AppData/Local/Temp/anonymous8877169362230770144webdriver-profile/extensions/fxdriver@googlecode.com/components/driver-component.js:8598)
	at &lt;anonymous class&gt;.WebLoadingListener/e(file:///C:/Users/RAHUL~1.RAT/AppData/Local/Temp/anonymous8877169362230770144webdriver-profile/extensions/fxdriver@googlecode.com/components/driver-component.js:4712)
	at &lt;anonymous class&gt;.WebLoadingListener/&lt;(file:///C:/Users/RAHUL~1.RAT/AppData/Local/Temp/anonymous8877169362230770144webdriver-profile/extensions/fxdriver@googlecode.com/components/driver-component.js:4720)
	at &lt;anonymous class&gt;.fxdriver.Timer.prototype.setTimeout/&lt;.notify(file:///C:/Users/RAHUL~1.RAT/AppData/Local/Temp/anonymous8877169362230770144webdriver-profile/extensions/fxdriver@googlecode.com/components/driver-component.js:603)
</pre></div></td>
<td>0</td>
<td>testcase.TestSelect@4e7c49</td></tr>
<tr>
<td title='testcase.TestWebElement.testFindElemet()'><b>testFindElemet</b><br>Test class: testcase.TestWebElement</td>
<td><div><pre>org.openqa.selenium.TimeoutException: Timed out waiting for page load.
Command duration or timeout: 63 milliseconds
Build info: version: &apos;2.45.0&apos;, revision: &apos;5017cb8&apos;, time: &apos;2015-02-26 23:59:50&apos;
System info: host: &apos;Rahul-PC&apos;, ip: &apos;192.168.178.1&apos;, os.name: &apos;Windows 8&apos;, os.arch: &apos;x86&apos;, os.version: &apos;6.2&apos;, java.version: &apos;1.7.0_17&apos;
Session ID: 80047332-7eec-452e-a59c-dda1461d1798
Driver info: org.openqa.selenium.firefox.FirefoxDriver
Capabilities [{platform=WINDOWS, acceptSslCerts=true, javascriptEnabled=true, cssSelectorsEnabled=true, databaseEnabled=true, browserName=firefox, handlesAlerts=true, nativeEvents=false, webStorageEnabled=true, rotatable=false, locationContextEnabled=true, applicationCacheEnabled=true, takesScreenshot=true, version=37.0.1}]
	at org.openqa.selenium.remote.ErrorHandler.createThrowable(ErrorHandler.java:204)
	at org.openqa.selenium.remote.ErrorHandler.throwIfResponseFailed(ErrorHandler.java:156)
	at org.openqa.selenium.remote.RemoteWebDriver.execute(RemoteWebDriver.java:599)
	at org.openqa.selenium.remote.RemoteWebDriver.get(RemoteWebDriver.java:304)
	at org.openqa.selenium.remote.RemoteWebDriver$RemoteNavigation.to(RemoteWebDriver.java:854)
	at helper.WindowHelper.navigateToPage(WindowHelper.java:67)
	at testcase.TestWebElement.testFindElemet(TestWebElement.java:25)
Caused by: org.openqa.selenium.TimeoutException: Timed out waiting for page load.
Build info: version: &apos;2.45.0&apos;, revision: &apos;5017cb8&apos;, time: &apos;2015-02-26 23:59:50&apos;
System info: host: &apos;Rahul-PC&apos;, ip: &apos;192.168.178.1&apos;, os.name: &apos;Windows 8&apos;, os.arch: &apos;x86&apos;, os.version: &apos;6.2&apos;, java.version: &apos;1.7.0_17&apos;
Driver info: driver.version: unknown
	at &lt;anonymous class&gt;.Utils.initWebLoadingListener/&lt;(file:///C:/Users/RAHUL~1.RAT/AppData/Local/Temp/anonymous8877169362230770144webdriver-profile/extensions/fxdriver@googlecode.com/components/driver-component.js:8598)
	at &lt;anonymous class&gt;.WebLoadingListener/e(file:///C:/Users/RAHUL~1.RAT/AppData/Local/Temp/anonymous8877169362230770144webdriver-profile/extensions/fxdriver@googlecode.com/components/driver-component.js:4712)
	at &lt;anonymous class&gt;.WebLoadingListener/&lt;(file:///C:/Users/RAHUL~1.RAT/AppData/Local/Temp/anonymous8877169362230770144webdriver-profile/extensions/fxdriver@googlecode.com/components/driver-component.js:4720)
	at &lt;anonymous class&gt;.fxdriver.Timer.prototype.setTimeout/&lt;.notify(file:///C:/Users/RAHUL~1.RAT/AppData/Local/Temp/anonymous8877169362230770144webdriver-profile/extensions/fxdriver@googlecode.com/components/driver-component.js:603)
... Removed 28 stack frames</pre></div><a href='#' onClick='toggleBox("stack-trace13940831", this, "Click to show all stack frames", "Click to hide stack frames")'>Click to show all stack frames</a>
<div class='stack-trace' id='stack-trace13940831'><pre>org.openqa.selenium.TimeoutException: Timed out waiting for page load.
Command duration or timeout: 63 milliseconds
Build info: version: &apos;2.45.0&apos;, revision: &apos;5017cb8&apos;, time: &apos;2015-02-26 23:59:50&apos;
System info: host: &apos;Rahul-PC&apos;, ip: &apos;192.168.178.1&apos;, os.name: &apos;Windows 8&apos;, os.arch: &apos;x86&apos;, os.version: &apos;6.2&apos;, java.version: &apos;1.7.0_17&apos;
Session ID: 80047332-7eec-452e-a59c-dda1461d1798
Driver info: org.openqa.selenium.firefox.FirefoxDriver
Capabilities [{platform=WINDOWS, acceptSslCerts=true, javascriptEnabled=true, cssSelectorsEnabled=true, databaseEnabled=true, browserName=firefox, handlesAlerts=true, nativeEvents=false, webStorageEnabled=true, rotatable=false, locationContextEnabled=true, applicationCacheEnabled=true, takesScreenshot=true, version=37.0.1}]
	at sun.reflect.NativeConstructorAccessorImpl.newInstance0(Native Method)
	at sun.reflect.NativeConstructorAccessorImpl.newInstance(Unknown Source)
	at sun.reflect.DelegatingConstructorAccessorImpl.newInstance(Unknown Source)
	at java.lang.reflect.Constructor.newInstance(Unknown Source)
	at org.openqa.selenium.remote.ErrorHandler.createThrowable(ErrorHandler.java:204)
	at org.openqa.selenium.remote.ErrorHandler.throwIfResponseFailed(ErrorHandler.java:156)
	at org.openqa.selenium.remote.RemoteWebDriver.execute(RemoteWebDriver.java:599)
	at org.openqa.selenium.remote.RemoteWebDriver.get(RemoteWebDriver.java:304)
	at org.openqa.selenium.remote.RemoteWebDriver$RemoteNavigation.to(RemoteWebDriver.java:854)
	at helper.WindowHelper.navigateToPage(WindowHelper.java:67)
	at testcase.TestWebElement.testFindElemet(TestWebElement.java:25)
	at sun.reflect.NativeMethodAccessorImpl.invoke0(Native Method)
	at sun.reflect.NativeMethodAccessorImpl.invoke(Unknown Source)
	at sun.reflect.DelegatingMethodAccessorImpl.invoke(Unknown Source)
	at java.lang.reflect.Method.invoke(Unknown Source)
	at org.testng.internal.MethodInvocationHelper.invokeMethod(MethodInvocationHelper.java:84)
	at org.testng.internal.Invoker.invokeMethod(Invoker.java:714)
	at org.testng.internal.Invoker.invokeTestMethod(Invoker.java:901)
	at org.testng.internal.Invoker.invokeTestMethods(Invoker.java:1231)
	at org.testng.internal.TestMethodWorker.invokeTestMethods(TestMethodWorker.java:127)
	at org.testng.internal.TestMethodWorker.run(TestMethodWorker.java:111)
	at org.testng.TestRunner.privateRun(TestRunner.java:767)
	at org.testng.TestRunner.run(TestRunner.java:617)
	at org.testng.SuiteRunner.runTest(SuiteRunner.java:334)
	at org.testng.SuiteRunner.runSequentially(SuiteRunner.java:329)
	at org.testng.SuiteRunner.privateRun(SuiteRunner.java:291)
	at org.testng.SuiteRunner.run(SuiteRunner.java:240)
	at org.testng.SuiteRunnerWorker.runSuite(SuiteRunnerWorker.java:52)
	at org.testng.SuiteRunnerWorker.run(SuiteRunnerWorker.java:86)
	at org.testng.TestNG.runSuitesSequentially(TestNG.java:1224)
	at org.testng.TestNG.runSuitesLocally(TestNG.java:1149)
	at org.testng.TestNG.run(TestNG.java:1057)
	at org.testng.remote.RemoteTestNG.run(RemoteTestNG.java:111)
	at org.testng.remote.RemoteTestNG.initAndRun(RemoteTestNG.java:204)
	at org.testng.remote.RemoteTestNG.main(RemoteTestNG.java:175)
Caused by: org.openqa.selenium.TimeoutException: Timed out waiting for page load.
Build info: version: &apos;2.45.0&apos;, revision: &apos;5017cb8&apos;, time: &apos;2015-02-26 23:59:50&apos;
System info: host: &apos;Rahul-PC&apos;, ip: &apos;192.168.178.1&apos;, os.name: &apos;Windows 8&apos;, os.arch: &apos;x86&apos;, os.version: &apos;6.2&apos;, java.version: &apos;1.7.0_17&apos;
Driver info: driver.version: unknown
	at &lt;anonymous class&gt;.Utils.initWebLoadingListener/&lt;(file:///C:/Users/RAHUL~1.RAT/AppData/Local/Temp/anonymous8877169362230770144webdriver-profile/extensions/fxdriver@googlecode.com/components/driver-component.js:8598)
	at &lt;anonymous class&gt;.WebLoadingListener/e(file:///C:/Users/RAHUL~1.RAT/AppData/Local/Temp/anonymous8877169362230770144webdriver-profile/extensions/fxdriver@googlecode.com/components/driver-component.js:4712)
	at &lt;anonymous class&gt;.WebLoadingListener/&lt;(file:///C:/Users/RAHUL~1.RAT/AppData/Local/Temp/anonymous8877169362230770144webdriver-profile/extensions/fxdriver@googlecode.com/components/driver-component.js:4720)
	at &lt;anonymous class&gt;.fxdriver.Timer.prototype.setTimeout/&lt;.notify(file:///C:/Users/RAHUL~1.RAT/AppData/Local/Temp/anonymous8877169362230770144webdriver-profile/extensions/fxdriver@googlecode.com/components/driver-component.js:603)
</pre></div></td>
<td>0</td>
<td>testcase.TestWebElement@572b61</td></tr>
<tr>
<td title='testcase.LoginTest.testLogin()'><b>testLogin</b><br>Test class: testcase.LoginTest</td>
<td><div><pre>org.openqa.selenium.TimeoutException: Timed out waiting for page load.
Command duration or timeout: 140 milliseconds
Build info: version: &apos;2.45.0&apos;, revision: &apos;5017cb8&apos;, time: &apos;2015-02-26 23:59:50&apos;
System info: host: &apos;Rahul-PC&apos;, ip: &apos;192.168.178.1&apos;, os.name: &apos;Windows 8&apos;, os.arch: &apos;x86&apos;, os.version: &apos;6.2&apos;, java.version: &apos;1.7.0_17&apos;
Session ID: 80047332-7eec-452e-a59c-dda1461d1798
Driver info: org.openqa.selenium.firefox.FirefoxDriver
Capabilities [{platform=WINDOWS, acceptSslCerts=true, javascriptEnabled=true, cssSelectorsEnabled=true, databaseEnabled=true, browserName=firefox, handlesAlerts=true, nativeEvents=false, webStorageEnabled=true, rotatable=false, locationContextEnabled=true, applicationCacheEnabled=true, takesScreenshot=true, version=37.0.1}]
	at org.openqa.selenium.remote.ErrorHandler.createThrowable(ErrorHandler.java:204)
	at org.openqa.selenium.remote.ErrorHandler.throwIfResponseFailed(ErrorHandler.java:156)
	at org.openqa.selenium.remote.RemoteWebDriver.execute(RemoteWebDriver.java:599)
	at org.openqa.selenium.remote.RemoteWebElement.execute(RemoteWebElement.java:268)
	at org.openqa.selenium.remote.RemoteWebElement.click(RemoteWebElement.java:79)
	at org.openqa.selenium.support.pagefactory.internal.LocatingElementHandler.invoke(LocatingElementHandler.java:50)
	at com.sun.proxy.$Proxy10.click(Unknown Source)
	at testcase.LoginTest.testLogin(LoginTest.java:23)
Caused by: org.openqa.selenium.TimeoutException: Timed out waiting for page load.
Build info: version: &apos;2.45.0&apos;, revision: &apos;5017cb8&apos;, time: &apos;2015-02-26 23:59:50&apos;
System info: host: &apos;Rahul-PC&apos;, ip: &apos;192.168.178.1&apos;, os.name: &apos;Windows 8&apos;, os.arch: &apos;x86&apos;, os.version: &apos;6.2&apos;, java.version: &apos;1.7.0_17&apos;
Driver info: driver.version: unknown
	at &lt;anonymous class&gt;.Utils.installClickListener/e&lt;(file:///C:/Users/RAHUL~1.RAT/AppData/Local/Temp/anonymous8877169362230770144webdriver-profile/extensions/fxdriver@googlecode.com/components/command-processor.js:8852)
	at &lt;anonymous class&gt;.WebLoadingListener/e(file:///C:/Users/RAHUL~1.RAT/AppData/Local/Temp/anonymous8877169362230770144webdriver-profile/extensions/fxdriver@googlecode.com/components/command-processor.js:4712)
	at &lt;anonymous class&gt;.WebLoadingListener/&lt;(file:///C:/Users/RAHUL~1.RAT/AppData/Local/Temp/anonymous8877169362230770144webdriver-profile/extensions/fxdriver@googlecode.com/components/command-processor.js:4720)
	at &lt;anonymous class&gt;.fxdriver.Timer.prototype.setTimeout/&lt;.notify(file:///C:/Users/RAHUL~1.RAT/AppData/Local/Temp/anonymous8877169362230770144webdriver-profile/extensions/fxdriver@googlecode.com/components/command-processor.js:603)
... Removed 32 stack frames</pre></div><a href='#' onClick='toggleBox("stack-trace23499776", this, "Click to show all stack frames", "Click to hide stack frames")'>Click to show all stack frames</a>
<div class='stack-trace' id='stack-trace23499776'><pre>org.openqa.selenium.TimeoutException: Timed out waiting for page load.
Command duration or timeout: 140 milliseconds
Build info: version: &apos;2.45.0&apos;, revision: &apos;5017cb8&apos;, time: &apos;2015-02-26 23:59:50&apos;
System info: host: &apos;Rahul-PC&apos;, ip: &apos;192.168.178.1&apos;, os.name: &apos;Windows 8&apos;, os.arch: &apos;x86&apos;, os.version: &apos;6.2&apos;, java.version: &apos;1.7.0_17&apos;
Session ID: 80047332-7eec-452e-a59c-dda1461d1798
Driver info: org.openqa.selenium.firefox.FirefoxDriver
Capabilities [{platform=WINDOWS, acceptSslCerts=true, javascriptEnabled=true, cssSelectorsEnabled=true, databaseEnabled=true, browserName=firefox, handlesAlerts=true, nativeEvents=false, webStorageEnabled=true, rotatable=false, locationContextEnabled=true, applicationCacheEnabled=true, takesScreenshot=true, version=37.0.1}]
	at sun.reflect.NativeConstructorAccessorImpl.newInstance0(Native Method)
	at sun.reflect.NativeConstructorAccessorImpl.newInstance(Unknown Source)
	at sun.reflect.DelegatingConstructorAccessorImpl.newInstance(Unknown Source)
	at java.lang.reflect.Constructor.newInstance(Unknown Source)
	at org.openqa.selenium.remote.ErrorHandler.createThrowable(ErrorHandler.java:204)
	at org.openqa.selenium.remote.ErrorHandler.throwIfResponseFailed(ErrorHandler.java:156)
	at org.openqa.selenium.remote.RemoteWebDriver.execute(RemoteWebDriver.java:599)
	at org.openqa.selenium.remote.RemoteWebElement.execute(RemoteWebElement.java:268)
	at org.openqa.selenium.remote.RemoteWebElement.click(RemoteWebElement.java:79)
	at sun.reflect.NativeMethodAccessorImpl.invoke0(Native Method)
	at sun.reflect.NativeMethodAccessorImpl.invoke(Unknown Source)
	at sun.reflect.DelegatingMethodAccessorImpl.invoke(Unknown Source)
	at java.lang.reflect.Method.invoke(Unknown Source)
	at org.openqa.selenium.support.pagefactory.internal.LocatingElementHandler.invoke(LocatingElementHandler.java:50)
	at com.sun.proxy.$Proxy10.click(Unknown Source)
	at testcase.LoginTest.testLogin(LoginTest.java:23)
	at sun.reflect.NativeMethodAccessorImpl.invoke0(Native Method)
	at sun.reflect.NativeMethodAccessorImpl.invoke(Unknown Source)
	at sun.reflect.DelegatingMethodAccessorImpl.invoke(Unknown Source)
	at java.lang.reflect.Method.invoke(Unknown Source)
	at org.testng.internal.MethodInvocationHelper.invokeMethod(MethodInvocationHelper.java:84)
	at org.testng.internal.Invoker.invokeMethod(Invoker.java:714)
	at org.testng.internal.Invoker.invokeTestMethod(Invoker.java:901)
	at org.testng.internal.Invoker.invokeTestMethods(Invoker.java:1231)
	at org.testng.internal.TestMethodWorker.invokeTestMethods(TestMethodWorker.java:127)
	at org.testng.internal.TestMethodWorker.run(TestMethodWorker.java:111)
	at org.testng.TestRunner.privateRun(TestRunner.java:767)
	at org.testng.TestRunner.run(TestRunner.java:617)
	at org.testng.SuiteRunner.runTest(SuiteRunner.java:334)
	at org.testng.SuiteRunner.runSequentially(SuiteRunner.java:329)
	at org.testng.SuiteRunner.privateRun(SuiteRunner.java:291)
	at org.testng.SuiteRunner.run(SuiteRunner.java:240)
	at org.testng.SuiteRunnerWorker.runSuite(SuiteRunnerWorker.java:52)
	at org.testng.SuiteRunnerWorker.run(SuiteRunnerWorker.java:86)
	at org.testng.TestNG.runSuitesSequentially(TestNG.java:1224)
	at org.testng.TestNG.runSuitesLocally(TestNG.java:1149)
	at org.testng.TestNG.run(TestNG.java:1057)
	at org.testng.remote.RemoteTestNG.run(RemoteTestNG.java:111)
	at org.testng.remote.RemoteTestNG.initAndRun(RemoteTestNG.java:204)
	at org.testng.remote.RemoteTestNG.main(RemoteTestNG.java:175)
Caused by: org.openqa.selenium.TimeoutException: Timed out waiting for page load.
Build info: version: &apos;2.45.0&apos;, revision: &apos;5017cb8&apos;, time: &apos;2015-02-26 23:59:50&apos;
System info: host: &apos;Rahul-PC&apos;, ip: &apos;192.168.178.1&apos;, os.name: &apos;Windows 8&apos;, os.arch: &apos;x86&apos;, os.version: &apos;6.2&apos;, java.version: &apos;1.7.0_17&apos;
Driver info: driver.version: unknown
	at &lt;anonymous class&gt;.Utils.installClickListener/e&lt;(file:///C:/Users/RAHUL~1.RAT/AppData/Local/Temp/anonymous8877169362230770144webdriver-profile/extensions/fxdriver@googlecode.com/components/command-processor.js:8852)
	at &lt;anonymous class&gt;.WebLoadingListener/e(file:///C:/Users/RAHUL~1.RAT/AppData/Local/Temp/anonymous8877169362230770144webdriver-profile/extensions/fxdriver@googlecode.com/components/command-processor.js:4712)
	at &lt;anonymous class&gt;.WebLoadingListener/&lt;(file:///C:/Users/RAHUL~1.RAT/AppData/Local/Temp/anonymous8877169362230770144webdriver-profile/extensions/fxdriver@googlecode.com/components/command-processor.js:4720)
	at &lt;anonymous class&gt;.fxdriver.Timer.prototype.setTimeout/&lt;.notify(file:///C:/Users/RAHUL~1.RAT/AppData/Local/Temp/anonymous8877169362230770144webdriver-profile/extensions/fxdriver@googlecode.com/components/command-processor.js:603)
</pre></div></td>
<td>0</td>
<td>testcase.LoginTest@19d2995</td></tr>
<tr>
<td title='testcase.TestPageFactory.testLogin()'><b>testLogin</b><br>Test class: testcase.TestPageFactory</td>
<td><div><pre>org.openqa.selenium.TimeoutException: Timed out waiting for page load.
Command duration or timeout: 62 milliseconds
Build info: version: &apos;2.45.0&apos;, revision: &apos;5017cb8&apos;, time: &apos;2015-02-26 23:59:50&apos;
System info: host: &apos;Rahul-PC&apos;, ip: &apos;192.168.178.1&apos;, os.name: &apos;Windows 8&apos;, os.arch: &apos;x86&apos;, os.version: &apos;6.2&apos;, java.version: &apos;1.7.0_17&apos;
Session ID: 80047332-7eec-452e-a59c-dda1461d1798
Driver info: org.openqa.selenium.firefox.FirefoxDriver
Capabilities [{platform=WINDOWS, acceptSslCerts=true, javascriptEnabled=true, cssSelectorsEnabled=true, databaseEnabled=true, browserName=firefox, handlesAlerts=true, nativeEvents=false, webStorageEnabled=true, rotatable=false, locationContextEnabled=true, applicationCacheEnabled=true, takesScreenshot=true, version=37.0.1}]
	at org.openqa.selenium.remote.ErrorHandler.createThrowable(ErrorHandler.java:204)
	at org.openqa.selenium.remote.ErrorHandler.throwIfResponseFailed(ErrorHandler.java:156)
	at org.openqa.selenium.remote.RemoteWebDriver.execute(RemoteWebDriver.java:599)
	at org.openqa.selenium.remote.RemoteWebDriver.get(RemoteWebDriver.java:304)
	at org.openqa.selenium.remote.RemoteWebDriver$RemoteNavigation.to(RemoteWebDriver.java:854)
	at helper.WindowHelper.navigateToPage(WindowHelper.java:67)
	at testcase.TestPageFactory.testLogin(TestPageFactory.java:21)
Caused by: org.openqa.selenium.TimeoutException: Timed out waiting for page load.
Build info: version: &apos;2.45.0&apos;, revision: &apos;5017cb8&apos;, time: &apos;2015-02-26 23:59:50&apos;
System info: host: &apos;Rahul-PC&apos;, ip: &apos;192.168.178.1&apos;, os.name: &apos;Windows 8&apos;, os.arch: &apos;x86&apos;, os.version: &apos;6.2&apos;, java.version: &apos;1.7.0_17&apos;
Driver info: driver.version: unknown
	at &lt;anonymous class&gt;.Utils.initWebLoadingListener/&lt;(file:///C:/Users/RAHUL~1.RAT/AppData/Local/Temp/anonymous8877169362230770144webdriver-profile/extensions/fxdriver@googlecode.com/components/driver-component.js:8598)
	at &lt;anonymous class&gt;.WebLoadingListener/e(file:///C:/Users/RAHUL~1.RAT/AppData/Local/Temp/anonymous8877169362230770144webdriver-profile/extensions/fxdriver@googlecode.com/components/driver-component.js:4712)
	at &lt;anonymous class&gt;.WebLoadingListener/&lt;(file:///C:/Users/RAHUL~1.RAT/AppData/Local/Temp/anonymous8877169362230770144webdriver-profile/extensions/fxdriver@googlecode.com/components/driver-component.js:4720)
	at &lt;anonymous class&gt;.fxdriver.Timer.prototype.setTimeout/&lt;.notify(file:///C:/Users/RAHUL~1.RAT/AppData/Local/Temp/anonymous8877169362230770144webdriver-profile/extensions/fxdriver@googlecode.com/components/driver-component.js:603)
... Removed 28 stack frames</pre></div><a href='#' onClick='toggleBox("stack-trace22219431", this, "Click to show all stack frames", "Click to hide stack frames")'>Click to show all stack frames</a>
<div class='stack-trace' id='stack-trace22219431'><pre>org.openqa.selenium.TimeoutException: Timed out waiting for page load.
Command duration or timeout: 62 milliseconds
Build info: version: &apos;2.45.0&apos;, revision: &apos;5017cb8&apos;, time: &apos;2015-02-26 23:59:50&apos;
System info: host: &apos;Rahul-PC&apos;, ip: &apos;192.168.178.1&apos;, os.name: &apos;Windows 8&apos;, os.arch: &apos;x86&apos;, os.version: &apos;6.2&apos;, java.version: &apos;1.7.0_17&apos;
Session ID: 80047332-7eec-452e-a59c-dda1461d1798
Driver info: org.openqa.selenium.firefox.FirefoxDriver
Capabilities [{platform=WINDOWS, acceptSslCerts=true, javascriptEnabled=true, cssSelectorsEnabled=true, databaseEnabled=true, browserName=firefox, handlesAlerts=true, nativeEvents=false, webStorageEnabled=true, rotatable=false, locationContextEnabled=true, applicationCacheEnabled=true, takesScreenshot=true, version=37.0.1}]
	at sun.reflect.NativeConstructorAccessorImpl.newInstance0(Native Method)
	at sun.reflect.NativeConstructorAccessorImpl.newInstance(Unknown Source)
	at sun.reflect.DelegatingConstructorAccessorImpl.newInstance(Unknown Source)
	at java.lang.reflect.Constructor.newInstance(Unknown Source)
	at org.openqa.selenium.remote.ErrorHandler.createThrowable(ErrorHandler.java:204)
	at org.openqa.selenium.remote.ErrorHandler.throwIfResponseFailed(ErrorHandler.java:156)
	at org.openqa.selenium.remote.RemoteWebDriver.execute(RemoteWebDriver.java:599)
	at org.openqa.selenium.remote.RemoteWebDriver.get(RemoteWebDriver.java:304)
	at org.openqa.selenium.remote.RemoteWebDriver$RemoteNavigation.to(RemoteWebDriver.java:854)
	at helper.WindowHelper.navigateToPage(WindowHelper.java:67)
	at testcase.TestPageFactory.testLogin(TestPageFactory.java:21)
	at sun.reflect.NativeMethodAccessorImpl.invoke0(Native Method)
	at sun.reflect.NativeMethodAccessorImpl.invoke(Unknown Source)
	at sun.reflect.DelegatingMethodAccessorImpl.invoke(Unknown Source)
	at java.lang.reflect.Method.invoke(Unknown Source)
	at org.testng.internal.MethodInvocationHelper.invokeMethod(MethodInvocationHelper.java:84)
	at org.testng.internal.Invoker.invokeMethod(Invoker.java:714)
	at org.testng.internal.Invoker.invokeTestMethod(Invoker.java:901)
	at org.testng.internal.Invoker.invokeTestMethods(Invoker.java:1231)
	at org.testng.internal.TestMethodWorker.invokeTestMethods(TestMethodWorker.java:127)
	at org.testng.internal.TestMethodWorker.run(TestMethodWorker.java:111)
	at org.testng.TestRunner.privateRun(TestRunner.java:767)
	at org.testng.TestRunner.run(TestRunner.java:617)
	at org.testng.SuiteRunner.runTest(SuiteRunner.java:334)
	at org.testng.SuiteRunner.runSequentially(SuiteRunner.java:329)
	at org.testng.SuiteRunner.privateRun(SuiteRunner.java:291)
	at org.testng.SuiteRunner.run(SuiteRunner.java:240)
	at org.testng.SuiteRunnerWorker.runSuite(SuiteRunnerWorker.java:52)
	at org.testng.SuiteRunnerWorker.run(SuiteRunnerWorker.java:86)
	at org.testng.TestNG.runSuitesSequentially(TestNG.java:1224)
	at org.testng.TestNG.runSuitesLocally(TestNG.java:1149)
	at org.testng.TestNG.run(TestNG.java:1057)
	at org.testng.remote.RemoteTestNG.run(RemoteTestNG.java:111)
	at org.testng.remote.RemoteTestNG.initAndRun(RemoteTestNG.java:204)
	at org.testng.remote.RemoteTestNG.main(RemoteTestNG.java:175)
Caused by: org.openqa.selenium.TimeoutException: Timed out waiting for page load.
Build info: version: &apos;2.45.0&apos;, revision: &apos;5017cb8&apos;, time: &apos;2015-02-26 23:59:50&apos;
System info: host: &apos;Rahul-PC&apos;, ip: &apos;192.168.178.1&apos;, os.name: &apos;Windows 8&apos;, os.arch: &apos;x86&apos;, os.version: &apos;6.2&apos;, java.version: &apos;1.7.0_17&apos;
Driver info: driver.version: unknown
	at &lt;anonymous class&gt;.Utils.initWebLoadingListener/&lt;(file:///C:/Users/RAHUL~1.RAT/AppData/Local/Temp/anonymous8877169362230770144webdriver-profile/extensions/fxdriver@googlecode.com/components/driver-component.js:8598)
	at &lt;anonymous class&gt;.WebLoadingListener/e(file:///C:/Users/RAHUL~1.RAT/AppData/Local/Temp/anonymous8877169362230770144webdriver-profile/extensions/fxdriver@googlecode.com/components/driver-component.js:4712)
	at &lt;anonymous class&gt;.WebLoadingListener/&lt;(file:///C:/Users/RAHUL~1.RAT/AppData/Local/Temp/anonymous8877169362230770144webdriver-profile/extensions/fxdriver@googlecode.com/components/driver-component.js:4720)
	at &lt;anonymous class&gt;.fxdriver.Timer.prototype.setTimeout/&lt;.notify(file:///C:/Users/RAHUL~1.RAT/AppData/Local/Temp/anonymous8877169362230770144webdriver-profile/extensions/fxdriver@googlecode.com/components/driver-component.js:603)
</pre></div></td>
<td>0</td>
<td>testcase.TestPageFactory@c30f56</td></tr>
<tr>
<td title='testcase.TestNavigation.testNavigate()'><b>testNavigate</b><br>Test class: testcase.TestNavigation</td>
<td><div><pre>org.openqa.selenium.TimeoutException: Timed out waiting for page load.
Command duration or timeout: 93 milliseconds
Build info: version: &apos;2.45.0&apos;, revision: &apos;5017cb8&apos;, time: &apos;2015-02-26 23:59:50&apos;
System info: host: &apos;Rahul-PC&apos;, ip: &apos;192.168.178.1&apos;, os.name: &apos;Windows 8&apos;, os.arch: &apos;x86&apos;, os.version: &apos;6.2&apos;, java.version: &apos;1.7.0_17&apos;
Session ID: 80047332-7eec-452e-a59c-dda1461d1798
Driver info: org.openqa.selenium.firefox.FirefoxDriver
Capabilities [{platform=WINDOWS, acceptSslCerts=true, javascriptEnabled=true, cssSelectorsEnabled=true, databaseEnabled=true, browserName=firefox, handlesAlerts=true, nativeEvents=false, webStorageEnabled=true, rotatable=false, locationContextEnabled=true, applicationCacheEnabled=true, takesScreenshot=true, version=37.0.1}]
	at org.openqa.selenium.remote.ErrorHandler.createThrowable(ErrorHandler.java:204)
	at org.openqa.selenium.remote.ErrorHandler.throwIfResponseFailed(ErrorHandler.java:156)
	at org.openqa.selenium.remote.RemoteWebDriver.execute(RemoteWebDriver.java:599)
	at org.openqa.selenium.remote.RemoteWebDriver.get(RemoteWebDriver.java:304)
	at org.openqa.selenium.remote.RemoteWebDriver$RemoteNavigation.to(RemoteWebDriver.java:854)
	at helper.WindowHelper.navigateToPage(WindowHelper.java:67)
	at testcase.TestNavigation.testNavigate(TestNavigation.java:20)
Caused by: org.openqa.selenium.TimeoutException: Timed out waiting for page load.
Build info: version: &apos;2.45.0&apos;, revision: &apos;5017cb8&apos;, time: &apos;2015-02-26 23:59:50&apos;
System info: host: &apos;Rahul-PC&apos;, ip: &apos;192.168.178.1&apos;, os.name: &apos;Windows 8&apos;, os.arch: &apos;x86&apos;, os.version: &apos;6.2&apos;, java.version: &apos;1.7.0_17&apos;
Driver info: driver.version: unknown
	at &lt;anonymous class&gt;.Utils.initWebLoadingListener/&lt;(file:///C:/Users/RAHUL~1.RAT/AppData/Local/Temp/anonymous8877169362230770144webdriver-profile/extensions/fxdriver@googlecode.com/components/driver-component.js:8598)
	at &lt;anonymous class&gt;.WebLoadingListener/e(file:///C:/Users/RAHUL~1.RAT/AppData/Local/Temp/anonymous8877169362230770144webdriver-profile/extensions/fxdriver@googlecode.com/components/driver-component.js:4712)
	at &lt;anonymous class&gt;.WebLoadingListener/&lt;(file:///C:/Users/RAHUL~1.RAT/AppData/Local/Temp/anonymous8877169362230770144webdriver-profile/extensions/fxdriver@googlecode.com/components/driver-component.js:4720)
	at &lt;anonymous class&gt;.fxdriver.Timer.prototype.setTimeout/&lt;.notify(file:///C:/Users/RAHUL~1.RAT/AppData/Local/Temp/anonymous8877169362230770144webdriver-profile/extensions/fxdriver@googlecode.com/components/driver-component.js:603)
... Removed 28 stack frames</pre></div><a href='#' onClick='toggleBox("stack-trace2848424", this, "Click to show all stack frames", "Click to hide stack frames")'>Click to show all stack frames</a>
<div class='stack-trace' id='stack-trace2848424'><pre>org.openqa.selenium.TimeoutException: Timed out waiting for page load.
Command duration or timeout: 93 milliseconds
Build info: version: &apos;2.45.0&apos;, revision: &apos;5017cb8&apos;, time: &apos;2015-02-26 23:59:50&apos;
System info: host: &apos;Rahul-PC&apos;, ip: &apos;192.168.178.1&apos;, os.name: &apos;Windows 8&apos;, os.arch: &apos;x86&apos;, os.version: &apos;6.2&apos;, java.version: &apos;1.7.0_17&apos;
Session ID: 80047332-7eec-452e-a59c-dda1461d1798
Driver info: org.openqa.selenium.firefox.FirefoxDriver
Capabilities [{platform=WINDOWS, acceptSslCerts=true, javascriptEnabled=true, cssSelectorsEnabled=true, databaseEnabled=true, browserName=firefox, handlesAlerts=true, nativeEvents=false, webStorageEnabled=true, rotatable=false, locationContextEnabled=true, applicationCacheEnabled=true, takesScreenshot=true, version=37.0.1}]
	at sun.reflect.NativeConstructorAccessorImpl.newInstance0(Native Method)
	at sun.reflect.NativeConstructorAccessorImpl.newInstance(Unknown Source)
	at sun.reflect.DelegatingConstructorAccessorImpl.newInstance(Unknown Source)
	at java.lang.reflect.Constructor.newInstance(Unknown Source)
	at org.openqa.selenium.remote.ErrorHandler.createThrowable(ErrorHandler.java:204)
	at org.openqa.selenium.remote.ErrorHandler.throwIfResponseFailed(ErrorHandler.java:156)
	at org.openqa.selenium.remote.RemoteWebDriver.execute(RemoteWebDriver.java:599)
	at org.openqa.selenium.remote.RemoteWebDriver.get(RemoteWebDriver.java:304)
	at org.openqa.selenium.remote.RemoteWebDriver$RemoteNavigation.to(RemoteWebDriver.java:854)
	at helper.WindowHelper.navigateToPage(WindowHelper.java:67)
	at testcase.TestNavigation.testNavigate(TestNavigation.java:20)
	at sun.reflect.NativeMethodAccessorImpl.invoke0(Native Method)
	at sun.reflect.NativeMethodAccessorImpl.invoke(Unknown Source)
	at sun.reflect.DelegatingMethodAccessorImpl.invoke(Unknown Source)
	at java.lang.reflect.Method.invoke(Unknown Source)
	at org.testng.internal.MethodInvocationHelper.invokeMethod(MethodInvocationHelper.java:84)
	at org.testng.internal.Invoker.invokeMethod(Invoker.java:714)
	at org.testng.internal.Invoker.invokeTestMethod(Invoker.java:901)
	at org.testng.internal.Invoker.invokeTestMethods(Invoker.java:1231)
	at org.testng.internal.TestMethodWorker.invokeTestMethods(TestMethodWorker.java:127)
	at org.testng.internal.TestMethodWorker.run(TestMethodWorker.java:111)
	at org.testng.TestRunner.privateRun(TestRunner.java:767)
	at org.testng.TestRunner.run(TestRunner.java:617)
	at org.testng.SuiteRunner.runTest(SuiteRunner.java:334)
	at org.testng.SuiteRunner.runSequentially(SuiteRunner.java:329)
	at org.testng.SuiteRunner.privateRun(SuiteRunner.java:291)
	at org.testng.SuiteRunner.run(SuiteRunner.java:240)
	at org.testng.SuiteRunnerWorker.runSuite(SuiteRunnerWorker.java:52)
	at org.testng.SuiteRunnerWorker.run(SuiteRunnerWorker.java:86)
	at org.testng.TestNG.runSuitesSequentially(TestNG.java:1224)
	at org.testng.TestNG.runSuitesLocally(TestNG.java:1149)
	at org.testng.TestNG.run(TestNG.java:1057)
	at org.testng.remote.RemoteTestNG.run(RemoteTestNG.java:111)
	at org.testng.remote.RemoteTestNG.initAndRun(RemoteTestNG.java:204)
	at org.testng.remote.RemoteTestNG.main(RemoteTestNG.java:175)
Caused by: org.openqa.selenium.TimeoutException: Timed out waiting for page load.
Build info: version: &apos;2.45.0&apos;, revision: &apos;5017cb8&apos;, time: &apos;2015-02-26 23:59:50&apos;
System info: host: &apos;Rahul-PC&apos;, ip: &apos;192.168.178.1&apos;, os.name: &apos;Windows 8&apos;, os.arch: &apos;x86&apos;, os.version: &apos;6.2&apos;, java.version: &apos;1.7.0_17&apos;
Driver info: driver.version: unknown
	at &lt;anonymous class&gt;.Utils.initWebLoadingListener/&lt;(file:///C:/Users/RAHUL~1.RAT/AppData/Local/Temp/anonymous8877169362230770144webdriver-profile/extensions/fxdriver@googlecode.com/components/driver-component.js:8598)
	at &lt;anonymous class&gt;.WebLoadingListener/e(file:///C:/Users/RAHUL~1.RAT/AppData/Local/Temp/anonymous8877169362230770144webdriver-profile/extensions/fxdriver@googlecode.com/components/driver-component.js:4712)
	at &lt;anonymous class&gt;.WebLoadingListener/&lt;(file:///C:/Users/RAHUL~1.RAT/AppData/Local/Temp/anonymous8877169362230770144webdriver-profile/extensions/fxdriver@googlecode.com/components/driver-component.js:4720)
	at &lt;anonymous class&gt;.fxdriver.Timer.prototype.setTimeout/&lt;.notify(file:///C:/Users/RAHUL~1.RAT/AppData/Local/Temp/anonymous8877169362230770144webdriver-profile/extensions/fxdriver@googlecode.com/components/driver-component.js:603)
</pre></div></td>
<td>0</td>
<td>testcase.TestNavigation@a19ab2</td></tr>
<tr>
<td title='testcase.LoginTest.testPreferences()'><b>testPreferences</b><br>Test class: testcase.LoginTest</td>
<td><div><pre>org.openqa.selenium.NoSuchElementException: Unable to locate element: {&quot;method&quot;:&quot;link text&quot;,&quot;selector&quot;:&quot;File a Bug&quot;}
Command duration or timeout: 2.08 seconds
For documentation on this error, please visit: http://seleniumhq.org/exceptions/no_such_element.html
Build info: version: &apos;2.45.0&apos;, revision: &apos;5017cb8&apos;, time: &apos;2015-02-26 23:59:50&apos;
System info: host: &apos;Rahul-PC&apos;, ip: &apos;192.168.178.1&apos;, os.name: &apos;Windows 8&apos;, os.arch: &apos;x86&apos;, os.version: &apos;6.2&apos;, java.version: &apos;1.7.0_17&apos;
*** Element info: {Using=link text, value=File a Bug}
Session ID: 80047332-7eec-452e-a59c-dda1461d1798
Driver info: org.openqa.selenium.firefox.FirefoxDriver
Capabilities [{platform=WINDOWS, acceptSslCerts=true, javascriptEnabled=true, cssSelectorsEnabled=true, databaseEnabled=true, browserName=firefox, handlesAlerts=true, nativeEvents=false, webStorageEnabled=true, rotatable=false, locationContextEnabled=true, applicationCacheEnabled=true, takesScreenshot=true, version=37.0.1}]
	at org.openqa.selenium.remote.ErrorHandler.createThrowable(ErrorHandler.java:204)
	at org.openqa.selenium.remote.ErrorHandler.throwIfResponseFailed(ErrorHandler.java:156)
	at org.openqa.selenium.remote.RemoteWebDriver.execute(RemoteWebDriver.java:599)
	at org.openqa.selenium.remote.RemoteWebDriver.findElement(RemoteWebDriver.java:352)
	at org.openqa.selenium.remote.RemoteWebDriver.findElementByLinkText(RemoteWebDriver.java:401)
	at org.openqa.selenium.By$ByLinkText.findElement(By.java:242)
	at org.openqa.selenium.remote.RemoteWebDriver.findElement(RemoteWebDriver.java:344)
	at org.openqa.selenium.support.pagefactory.DefaultElementLocator.findElement(DefaultElementLocator.java:59)
	at org.openqa.selenium.support.pagefactory.internal.LocatingElementHandler.invoke(LocatingElementHandler.java:37)
	at com.sun.proxy.$Proxy10.click(Unknown Source)
	at testcase.LoginTest.testPreferences(LoginTest.java:41)
Caused by: org.openqa.selenium.NoSuchElementException: Unable to locate element: {&quot;method&quot;:&quot;link text&quot;,&quot;selector&quot;:&quot;File a Bug&quot;}
For documentation on this error, please visit: http://seleniumhq.org/exceptions/no_such_element.html
Build info: version: &apos;2.45.0&apos;, revision: &apos;5017cb8&apos;, time: &apos;2015-02-26 23:59:50&apos;
System info: host: &apos;Rahul-PC&apos;, ip: &apos;192.168.178.1&apos;, os.name: &apos;Windows 8&apos;, os.arch: &apos;x86&apos;, os.version: &apos;6.2&apos;, java.version: &apos;1.7.0_17&apos;
Driver info: driver.version: unknown
	at &lt;anonymous class&gt;.FirefoxDriver.prototype.findElementInternal_(file:///C:/Users/RAHUL~1.RAT/AppData/Local/Temp/anonymous8877169362230770144webdriver-profile/extensions/fxdriver@googlecode.com/components/driver-component.js:10271)
	at &lt;anonymous class&gt;.fxdriver.Timer.prototype.setTimeout/&lt;.notify(file:///C:/Users/RAHUL~1.RAT/AppData/Local/Temp/anonymous8877169362230770144webdriver-profile/extensions/fxdriver@googlecode.com/components/driver-component.js:603)
... Removed 28 stack frames</pre></div><a href='#' onClick='toggleBox("stack-trace5074555", this, "Click to show all stack frames", "Click to hide stack frames")'>Click to show all stack frames</a>
<div class='stack-trace' id='stack-trace5074555'><pre>org.openqa.selenium.NoSuchElementException: Unable to locate element: {&quot;method&quot;:&quot;link text&quot;,&quot;selector&quot;:&quot;File a Bug&quot;}
Command duration or timeout: 2.08 seconds
For documentation on this error, please visit: http://seleniumhq.org/exceptions/no_such_element.html
Build info: version: &apos;2.45.0&apos;, revision: &apos;5017cb8&apos;, time: &apos;2015-02-26 23:59:50&apos;
System info: host: &apos;Rahul-PC&apos;, ip: &apos;192.168.178.1&apos;, os.name: &apos;Windows 8&apos;, os.arch: &apos;x86&apos;, os.version: &apos;6.2&apos;, java.version: &apos;1.7.0_17&apos;
*** Element info: {Using=link text, value=File a Bug}
Session ID: 80047332-7eec-452e-a59c-dda1461d1798
Driver info: org.openqa.selenium.firefox.FirefoxDriver
Capabilities [{platform=WINDOWS, acceptSslCerts=true, javascriptEnabled=true, cssSelectorsEnabled=true, databaseEnabled=true, browserName=firefox, handlesAlerts=true, nativeEvents=false, webStorageEnabled=true, rotatable=false, locationContextEnabled=true, applicationCacheEnabled=true, takesScreenshot=true, version=37.0.1}]
	at sun.reflect.NativeConstructorAccessorImpl.newInstance0(Native Method)
	at sun.reflect.NativeConstructorAccessorImpl.newInstance(Unknown Source)
	at sun.reflect.DelegatingConstructorAccessorImpl.newInstance(Unknown Source)
	at java.lang.reflect.Constructor.newInstance(Unknown Source)
	at org.openqa.selenium.remote.ErrorHandler.createThrowable(ErrorHandler.java:204)
	at org.openqa.selenium.remote.ErrorHandler.throwIfResponseFailed(ErrorHandler.java:156)
	at org.openqa.selenium.remote.RemoteWebDriver.execute(RemoteWebDriver.java:599)
	at org.openqa.selenium.remote.RemoteWebDriver.findElement(RemoteWebDriver.java:352)
	at org.openqa.selenium.remote.RemoteWebDriver.findElementByLinkText(RemoteWebDriver.java:401)
	at org.openqa.selenium.By$ByLinkText.findElement(By.java:242)
	at org.openqa.selenium.remote.RemoteWebDriver.findElement(RemoteWebDriver.java:344)
	at org.openqa.selenium.support.pagefactory.DefaultElementLocator.findElement(DefaultElementLocator.java:59)
	at org.openqa.selenium.support.pagefactory.internal.LocatingElementHandler.invoke(LocatingElementHandler.java:37)
	at com.sun.proxy.$Proxy10.click(Unknown Source)
	at testcase.LoginTest.testPreferences(LoginTest.java:41)
	at sun.reflect.NativeMethodAccessorImpl.invoke0(Native Method)
	at sun.reflect.NativeMethodAccessorImpl.invoke(Unknown Source)
	at sun.reflect.DelegatingMethodAccessorImpl.invoke(Unknown Source)
	at java.lang.reflect.Method.invoke(Unknown Source)
	at org.testng.internal.MethodInvocationHelper.invokeMethod(MethodInvocationHelper.java:84)
	at org.testng.internal.Invoker.invokeMethod(Invoker.java:714)
	at org.testng.internal.Invoker.invokeTestMethod(Invoker.java:901)
	at org.testng.internal.Invoker.invokeTestMethods(Invoker.java:1231)
	at org.testng.internal.TestMethodWorker.invokeTestMethods(TestMethodWorker.java:127)
	at org.testng.internal.TestMethodWorker.run(TestMethodWorker.java:111)
	at org.testng.TestRunner.privateRun(TestRunner.java:767)
	at org.testng.TestRunner.run(TestRunner.java:617)
	at org.testng.SuiteRunner.runTest(SuiteRunner.java:334)
	at org.testng.SuiteRunner.runSequentially(SuiteRunner.java:329)
	at org.testng.SuiteRunner.privateRun(SuiteRunner.java:291)
	at org.testng.SuiteRunner.run(SuiteRunner.java:240)
	at org.testng.SuiteRunnerWorker.runSuite(SuiteRunnerWorker.java:52)
	at org.testng.SuiteRunnerWorker.run(SuiteRunnerWorker.java:86)
	at org.testng.TestNG.runSuitesSequentially(TestNG.java:1224)
	at org.testng.TestNG.runSuitesLocally(TestNG.java:1149)
	at org.testng.TestNG.run(TestNG.java:1057)
	at org.testng.remote.RemoteTestNG.run(RemoteTestNG.java:111)
	at org.testng.remote.RemoteTestNG.initAndRun(RemoteTestNG.java:204)
	at org.testng.remote.RemoteTestNG.main(RemoteTestNG.java:175)
Caused by: org.openqa.selenium.NoSuchElementException: Unable to locate element: {&quot;method&quot;:&quot;link text&quot;,&quot;selector&quot;:&quot;File a Bug&quot;}
For documentation on this error, please visit: http://seleniumhq.org/exceptions/no_such_element.html
Build info: version: &apos;2.45.0&apos;, revision: &apos;5017cb8&apos;, time: &apos;2015-02-26 23:59:50&apos;
System info: host: &apos;Rahul-PC&apos;, ip: &apos;192.168.178.1&apos;, os.name: &apos;Windows 8&apos;, os.arch: &apos;x86&apos;, os.version: &apos;6.2&apos;, java.version: &apos;1.7.0_17&apos;
Driver info: driver.version: unknown
	at &lt;anonymous class&gt;.FirefoxDriver.prototype.findElementInternal_(file:///C:/Users/RAHUL~1.RAT/AppData/Local/Temp/anonymous8877169362230770144webdriver-profile/extensions/fxdriver@googlecode.com/components/driver-component.js:10271)
	at &lt;anonymous class&gt;.fxdriver.Timer.prototype.setTimeout/&lt;.notify(file:///C:/Users/RAHUL~1.RAT/AppData/Local/Temp/anonymous8877169362230770144webdriver-profile/extensions/fxdriver@googlecode.com/components/driver-component.js:603)
</pre></div></td>
<td>2</td>
<td>testcase.LoginTest@19d2995</td></tr>
<tr>
<td title='testcase.TestPageFactory.testPreferences()'><b>testPreferences</b><br>Test class: testcase.TestPageFactory</td>
<td><div><pre>org.openqa.selenium.TimeoutException: Timed out waiting for page load.
Command duration or timeout: 63 milliseconds
Build info: version: &apos;2.45.0&apos;, revision: &apos;5017cb8&apos;, time: &apos;2015-02-26 23:59:50&apos;
System info: host: &apos;Rahul-PC&apos;, ip: &apos;192.168.178.1&apos;, os.name: &apos;Windows 8&apos;, os.arch: &apos;x86&apos;, os.version: &apos;6.2&apos;, java.version: &apos;1.7.0_17&apos;
Session ID: 80047332-7eec-452e-a59c-dda1461d1798
Driver info: org.openqa.selenium.firefox.FirefoxDriver
Capabilities [{platform=WINDOWS, acceptSslCerts=true, javascriptEnabled=true, cssSelectorsEnabled=true, databaseEnabled=true, browserName=firefox, handlesAlerts=true, nativeEvents=false, webStorageEnabled=true, rotatable=false, locationContextEnabled=true, applicationCacheEnabled=true, takesScreenshot=true, version=37.0.1}]
	at org.openqa.selenium.remote.ErrorHandler.createThrowable(ErrorHandler.java:204)
	at org.openqa.selenium.remote.ErrorHandler.throwIfResponseFailed(ErrorHandler.java:156)
	at org.openqa.selenium.remote.RemoteWebDriver.execute(RemoteWebDriver.java:599)
	at org.openqa.selenium.remote.RemoteWebDriver.get(RemoteWebDriver.java:304)
	at org.openqa.selenium.remote.RemoteWebDriver$RemoteNavigation.to(RemoteWebDriver.java:854)
	at helper.WindowHelper.navigateToPage(WindowHelper.java:67)
	at testcase.TestPageFactory.testPreferences(TestPageFactory.java:45)
Caused by: org.openqa.selenium.TimeoutException: Timed out waiting for page load.
Build info: version: &apos;2.45.0&apos;, revision: &apos;5017cb8&apos;, time: &apos;2015-02-26 23:59:50&apos;
System info: host: &apos;Rahul-PC&apos;, ip: &apos;192.168.178.1&apos;, os.name: &apos;Windows 8&apos;, os.arch: &apos;x86&apos;, os.version: &apos;6.2&apos;, java.version: &apos;1.7.0_17&apos;
Driver info: driver.version: unknown
	at &lt;anonymous class&gt;.Utils.initWebLoadingListener/&lt;(file:///C:/Users/RAHUL~1.RAT/AppData/Local/Temp/anonymous8877169362230770144webdriver-profile/extensions/fxdriver@googlecode.com/components/driver-component.js:8598)
	at &lt;anonymous class&gt;.WebLoadingListener/e(file:///C:/Users/RAHUL~1.RAT/AppData/Local/Temp/anonymous8877169362230770144webdriver-profile/extensions/fxdriver@googlecode.com/components/driver-component.js:4712)
	at &lt;anonymous class&gt;.WebLoadingListener/&lt;(file:///C:/Users/RAHUL~1.RAT/AppData/Local/Temp/anonymous8877169362230770144webdriver-profile/extensions/fxdriver@googlecode.com/components/driver-component.js:4720)
	at &lt;anonymous class&gt;.fxdriver.Timer.prototype.setTimeout/&lt;.notify(file:///C:/Users/RAHUL~1.RAT/AppData/Local/Temp/anonymous8877169362230770144webdriver-profile/extensions/fxdriver@googlecode.com/components/driver-component.js:603)
... Removed 28 stack frames</pre></div><a href='#' onClick='toggleBox("stack-trace23020334", this, "Click to show all stack frames", "Click to hide stack frames")'>Click to show all stack frames</a>
<div class='stack-trace' id='stack-trace23020334'><pre>org.openqa.selenium.TimeoutException: Timed out waiting for page load.
Command duration or timeout: 63 milliseconds
Build info: version: &apos;2.45.0&apos;, revision: &apos;5017cb8&apos;, time: &apos;2015-02-26 23:59:50&apos;
System info: host: &apos;Rahul-PC&apos;, ip: &apos;192.168.178.1&apos;, os.name: &apos;Windows 8&apos;, os.arch: &apos;x86&apos;, os.version: &apos;6.2&apos;, java.version: &apos;1.7.0_17&apos;
Session ID: 80047332-7eec-452e-a59c-dda1461d1798
Driver info: org.openqa.selenium.firefox.FirefoxDriver
Capabilities [{platform=WINDOWS, acceptSslCerts=true, javascriptEnabled=true, cssSelectorsEnabled=true, databaseEnabled=true, browserName=firefox, handlesAlerts=true, nativeEvents=false, webStorageEnabled=true, rotatable=false, locationContextEnabled=true, applicationCacheEnabled=true, takesScreenshot=true, version=37.0.1}]
	at sun.reflect.NativeConstructorAccessorImpl.newInstance0(Native Method)
	at sun.reflect.NativeConstructorAccessorImpl.newInstance(Unknown Source)
	at sun.reflect.DelegatingConstructorAccessorImpl.newInstance(Unknown Source)
	at java.lang.reflect.Constructor.newInstance(Unknown Source)
	at org.openqa.selenium.remote.ErrorHandler.createThrowable(ErrorHandler.java:204)
	at org.openqa.selenium.remote.ErrorHandler.throwIfResponseFailed(ErrorHandler.java:156)
	at org.openqa.selenium.remote.RemoteWebDriver.execute(RemoteWebDriver.java:599)
	at org.openqa.selenium.remote.RemoteWebDriver.get(RemoteWebDriver.java:304)
	at org.openqa.selenium.remote.RemoteWebDriver$RemoteNavigation.to(RemoteWebDriver.java:854)
	at helper.WindowHelper.navigateToPage(WindowHelper.java:67)
	at testcase.TestPageFactory.testPreferences(TestPageFactory.java:45)
	at sun.reflect.NativeMethodAccessorImpl.invoke0(Native Method)
	at sun.reflect.NativeMethodAccessorImpl.invoke(Unknown Source)
	at sun.reflect.DelegatingMethodAccessorImpl.invoke(Unknown Source)
	at java.lang.reflect.Method.invoke(Unknown Source)
	at org.testng.internal.MethodInvocationHelper.invokeMethod(MethodInvocationHelper.java:84)
	at org.testng.internal.Invoker.invokeMethod(Invoker.java:714)
	at org.testng.internal.Invoker.invokeTestMethod(Invoker.java:901)
	at org.testng.internal.Invoker.invokeTestMethods(Invoker.java:1231)
	at org.testng.internal.TestMethodWorker.invokeTestMethods(TestMethodWorker.java:127)
	at org.testng.internal.TestMethodWorker.run(TestMethodWorker.java:111)
	at org.testng.TestRunner.privateRun(TestRunner.java:767)
	at org.testng.TestRunner.run(TestRunner.java:617)
	at org.testng.SuiteRunner.runTest(SuiteRunner.java:334)
	at org.testng.SuiteRunner.runSequentially(SuiteRunner.java:329)
	at org.testng.SuiteRunner.privateRun(SuiteRunner.java:291)
	at org.testng.SuiteRunner.run(SuiteRunner.java:240)
	at org.testng.SuiteRunnerWorker.runSuite(SuiteRunnerWorker.java:52)
	at org.testng.SuiteRunnerWorker.run(SuiteRunnerWorker.java:86)
	at org.testng.TestNG.runSuitesSequentially(TestNG.java:1224)
	at org.testng.TestNG.runSuitesLocally(TestNG.java:1149)
	at org.testng.TestNG.run(TestNG.java:1057)
	at org.testng.remote.RemoteTestNG.run(RemoteTestNG.java:111)
	at org.testng.remote.RemoteTestNG.initAndRun(RemoteTestNG.java:204)
	at org.testng.remote.RemoteTestNG.main(RemoteTestNG.java:175)
Caused by: org.openqa.selenium.TimeoutException: Timed out waiting for page load.
Build info: version: &apos;2.45.0&apos;, revision: &apos;5017cb8&apos;, time: &apos;2015-02-26 23:59:50&apos;
System info: host: &apos;Rahul-PC&apos;, ip: &apos;192.168.178.1&apos;, os.name: &apos;Windows 8&apos;, os.arch: &apos;x86&apos;, os.version: &apos;6.2&apos;, java.version: &apos;1.7.0_17&apos;
Driver info: driver.version: unknown
	at &lt;anonymous class&gt;.Utils.initWebLoadingListener/&lt;(file:///C:/Users/RAHUL~1.RAT/AppData/Local/Temp/anonymous8877169362230770144webdriver-profile/extensions/fxdriver@googlecode.com/components/driver-component.js:8598)
	at &lt;anonymous class&gt;.WebLoadingListener/e(file:///C:/Users/RAHUL~1.RAT/AppData/Local/Temp/anonymous8877169362230770144webdriver-profile/extensions/fxdriver@googlecode.com/components/driver-component.js:4712)
	at &lt;anonymous class&gt;.WebLoadingListener/&lt;(file:///C:/Users/RAHUL~1.RAT/AppData/Local/Temp/anonymous8877169362230770144webdriver-profile/extensions/fxdriver@googlecode.com/components/driver-component.js:4720)
	at &lt;anonymous class&gt;.fxdriver.Timer.prototype.setTimeout/&lt;.notify(file:///C:/Users/RAHUL~1.RAT/AppData/Local/Temp/anonymous8877169362230770144webdriver-profile/extensions/fxdriver@googlecode.com/components/driver-component.js:603)
</pre></div></td>
<td>0</td>
<td>testcase.TestPageFactory@c30f56</td></tr>
<tr>
<td title='testcase.TestRadioButton.testRadioButton()'><b>testRadioButton</b><br>Test class: testcase.TestRadioButton</td>
<td><div><pre>org.openqa.selenium.TimeoutException: Timed out waiting for page load.
Command duration or timeout: 78 milliseconds
Build info: version: &apos;2.45.0&apos;, revision: &apos;5017cb8&apos;, time: &apos;2015-02-26 23:59:50&apos;
System info: host: &apos;Rahul-PC&apos;, ip: &apos;192.168.178.1&apos;, os.name: &apos;Windows 8&apos;, os.arch: &apos;x86&apos;, os.version: &apos;6.2&apos;, java.version: &apos;1.7.0_17&apos;
Session ID: 80047332-7eec-452e-a59c-dda1461d1798
Driver info: org.openqa.selenium.firefox.FirefoxDriver
Capabilities [{platform=WINDOWS, acceptSslCerts=true, javascriptEnabled=true, cssSelectorsEnabled=true, databaseEnabled=true, browserName=firefox, handlesAlerts=true, nativeEvents=false, webStorageEnabled=true, rotatable=false, locationContextEnabled=true, applicationCacheEnabled=true, takesScreenshot=true, version=37.0.1}]
	at org.openqa.selenium.remote.ErrorHandler.createThrowable(ErrorHandler.java:204)
	at org.openqa.selenium.remote.ErrorHandler.throwIfResponseFailed(ErrorHandler.java:156)
	at org.openqa.selenium.remote.RemoteWebDriver.execute(RemoteWebDriver.java:599)
	at org.openqa.selenium.remote.RemoteWebDriver.get(RemoteWebDriver.java:304)
	at org.openqa.selenium.remote.RemoteWebDriver$RemoteNavigation.to(RemoteWebDriver.java:854)
	at helper.WindowHelper.navigateToPage(WindowHelper.java:67)
	at testcase.TestRadioButton.testRadioButton(TestRadioButton.java:24)
Caused by: org.openqa.selenium.TimeoutException: Timed out waiting for page load.
Build info: version: &apos;2.45.0&apos;, revision: &apos;5017cb8&apos;, time: &apos;2015-02-26 23:59:50&apos;
System info: host: &apos;Rahul-PC&apos;, ip: &apos;192.168.178.1&apos;, os.name: &apos;Windows 8&apos;, os.arch: &apos;x86&apos;, os.version: &apos;6.2&apos;, java.version: &apos;1.7.0_17&apos;
Driver info: driver.version: unknown
	at &lt;anonymous class&gt;.Utils.initWebLoadingListener/&lt;(file:///C:/Users/RAHUL~1.RAT/AppData/Local/Temp/anonymous8877169362230770144webdriver-profile/extensions/fxdriver@googlecode.com/components/driver-component.js:8598)
	at &lt;anonymous class&gt;.WebLoadingListener/e(file:///C:/Users/RAHUL~1.RAT/AppData/Local/Temp/anonymous8877169362230770144webdriver-profile/extensions/fxdriver@googlecode.com/components/driver-component.js:4712)
	at &lt;anonymous class&gt;.WebLoadingListener/&lt;(file:///C:/Users/RAHUL~1.RAT/AppData/Local/Temp/anonymous8877169362230770144webdriver-profile/extensions/fxdriver@googlecode.com/components/driver-component.js:4720)
	at &lt;anonymous class&gt;.fxdriver.Timer.prototype.setTimeout/&lt;.notify(file:///C:/Users/RAHUL~1.RAT/AppData/Local/Temp/anonymous8877169362230770144webdriver-profile/extensions/fxdriver@googlecode.com/components/driver-component.js:603)
... Removed 28 stack frames</pre></div><a href='#' onClick='toggleBox("stack-trace3985946", this, "Click to show all stack frames", "Click to hide stack frames")'>Click to show all stack frames</a>
<div class='stack-trace' id='stack-trace3985946'><pre>org.openqa.selenium.TimeoutException: Timed out waiting for page load.
Command duration or timeout: 78 milliseconds
Build info: version: &apos;2.45.0&apos;, revision: &apos;5017cb8&apos;, time: &apos;2015-02-26 23:59:50&apos;
System info: host: &apos;Rahul-PC&apos;, ip: &apos;192.168.178.1&apos;, os.name: &apos;Windows 8&apos;, os.arch: &apos;x86&apos;, os.version: &apos;6.2&apos;, java.version: &apos;1.7.0_17&apos;
Session ID: 80047332-7eec-452e-a59c-dda1461d1798
Driver info: org.openqa.selenium.firefox.FirefoxDriver
Capabilities [{platform=WINDOWS, acceptSslCerts=true, javascriptEnabled=true, cssSelectorsEnabled=true, databaseEnabled=true, browserName=firefox, handlesAlerts=true, nativeEvents=false, webStorageEnabled=true, rotatable=false, locationContextEnabled=true, applicationCacheEnabled=true, takesScreenshot=true, version=37.0.1}]
	at sun.reflect.NativeConstructorAccessorImpl.newInstance0(Native Method)
	at sun.reflect.NativeConstructorAccessorImpl.newInstance(Unknown Source)
	at sun.reflect.DelegatingConstructorAccessorImpl.newInstance(Unknown Source)
	at java.lang.reflect.Constructor.newInstance(Unknown Source)
	at org.openqa.selenium.remote.ErrorHandler.createThrowable(ErrorHandler.java:204)
	at org.openqa.selenium.remote.ErrorHandler.throwIfResponseFailed(ErrorHandler.java:156)
	at org.openqa.selenium.remote.RemoteWebDriver.execute(RemoteWebDriver.java:599)
	at org.openqa.selenium.remote.RemoteWebDriver.get(RemoteWebDriver.java:304)
	at org.openqa.selenium.remote.RemoteWebDriver$RemoteNavigation.to(RemoteWebDriver.java:854)
	at helper.WindowHelper.navigateToPage(WindowHelper.java:67)
	at testcase.TestRadioButton.testRadioButton(TestRadioButton.java:24)
	at sun.reflect.NativeMethodAccessorImpl.invoke0(Native Method)
	at sun.reflect.NativeMethodAccessorImpl.invoke(Unknown Source)
	at sun.reflect.DelegatingMethodAccessorImpl.invoke(Unknown Source)
	at java.lang.reflect.Method.invoke(Unknown Source)
	at org.testng.internal.MethodInvocationHelper.invokeMethod(MethodInvocationHelper.java:84)
	at org.testng.internal.Invoker.invokeMethod(Invoker.java:714)
	at org.testng.internal.Invoker.invokeTestMethod(Invoker.java:901)
	at org.testng.internal.Invoker.invokeTestMethods(Invoker.java:1231)
	at org.testng.internal.TestMethodWorker.invokeTestMethods(TestMethodWorker.java:127)
	at org.testng.internal.TestMethodWorker.run(TestMethodWorker.java:111)
	at org.testng.TestRunner.privateRun(TestRunner.java:767)
	at org.testng.TestRunner.run(TestRunner.java:617)
	at org.testng.SuiteRunner.runTest(SuiteRunner.java:334)
	at org.testng.SuiteRunner.runSequentially(SuiteRunner.java:329)
	at org.testng.SuiteRunner.privateRun(SuiteRunner.java:291)
	at org.testng.SuiteRunner.run(SuiteRunner.java:240)
	at org.testng.SuiteRunnerWorker.runSuite(SuiteRunnerWorker.java:52)
	at org.testng.SuiteRunnerWorker.run(SuiteRunnerWorker.java:86)
	at org.testng.TestNG.runSuitesSequentially(TestNG.java:1224)
	at org.testng.TestNG.runSuitesLocally(TestNG.java:1149)
	at org.testng.TestNG.run(TestNG.java:1057)
	at org.testng.remote.RemoteTestNG.run(RemoteTestNG.java:111)
	at org.testng.remote.RemoteTestNG.initAndRun(RemoteTestNG.java:204)
	at org.testng.remote.RemoteTestNG.main(RemoteTestNG.java:175)
Caused by: org.openqa.selenium.TimeoutException: Timed out waiting for page load.
Build info: version: &apos;2.45.0&apos;, revision: &apos;5017cb8&apos;, time: &apos;2015-02-26 23:59:50&apos;
System info: host: &apos;Rahul-PC&apos;, ip: &apos;192.168.178.1&apos;, os.name: &apos;Windows 8&apos;, os.arch: &apos;x86&apos;, os.version: &apos;6.2&apos;, java.version: &apos;1.7.0_17&apos;
Driver info: driver.version: unknown
	at &lt;anonymous class&gt;.Utils.initWebLoadingListener/&lt;(file:///C:/Users/RAHUL~1.RAT/AppData/Local/Temp/anonymous8877169362230770144webdriver-profile/extensions/fxdriver@googlecode.com/components/driver-component.js:8598)
	at &lt;anonymous class&gt;.WebLoadingListener/e(file:///C:/Users/RAHUL~1.RAT/AppData/Local/Temp/anonymous8877169362230770144webdriver-profile/extensions/fxdriver@googlecode.com/components/driver-component.js:4712)
	at &lt;anonymous class&gt;.WebLoadingListener/&lt;(file:///C:/Users/RAHUL~1.RAT/AppData/Local/Temp/anonymous8877169362230770144webdriver-profile/extensions/fxdriver@googlecode.com/components/driver-component.js:4720)
	at &lt;anonymous class&gt;.fxdriver.Timer.prototype.setTimeout/&lt;.notify(file:///C:/Users/RAHUL~1.RAT/AppData/Local/Temp/anonymous8877169362230770144webdriver-profile/extensions/fxdriver@googlecode.com/components/driver-component.js:603)
</pre></div></td>
<td>0</td>
<td>testcase.TestRadioButton@108ab98</td></tr>
<tr>
<td title='testcase.LoginTest.testReport()'><b>testReport</b><br>Test class: testcase.LoginTest</td>
<td><div><pre>org.openqa.selenium.NoSuchElementException: Unable to locate element: {&quot;method&quot;:&quot;link text&quot;,&quot;selector&quot;:&quot;File a Bug&quot;}
Command duration or timeout: 2.14 seconds
For documentation on this error, please visit: http://seleniumhq.org/exceptions/no_such_element.html
Build info: version: &apos;2.45.0&apos;, revision: &apos;5017cb8&apos;, time: &apos;2015-02-26 23:59:50&apos;
System info: host: &apos;Rahul-PC&apos;, ip: &apos;192.168.178.1&apos;, os.name: &apos;Windows 8&apos;, os.arch: &apos;x86&apos;, os.version: &apos;6.2&apos;, java.version: &apos;1.7.0_17&apos;
*** Element info: {Using=link text, value=File a Bug}
Session ID: 80047332-7eec-452e-a59c-dda1461d1798
Driver info: org.openqa.selenium.firefox.FirefoxDriver
Capabilities [{platform=WINDOWS, acceptSslCerts=true, javascriptEnabled=true, cssSelectorsEnabled=true, databaseEnabled=true, browserName=firefox, handlesAlerts=true, nativeEvents=false, webStorageEnabled=true, rotatable=false, locationContextEnabled=true, applicationCacheEnabled=true, takesScreenshot=true, version=37.0.1}]
	at org.openqa.selenium.remote.ErrorHandler.createThrowable(ErrorHandler.java:204)
	at org.openqa.selenium.remote.ErrorHandler.throwIfResponseFailed(ErrorHandler.java:156)
	at org.openqa.selenium.remote.RemoteWebDriver.execute(RemoteWebDriver.java:599)
	at org.openqa.selenium.remote.RemoteWebDriver.findElement(RemoteWebDriver.java:352)
	at org.openqa.selenium.remote.RemoteWebDriver.findElementByLinkText(RemoteWebDriver.java:401)
	at org.openqa.selenium.By$ByLinkText.findElement(By.java:242)
	at org.openqa.selenium.remote.RemoteWebDriver.findElement(RemoteWebDriver.java:344)
	at org.openqa.selenium.support.pagefactory.DefaultElementLocator.findElement(DefaultElementLocator.java:59)
	at org.openqa.selenium.support.pagefactory.internal.LocatingElementHandler.invoke(LocatingElementHandler.java:37)
	at com.sun.proxy.$Proxy10.click(Unknown Source)
	at testcase.LoginTest.testReport(LoginTest.java:79)
Caused by: org.openqa.selenium.NoSuchElementException: Unable to locate element: {&quot;method&quot;:&quot;link text&quot;,&quot;selector&quot;:&quot;File a Bug&quot;}
For documentation on this error, please visit: http://seleniumhq.org/exceptions/no_such_element.html
Build info: version: &apos;2.45.0&apos;, revision: &apos;5017cb8&apos;, time: &apos;2015-02-26 23:59:50&apos;
System info: host: &apos;Rahul-PC&apos;, ip: &apos;192.168.178.1&apos;, os.name: &apos;Windows 8&apos;, os.arch: &apos;x86&apos;, os.version: &apos;6.2&apos;, java.version: &apos;1.7.0_17&apos;
Driver info: driver.version: unknown
	at &lt;anonymous class&gt;.FirefoxDriver.prototype.findElementInternal_(file:///C:/Users/RAHUL~1.RAT/AppData/Local/Temp/anonymous8877169362230770144webdriver-profile/extensions/fxdriver@googlecode.com/components/driver-component.js:10271)
	at &lt;anonymous class&gt;.fxdriver.Timer.prototype.setTimeout/&lt;.notify(file:///C:/Users/RAHUL~1.RAT/AppData/Local/Temp/anonymous8877169362230770144webdriver-profile/extensions/fxdriver@googlecode.com/components/driver-component.js:603)
... Removed 28 stack frames</pre></div><a href='#' onClick='toggleBox("stack-trace23974807", this, "Click to show all stack frames", "Click to hide stack frames")'>Click to show all stack frames</a>
<div class='stack-trace' id='stack-trace23974807'><pre>org.openqa.selenium.NoSuchElementException: Unable to locate element: {&quot;method&quot;:&quot;link text&quot;,&quot;selector&quot;:&quot;File a Bug&quot;}
Command duration or timeout: 2.14 seconds
For documentation on this error, please visit: http://seleniumhq.org/exceptions/no_such_element.html
Build info: version: &apos;2.45.0&apos;, revision: &apos;5017cb8&apos;, time: &apos;2015-02-26 23:59:50&apos;
System info: host: &apos;Rahul-PC&apos;, ip: &apos;192.168.178.1&apos;, os.name: &apos;Windows 8&apos;, os.arch: &apos;x86&apos;, os.version: &apos;6.2&apos;, java.version: &apos;1.7.0_17&apos;
*** Element info: {Using=link text, value=File a Bug}
Session ID: 80047332-7eec-452e-a59c-dda1461d1798
Driver info: org.openqa.selenium.firefox.FirefoxDriver
Capabilities [{platform=WINDOWS, acceptSslCerts=true, javascriptEnabled=true, cssSelectorsEnabled=true, databaseEnabled=true, browserName=firefox, handlesAlerts=true, nativeEvents=false, webStorageEnabled=true, rotatable=false, locationContextEnabled=true, applicationCacheEnabled=true, takesScreenshot=true, version=37.0.1}]
	at sun.reflect.NativeConstructorAccessorImpl.newInstance0(Native Method)
	at sun.reflect.NativeConstructorAccessorImpl.newInstance(Unknown Source)
	at sun.reflect.DelegatingConstructorAccessorImpl.newInstance(Unknown Source)
	at java.lang.reflect.Constructor.newInstance(Unknown Source)
	at org.openqa.selenium.remote.ErrorHandler.createThrowable(ErrorHandler.java:204)
	at org.openqa.selenium.remote.ErrorHandler.throwIfResponseFailed(ErrorHandler.java:156)
	at org.openqa.selenium.remote.RemoteWebDriver.execute(RemoteWebDriver.java:599)
	at org.openqa.selenium.remote.RemoteWebDriver.findElement(RemoteWebDriver.java:352)
	at org.openqa.selenium.remote.RemoteWebDriver.findElementByLinkText(RemoteWebDriver.java:401)
	at org.openqa.selenium.By$ByLinkText.findElement(By.java:242)
	at org.openqa.selenium.remote.RemoteWebDriver.findElement(RemoteWebDriver.java:344)
	at org.openqa.selenium.support.pagefactory.DefaultElementLocator.findElement(DefaultElementLocator.java:59)
	at org.openqa.selenium.support.pagefactory.internal.LocatingElementHandler.invoke(LocatingElementHandler.java:37)
	at com.sun.proxy.$Proxy10.click(Unknown Source)
	at testcase.LoginTest.testReport(LoginTest.java:79)
	at sun.reflect.NativeMethodAccessorImpl.invoke0(Native Method)
	at sun.reflect.NativeMethodAccessorImpl.invoke(Unknown Source)
	at sun.reflect.DelegatingMethodAccessorImpl.invoke(Unknown Source)
	at java.lang.reflect.Method.invoke(Unknown Source)
	at org.testng.internal.MethodInvocationHelper.invokeMethod(MethodInvocationHelper.java:84)
	at org.testng.internal.Invoker.invokeMethod(Invoker.java:714)
	at org.testng.internal.Invoker.invokeTestMethod(Invoker.java:901)
	at org.testng.internal.Invoker.invokeTestMethods(Invoker.java:1231)
	at org.testng.internal.TestMethodWorker.invokeTestMethods(TestMethodWorker.java:127)
	at org.testng.internal.TestMethodWorker.run(TestMethodWorker.java:111)
	at org.testng.TestRunner.privateRun(TestRunner.java:767)
	at org.testng.TestRunner.run(TestRunner.java:617)
	at org.testng.SuiteRunner.runTest(SuiteRunner.java:334)
	at org.testng.SuiteRunner.runSequentially(SuiteRunner.java:329)
	at org.testng.SuiteRunner.privateRun(SuiteRunner.java:291)
	at org.testng.SuiteRunner.run(SuiteRunner.java:240)
	at org.testng.SuiteRunnerWorker.runSuite(SuiteRunnerWorker.java:52)
	at org.testng.SuiteRunnerWorker.run(SuiteRunnerWorker.java:86)
	at org.testng.TestNG.runSuitesSequentially(TestNG.java:1224)
	at org.testng.TestNG.runSuitesLocally(TestNG.java:1149)
	at org.testng.TestNG.run(TestNG.java:1057)
	at org.testng.remote.RemoteTestNG.run(RemoteTestNG.java:111)
	at org.testng.remote.RemoteTestNG.initAndRun(RemoteTestNG.java:204)
	at org.testng.remote.RemoteTestNG.main(RemoteTestNG.java:175)
Caused by: org.openqa.selenium.NoSuchElementException: Unable to locate element: {&quot;method&quot;:&quot;link text&quot;,&quot;selector&quot;:&quot;File a Bug&quot;}
For documentation on this error, please visit: http://seleniumhq.org/exceptions/no_such_element.html
Build info: version: &apos;2.45.0&apos;, revision: &apos;5017cb8&apos;, time: &apos;2015-02-26 23:59:50&apos;
System info: host: &apos;Rahul-PC&apos;, ip: &apos;192.168.178.1&apos;, os.name: &apos;Windows 8&apos;, os.arch: &apos;x86&apos;, os.version: &apos;6.2&apos;, java.version: &apos;1.7.0_17&apos;
Driver info: driver.version: unknown
	at &lt;anonymous class&gt;.FirefoxDriver.prototype.findElementInternal_(file:///C:/Users/RAHUL~1.RAT/AppData/Local/Temp/anonymous8877169362230770144webdriver-profile/extensions/fxdriver@googlecode.com/components/driver-component.js:10271)
	at &lt;anonymous class&gt;.fxdriver.Timer.prototype.setTimeout/&lt;.notify(file:///C:/Users/RAHUL~1.RAT/AppData/Local/Temp/anonymous8877169362230770144webdriver-profile/extensions/fxdriver@googlecode.com/components/driver-component.js:603)
</pre></div></td>
<td>2</td>
<td>testcase.LoginTest@19d2995</td></tr>
<tr>
<td title='testcase.TestTimeUnit.testTime()'><b>testTime</b><br>Test class: testcase.TestTimeUnit</td>
<td><div><pre>org.openqa.selenium.TimeoutException: Timed out waiting for page load.
Command duration or timeout: 79 milliseconds
Build info: version: &apos;2.45.0&apos;, revision: &apos;5017cb8&apos;, time: &apos;2015-02-26 23:59:50&apos;
System info: host: &apos;Rahul-PC&apos;, ip: &apos;192.168.178.1&apos;, os.name: &apos;Windows 8&apos;, os.arch: &apos;x86&apos;, os.version: &apos;6.2&apos;, java.version: &apos;1.7.0_17&apos;
Session ID: 80047332-7eec-452e-a59c-dda1461d1798
Driver info: org.openqa.selenium.firefox.FirefoxDriver
Capabilities [{platform=WINDOWS, acceptSslCerts=true, javascriptEnabled=true, cssSelectorsEnabled=true, databaseEnabled=true, browserName=firefox, handlesAlerts=true, nativeEvents=false, webStorageEnabled=true, rotatable=false, locationContextEnabled=true, applicationCacheEnabled=true, takesScreenshot=true, version=37.0.1}]
	at org.openqa.selenium.remote.ErrorHandler.createThrowable(ErrorHandler.java:204)
	at org.openqa.selenium.remote.ErrorHandler.throwIfResponseFailed(ErrorHandler.java:156)
	at org.openqa.selenium.remote.RemoteWebDriver.execute(RemoteWebDriver.java:599)
	at org.openqa.selenium.remote.RemoteWebDriver.get(RemoteWebDriver.java:304)
	at testcase.TestTimeUnit.testTime(TestTimeUnit.java:25)
Caused by: org.openqa.selenium.TimeoutException: Timed out waiting for page load.
Build info: version: &apos;2.45.0&apos;, revision: &apos;5017cb8&apos;, time: &apos;2015-02-26 23:59:50&apos;
System info: host: &apos;Rahul-PC&apos;, ip: &apos;192.168.178.1&apos;, os.name: &apos;Windows 8&apos;, os.arch: &apos;x86&apos;, os.version: &apos;6.2&apos;, java.version: &apos;1.7.0_17&apos;
Driver info: driver.version: unknown
	at &lt;anonymous class&gt;.Utils.initWebLoadingListener/&lt;(file:///C:/Users/RAHUL~1.RAT/AppData/Local/Temp/anonymous8877169362230770144webdriver-profile/extensions/fxdriver@googlecode.com/components/driver-component.js:8598)
	at &lt;anonymous class&gt;.WebLoadingListener/e(file:///C:/Users/RAHUL~1.RAT/AppData/Local/Temp/anonymous8877169362230770144webdriver-profile/extensions/fxdriver@googlecode.com/components/driver-component.js:4712)
	at &lt;anonymous class&gt;.WebLoadingListener/&lt;(file:///C:/Users/RAHUL~1.RAT/AppData/Local/Temp/anonymous8877169362230770144webdriver-profile/extensions/fxdriver@googlecode.com/components/driver-component.js:4720)
	at &lt;anonymous class&gt;.fxdriver.Timer.prototype.setTimeout/&lt;.notify(file:///C:/Users/RAHUL~1.RAT/AppData/Local/Temp/anonymous8877169362230770144webdriver-profile/extensions/fxdriver@googlecode.com/components/driver-component.js:603)
... Removed 28 stack frames</pre></div><a href='#' onClick='toggleBox("stack-trace2884736", this, "Click to show all stack frames", "Click to hide stack frames")'>Click to show all stack frames</a>
<div class='stack-trace' id='stack-trace2884736'><pre>org.openqa.selenium.TimeoutException: Timed out waiting for page load.
Command duration or timeout: 79 milliseconds
Build info: version: &apos;2.45.0&apos;, revision: &apos;5017cb8&apos;, time: &apos;2015-02-26 23:59:50&apos;
System info: host: &apos;Rahul-PC&apos;, ip: &apos;192.168.178.1&apos;, os.name: &apos;Windows 8&apos;, os.arch: &apos;x86&apos;, os.version: &apos;6.2&apos;, java.version: &apos;1.7.0_17&apos;
Session ID: 80047332-7eec-452e-a59c-dda1461d1798
Driver info: org.openqa.selenium.firefox.FirefoxDriver
Capabilities [{platform=WINDOWS, acceptSslCerts=true, javascriptEnabled=true, cssSelectorsEnabled=true, databaseEnabled=true, browserName=firefox, handlesAlerts=true, nativeEvents=false, webStorageEnabled=true, rotatable=false, locationContextEnabled=true, applicationCacheEnabled=true, takesScreenshot=true, version=37.0.1}]
	at sun.reflect.NativeConstructorAccessorImpl.newInstance0(Native Method)
	at sun.reflect.NativeConstructorAccessorImpl.newInstance(Unknown Source)
	at sun.reflect.DelegatingConstructorAccessorImpl.newInstance(Unknown Source)
	at java.lang.reflect.Constructor.newInstance(Unknown Source)
	at org.openqa.selenium.remote.ErrorHandler.createThrowable(ErrorHandler.java:204)
	at org.openqa.selenium.remote.ErrorHandler.throwIfResponseFailed(ErrorHandler.java:156)
	at org.openqa.selenium.remote.RemoteWebDriver.execute(RemoteWebDriver.java:599)
	at org.openqa.selenium.remote.RemoteWebDriver.get(RemoteWebDriver.java:304)
	at testcase.TestTimeUnit.testTime(TestTimeUnit.java:25)
	at sun.reflect.NativeMethodAccessorImpl.invoke0(Native Method)
	at sun.reflect.NativeMethodAccessorImpl.invoke(Unknown Source)
	at sun.reflect.DelegatingMethodAccessorImpl.invoke(Unknown Source)
	at java.lang.reflect.Method.invoke(Unknown Source)
	at org.testng.internal.MethodInvocationHelper.invokeMethod(MethodInvocationHelper.java:84)
	at org.testng.internal.Invoker.invokeMethod(Invoker.java:714)
	at org.testng.internal.Invoker.invokeTestMethod(Invoker.java:901)
	at org.testng.internal.Invoker.invokeTestMethods(Invoker.java:1231)
	at org.testng.internal.TestMethodWorker.invokeTestMethods(TestMethodWorker.java:127)
	at org.testng.internal.TestMethodWorker.run(TestMethodWorker.java:111)
	at org.testng.TestRunner.privateRun(TestRunner.java:767)
	at org.testng.TestRunner.run(TestRunner.java:617)
	at org.testng.SuiteRunner.runTest(SuiteRunner.java:334)
	at org.testng.SuiteRunner.runSequentially(SuiteRunner.java:329)
	at org.testng.SuiteRunner.privateRun(SuiteRunner.java:291)
	at org.testng.SuiteRunner.run(SuiteRunner.java:240)
	at org.testng.SuiteRunnerWorker.runSuite(SuiteRunnerWorker.java:52)
	at org.testng.SuiteRunnerWorker.run(SuiteRunnerWorker.java:86)
	at org.testng.TestNG.runSuitesSequentially(TestNG.java:1224)
	at org.testng.TestNG.runSuitesLocally(TestNG.java:1149)
	at org.testng.TestNG.run(TestNG.java:1057)
	at org.testng.remote.RemoteTestNG.run(RemoteTestNG.java:111)
	at org.testng.remote.RemoteTestNG.initAndRun(RemoteTestNG.java:204)
	at org.testng.remote.RemoteTestNG.main(RemoteTestNG.java:175)
Caused by: org.openqa.selenium.TimeoutException: Timed out waiting for page load.
Build info: version: &apos;2.45.0&apos;, revision: &apos;5017cb8&apos;, time: &apos;2015-02-26 23:59:50&apos;
System info: host: &apos;Rahul-PC&apos;, ip: &apos;192.168.178.1&apos;, os.name: &apos;Windows 8&apos;, os.arch: &apos;x86&apos;, os.version: &apos;6.2&apos;, java.version: &apos;1.7.0_17&apos;
Driver info: driver.version: unknown
	at &lt;anonymous class&gt;.Utils.initWebLoadingListener/&lt;(file:///C:/Users/RAHUL~1.RAT/AppData/Local/Temp/anonymous8877169362230770144webdriver-profile/extensions/fxdriver@googlecode.com/components/driver-component.js:8598)
	at &lt;anonymous class&gt;.WebLoadingListener/e(file:///C:/Users/RAHUL~1.RAT/AppData/Local/Temp/anonymous8877169362230770144webdriver-profile/extensions/fxdriver@googlecode.com/components/driver-component.js:4712)
	at &lt;anonymous class&gt;.WebLoadingListener/&lt;(file:///C:/Users/RAHUL~1.RAT/AppData/Local/Temp/anonymous8877169362230770144webdriver-profile/extensions/fxdriver@googlecode.com/components/driver-component.js:4720)
	at &lt;anonymous class&gt;.fxdriver.Timer.prototype.setTimeout/&lt;.notify(file:///C:/Users/RAHUL~1.RAT/AppData/Local/Temp/anonymous8877169362230770144webdriver-profile/extensions/fxdriver@googlecode.com/components/driver-component.js:603)
</pre></div></td>
<td>0</td>
<td>testcase.TestTimeUnit@e10d40</td></tr>
<tr>
<td title='testcase.sikuli.TestFileUpload.testUpload()'><b>testUpload</b><br>Test class: testcase.sikuli.TestFileUpload</td>
<td><div><pre>java.util.NoSuchElementException: Link Text Not Found : File a Bug
	at helper.LinkHelper.clickLink(LinkHelper.java:24)
	at testcase.sikuli.TestFileUpload.testUpload(TestFileUpload.java:29)
... Removed 24 stack frames</pre></div><a href='#' onClick='toggleBox("stack-trace28784344", this, "Click to show all stack frames", "Click to hide stack frames")'>Click to show all stack frames</a>
<div class='stack-trace' id='stack-trace28784344'><pre>java.util.NoSuchElementException: Link Text Not Found : File a Bug
	at helper.LinkHelper.clickLink(LinkHelper.java:24)
	at testcase.sikuli.TestFileUpload.testUpload(TestFileUpload.java:29)
	at sun.reflect.NativeMethodAccessorImpl.invoke0(Native Method)
	at sun.reflect.NativeMethodAccessorImpl.invoke(Unknown Source)
	at sun.reflect.DelegatingMethodAccessorImpl.invoke(Unknown Source)
	at java.lang.reflect.Method.invoke(Unknown Source)
	at org.testng.internal.MethodInvocationHelper.invokeMethod(MethodInvocationHelper.java:84)
	at org.testng.internal.Invoker.invokeMethod(Invoker.java:714)
	at org.testng.internal.Invoker.invokeTestMethod(Invoker.java:901)
	at org.testng.internal.Invoker.invokeTestMethods(Invoker.java:1231)
	at org.testng.internal.TestMethodWorker.invokeTestMethods(TestMethodWorker.java:127)
	at org.testng.internal.TestMethodWorker.run(TestMethodWorker.java:111)
	at org.testng.TestRunner.privateRun(TestRunner.java:767)
	at org.testng.TestRunner.run(TestRunner.java:617)
	at org.testng.SuiteRunner.runTest(SuiteRunner.java:334)
	at org.testng.SuiteRunner.runSequentially(SuiteRunner.java:329)
	at org.testng.SuiteRunner.privateRun(SuiteRunner.java:291)
	at org.testng.SuiteRunner.run(SuiteRunner.java:240)
	at org.testng.SuiteRunnerWorker.runSuite(SuiteRunnerWorker.java:52)
	at org.testng.SuiteRunnerWorker.run(SuiteRunnerWorker.java:86)
	at org.testng.TestNG.runSuitesSequentially(TestNG.java:1224)
	at org.testng.TestNG.runSuitesLocally(TestNG.java:1149)
	at org.testng.TestNG.run(TestNG.java:1057)
	at org.testng.remote.RemoteTestNG.run(RemoteTestNG.java:111)
	at org.testng.remote.RemoteTestNG.initAndRun(RemoteTestNG.java:204)
	at org.testng.remote.RemoteTestNG.main(RemoteTestNG.java:175)
</pre></div></td>
<td>4</td>
<td>testcase.sikuli.TestFileUpload@14d8840</td></tr>
<tr>
<td title='testcase.TestFluentWait.testWait()'><b>testWait</b><br>Test class: testcase.TestFluentWait</td>
<td><div><pre>org.openqa.selenium.NoSuchElementException: Unable to locate element: {&quot;method&quot;:&quot;id&quot;,&quot;selector&quot;:&quot;iframeResult&quot;}
Command duration or timeout: 2.19 seconds
For documentation on this error, please visit: http://seleniumhq.org/exceptions/no_such_element.html
Build info: version: &apos;2.45.0&apos;, revision: &apos;5017cb8&apos;, time: &apos;2015-02-26 23:59:50&apos;
System info: host: &apos;Rahul-PC&apos;, ip: &apos;192.168.178.1&apos;, os.name: &apos;Windows 8&apos;, os.arch: &apos;x86&apos;, os.version: &apos;6.2&apos;, java.version: &apos;1.7.0_17&apos;
*** Element info: {Using=id, value=iframeResult}
Session ID: 80047332-7eec-452e-a59c-dda1461d1798
Driver info: org.openqa.selenium.firefox.FirefoxDriver
Capabilities [{platform=WINDOWS, acceptSslCerts=true, javascriptEnabled=true, cssSelectorsEnabled=true, databaseEnabled=true, browserName=firefox, handlesAlerts=true, nativeEvents=false, webStorageEnabled=true, rotatable=false, locationContextEnabled=true, applicationCacheEnabled=true, takesScreenshot=true, version=37.0.1}]
	at org.openqa.selenium.remote.ErrorHandler.createThrowable(ErrorHandler.java:204)
	at org.openqa.selenium.remote.ErrorHandler.throwIfResponseFailed(ErrorHandler.java:156)
	at org.openqa.selenium.remote.RemoteWebDriver.execute(RemoteWebDriver.java:599)
	at org.openqa.selenium.remote.RemoteWebDriver.findElement(RemoteWebDriver.java:352)
	at org.openqa.selenium.remote.RemoteWebDriver.findElementById(RemoteWebDriver.java:393)
	at org.openqa.selenium.By$ById.findElement(By.java:214)
	at org.openqa.selenium.remote.RemoteWebDriver.findElement(RemoteWebDriver.java:344)
	at testcase.TestFluentWait.testWait(TestFluentWait.java:63)
Caused by: org.openqa.selenium.NoSuchElementException: Unable to locate element: {&quot;method&quot;:&quot;id&quot;,&quot;selector&quot;:&quot;iframeResult&quot;}
For documentation on this error, please visit: http://seleniumhq.org/exceptions/no_such_element.html
Build info: version: &apos;2.45.0&apos;, revision: &apos;5017cb8&apos;, time: &apos;2015-02-26 23:59:50&apos;
System info: host: &apos;Rahul-PC&apos;, ip: &apos;192.168.178.1&apos;, os.name: &apos;Windows 8&apos;, os.arch: &apos;x86&apos;, os.version: &apos;6.2&apos;, java.version: &apos;1.7.0_17&apos;
Driver info: driver.version: unknown
	at &lt;anonymous class&gt;.FirefoxDriver.prototype.findElementInternal_(file:///C:/Users/RAHUL~1.RAT/AppData/Local/Temp/anonymous8877169362230770144webdriver-profile/extensions/fxdriver@googlecode.com/components/driver-component.js:10271)
	at &lt;anonymous class&gt;.fxdriver.Timer.prototype.setTimeout/&lt;.notify(file:///C:/Users/RAHUL~1.RAT/AppData/Local/Temp/anonymous8877169362230770144webdriver-profile/extensions/fxdriver@googlecode.com/components/driver-component.js:603)
... Removed 28 stack frames</pre></div><a href='#' onClick='toggleBox("stack-trace16036499", this, "Click to show all stack frames", "Click to hide stack frames")'>Click to show all stack frames</a>
<div class='stack-trace' id='stack-trace16036499'><pre>org.openqa.selenium.NoSuchElementException: Unable to locate element: {&quot;method&quot;:&quot;id&quot;,&quot;selector&quot;:&quot;iframeResult&quot;}
Command duration or timeout: 2.19 seconds
For documentation on this error, please visit: http://seleniumhq.org/exceptions/no_such_element.html
Build info: version: &apos;2.45.0&apos;, revision: &apos;5017cb8&apos;, time: &apos;2015-02-26 23:59:50&apos;
System info: host: &apos;Rahul-PC&apos;, ip: &apos;192.168.178.1&apos;, os.name: &apos;Windows 8&apos;, os.arch: &apos;x86&apos;, os.version: &apos;6.2&apos;, java.version: &apos;1.7.0_17&apos;
*** Element info: {Using=id, value=iframeResult}
Session ID: 80047332-7eec-452e-a59c-dda1461d1798
Driver info: org.openqa.selenium.firefox.FirefoxDriver
Capabilities [{platform=WINDOWS, acceptSslCerts=true, javascriptEnabled=true, cssSelectorsEnabled=true, databaseEnabled=true, browserName=firefox, handlesAlerts=true, nativeEvents=false, webStorageEnabled=true, rotatable=false, locationContextEnabled=true, applicationCacheEnabled=true, takesScreenshot=true, version=37.0.1}]
	at sun.reflect.NativeConstructorAccessorImpl.newInstance0(Native Method)
	at sun.reflect.NativeConstructorAccessorImpl.newInstance(Unknown Source)
	at sun.reflect.DelegatingConstructorAccessorImpl.newInstance(Unknown Source)
	at java.lang.reflect.Constructor.newInstance(Unknown Source)
	at org.openqa.selenium.remote.ErrorHandler.createThrowable(ErrorHandler.java:204)
	at org.openqa.selenium.remote.ErrorHandler.throwIfResponseFailed(ErrorHandler.java:156)
	at org.openqa.selenium.remote.RemoteWebDriver.execute(RemoteWebDriver.java:599)
	at org.openqa.selenium.remote.RemoteWebDriver.findElement(RemoteWebDriver.java:352)
	at org.openqa.selenium.remote.RemoteWebDriver.findElementById(RemoteWebDriver.java:393)
	at org.openqa.selenium.By$ById.findElement(By.java:214)
	at org.openqa.selenium.remote.RemoteWebDriver.findElement(RemoteWebDriver.java:344)
	at testcase.TestFluentWait.testWait(TestFluentWait.java:63)
	at sun.reflect.NativeMethodAccessorImpl.invoke0(Native Method)
	at sun.reflect.NativeMethodAccessorImpl.invoke(Unknown Source)
	at sun.reflect.DelegatingMethodAccessorImpl.invoke(Unknown Source)
	at java.lang.reflect.Method.invoke(Unknown Source)
	at org.testng.internal.MethodInvocationHelper.invokeMethod(MethodInvocationHelper.java:84)
	at org.testng.internal.Invoker.invokeMethod(Invoker.java:714)
	at org.testng.internal.Invoker.invokeTestMethod(Invoker.java:901)
	at org.testng.internal.Invoker.invokeTestMethods(Invoker.java:1231)
	at org.testng.internal.TestMethodWorker.invokeTestMethods(TestMethodWorker.java:127)
	at org.testng.internal.TestMethodWorker.run(TestMethodWorker.java:111)
	at org.testng.TestRunner.privateRun(TestRunner.java:767)
	at org.testng.TestRunner.run(TestRunner.java:617)
	at org.testng.SuiteRunner.runTest(SuiteRunner.java:334)
	at org.testng.SuiteRunner.runSequentially(SuiteRunner.java:329)
	at org.testng.SuiteRunner.privateRun(SuiteRunner.java:291)
	at org.testng.SuiteRunner.run(SuiteRunner.java:240)
	at org.testng.SuiteRunnerWorker.runSuite(SuiteRunnerWorker.java:52)
	at org.testng.SuiteRunnerWorker.run(SuiteRunnerWorker.java:86)
	at org.testng.TestNG.runSuitesSequentially(TestNG.java:1224)
	at org.testng.TestNG.runSuitesLocally(TestNG.java:1149)
	at org.testng.TestNG.run(TestNG.java:1057)
	at org.testng.remote.RemoteTestNG.run(RemoteTestNG.java:111)
	at org.testng.remote.RemoteTestNG.initAndRun(RemoteTestNG.java:204)
	at org.testng.remote.RemoteTestNG.main(RemoteTestNG.java:175)
Caused by: org.openqa.selenium.NoSuchElementException: Unable to locate element: {&quot;method&quot;:&quot;id&quot;,&quot;selector&quot;:&quot;iframeResult&quot;}
For documentation on this error, please visit: http://seleniumhq.org/exceptions/no_such_element.html
Build info: version: &apos;2.45.0&apos;, revision: &apos;5017cb8&apos;, time: &apos;2015-02-26 23:59:50&apos;
System info: host: &apos;Rahul-PC&apos;, ip: &apos;192.168.178.1&apos;, os.name: &apos;Windows 8&apos;, os.arch: &apos;x86&apos;, os.version: &apos;6.2&apos;, java.version: &apos;1.7.0_17&apos;
Driver info: driver.version: unknown
	at &lt;anonymous class&gt;.FirefoxDriver.prototype.findElementInternal_(file:///C:/Users/RAHUL~1.RAT/AppData/Local/Temp/anonymous8877169362230770144webdriver-profile/extensions/fxdriver@googlecode.com/components/driver-component.js:10271)
	at &lt;anonymous class&gt;.fxdriver.Timer.prototype.setTimeout/&lt;.notify(file:///C:/Users/RAHUL~1.RAT/AppData/Local/Temp/anonymous8877169362230770144webdriver-profile/extensions/fxdriver@googlecode.com/components/driver-component.js:603)
</pre></div></td>
<td>4</td>
<td>testcase.TestFluentWait@d1c003</td></tr>
<tr>
<td title='testcase.TestWebdriverWait.testWait()'><b>testWait</b><br>Test class: testcase.TestWebdriverWait</td>
<td><div><pre>org.openqa.selenium.TimeoutException: Timed out waiting for page load.
Command duration or timeout: 104 milliseconds
Build info: version: &apos;2.45.0&apos;, revision: &apos;5017cb8&apos;, time: &apos;2015-02-26 23:59:50&apos;
System info: host: &apos;Rahul-PC&apos;, ip: &apos;192.168.178.1&apos;, os.name: &apos;Windows 8&apos;, os.arch: &apos;x86&apos;, os.version: &apos;6.2&apos;, java.version: &apos;1.7.0_17&apos;
Session ID: 80047332-7eec-452e-a59c-dda1461d1798
Driver info: org.openqa.selenium.firefox.FirefoxDriver
Capabilities [{platform=WINDOWS, acceptSslCerts=true, javascriptEnabled=true, cssSelectorsEnabled=true, databaseEnabled=true, browserName=firefox, handlesAlerts=true, nativeEvents=false, webStorageEnabled=true, rotatable=false, locationContextEnabled=true, applicationCacheEnabled=true, takesScreenshot=true, version=37.0.1}]
	at org.openqa.selenium.remote.ErrorHandler.createThrowable(ErrorHandler.java:204)
	at org.openqa.selenium.remote.ErrorHandler.throwIfResponseFailed(ErrorHandler.java:156)
	at org.openqa.selenium.remote.RemoteWebDriver.execute(RemoteWebDriver.java:599)
	at org.openqa.selenium.remote.RemoteWebDriver.get(RemoteWebDriver.java:304)
	at org.openqa.selenium.remote.RemoteWebDriver$RemoteNavigation.to(RemoteWebDriver.java:854)
	at helper.WindowHelper.navigateToPage(WindowHelper.java:67)
	at testcase.TestWebdriverWait.testWait(TestWebdriverWait.java:26)
Caused by: org.openqa.selenium.TimeoutException: Timed out waiting for page load.
Build info: version: &apos;2.45.0&apos;, revision: &apos;5017cb8&apos;, time: &apos;2015-02-26 23:59:50&apos;
System info: host: &apos;Rahul-PC&apos;, ip: &apos;192.168.178.1&apos;, os.name: &apos;Windows 8&apos;, os.arch: &apos;x86&apos;, os.version: &apos;6.2&apos;, java.version: &apos;1.7.0_17&apos;
Driver info: driver.version: unknown
	at &lt;anonymous class&gt;.Utils.initWebLoadingListener/&lt;(file:///C:/Users/RAHUL~1.RAT/AppData/Local/Temp/anonymous8877169362230770144webdriver-profile/extensions/fxdriver@googlecode.com/components/driver-component.js:8598)
	at &lt;anonymous class&gt;.WebLoadingListener/e(file:///C:/Users/RAHUL~1.RAT/AppData/Local/Temp/anonymous8877169362230770144webdriver-profile/extensions/fxdriver@googlecode.com/components/driver-component.js:4712)
	at &lt;anonymous class&gt;.WebLoadingListener/&lt;(file:///C:/Users/RAHUL~1.RAT/AppData/Local/Temp/anonymous8877169362230770144webdriver-profile/extensions/fxdriver@googlecode.com/components/driver-component.js:4720)
	at &lt;anonymous class&gt;.fxdriver.Timer.prototype.setTimeout/&lt;.notify(file:///C:/Users/RAHUL~1.RAT/AppData/Local/Temp/anonymous8877169362230770144webdriver-profile/extensions/fxdriver@googlecode.com/components/driver-component.js:603)
... Removed 28 stack frames</pre></div><a href='#' onClick='toggleBox("stack-trace28411566", this, "Click to show all stack frames", "Click to hide stack frames")'>Click to show all stack frames</a>
<div class='stack-trace' id='stack-trace28411566'><pre>org.openqa.selenium.TimeoutException: Timed out waiting for page load.
Command duration or timeout: 104 milliseconds
Build info: version: &apos;2.45.0&apos;, revision: &apos;5017cb8&apos;, time: &apos;2015-02-26 23:59:50&apos;
System info: host: &apos;Rahul-PC&apos;, ip: &apos;192.168.178.1&apos;, os.name: &apos;Windows 8&apos;, os.arch: &apos;x86&apos;, os.version: &apos;6.2&apos;, java.version: &apos;1.7.0_17&apos;
Session ID: 80047332-7eec-452e-a59c-dda1461d1798
Driver info: org.openqa.selenium.firefox.FirefoxDriver
Capabilities [{platform=WINDOWS, acceptSslCerts=true, javascriptEnabled=true, cssSelectorsEnabled=true, databaseEnabled=true, browserName=firefox, handlesAlerts=true, nativeEvents=false, webStorageEnabled=true, rotatable=false, locationContextEnabled=true, applicationCacheEnabled=true, takesScreenshot=true, version=37.0.1}]
	at sun.reflect.NativeConstructorAccessorImpl.newInstance0(Native Method)
	at sun.reflect.NativeConstructorAccessorImpl.newInstance(Unknown Source)
	at sun.reflect.DelegatingConstructorAccessorImpl.newInstance(Unknown Source)
	at java.lang.reflect.Constructor.newInstance(Unknown Source)
	at org.openqa.selenium.remote.ErrorHandler.createThrowable(ErrorHandler.java:204)
	at org.openqa.selenium.remote.ErrorHandler.throwIfResponseFailed(ErrorHandler.java:156)
	at org.openqa.selenium.remote.RemoteWebDriver.execute(RemoteWebDriver.java:599)
	at org.openqa.selenium.remote.RemoteWebDriver.get(RemoteWebDriver.java:304)
	at org.openqa.selenium.remote.RemoteWebDriver$RemoteNavigation.to(RemoteWebDriver.java:854)
	at helper.WindowHelper.navigateToPage(WindowHelper.java:67)
	at testcase.TestWebdriverWait.testWait(TestWebdriverWait.java:26)
	at sun.reflect.NativeMethodAccessorImpl.invoke0(Native Method)
	at sun.reflect.NativeMethodAccessorImpl.invoke(Unknown Source)
	at sun.reflect.DelegatingMethodAccessorImpl.invoke(Unknown Source)
	at java.lang.reflect.Method.invoke(Unknown Source)
	at org.testng.internal.MethodInvocationHelper.invokeMethod(MethodInvocationHelper.java:84)
	at org.testng.internal.Invoker.invokeMethod(Invoker.java:714)
	at org.testng.internal.Invoker.invokeTestMethod(Invoker.java:901)
	at org.testng.internal.Invoker.invokeTestMethods(Invoker.java:1231)
	at org.testng.internal.TestMethodWorker.invokeTestMethods(TestMethodWorker.java:127)
	at org.testng.internal.TestMethodWorker.run(TestMethodWorker.java:111)
	at org.testng.TestRunner.privateRun(TestRunner.java:767)
	at org.testng.TestRunner.run(TestRunner.java:617)
	at org.testng.SuiteRunner.runTest(SuiteRunner.java:334)
	at org.testng.SuiteRunner.runSequentially(SuiteRunner.java:329)
	at org.testng.SuiteRunner.privateRun(SuiteRunner.java:291)
	at org.testng.SuiteRunner.run(SuiteRunner.java:240)
	at org.testng.SuiteRunnerWorker.runSuite(SuiteRunnerWorker.java:52)
	at org.testng.SuiteRunnerWorker.run(SuiteRunnerWorker.java:86)
	at org.testng.TestNG.runSuitesSequentially(TestNG.java:1224)
	at org.testng.TestNG.runSuitesLocally(TestNG.java:1149)
	at org.testng.TestNG.run(TestNG.java:1057)
	at org.testng.remote.RemoteTestNG.run(RemoteTestNG.java:111)
	at org.testng.remote.RemoteTestNG.initAndRun(RemoteTestNG.java:204)
	at org.testng.remote.RemoteTestNG.main(RemoteTestNG.java:175)
Caused by: org.openqa.selenium.TimeoutException: Timed out waiting for page load.
Build info: version: &apos;2.45.0&apos;, revision: &apos;5017cb8&apos;, time: &apos;2015-02-26 23:59:50&apos;
System info: host: &apos;Rahul-PC&apos;, ip: &apos;192.168.178.1&apos;, os.name: &apos;Windows 8&apos;, os.arch: &apos;x86&apos;, os.version: &apos;6.2&apos;, java.version: &apos;1.7.0_17&apos;
Driver info: driver.version: unknown
	at &lt;anonymous class&gt;.Utils.initWebLoadingListener/&lt;(file:///C:/Users/RAHUL~1.RAT/AppData/Local/Temp/anonymous8877169362230770144webdriver-profile/extensions/fxdriver@googlecode.com/components/driver-component.js:8598)
	at &lt;anonymous class&gt;.WebLoadingListener/e(file:///C:/Users/RAHUL~1.RAT/AppData/Local/Temp/anonymous8877169362230770144webdriver-profile/extensions/fxdriver@googlecode.com/components/driver-component.js:4712)
	at &lt;anonymous class&gt;.WebLoadingListener/&lt;(file:///C:/Users/RAHUL~1.RAT/AppData/Local/Temp/anonymous8877169362230770144webdriver-profile/extensions/fxdriver@googlecode.com/components/driver-component.js:4720)
	at &lt;anonymous class&gt;.fxdriver.Timer.prototype.setTimeout/&lt;.notify(file:///C:/Users/RAHUL~1.RAT/AppData/Local/Temp/anonymous8877169362230770144webdriver-profile/extensions/fxdriver@googlecode.com/components/driver-component.js:603)
</pre></div></td>
<td>0</td>
<td>testcase.TestWebdriverWait@1317223</td></tr>
<tr>
<td title='testcase.TestMultiWindow.testWin()'><b>testWin</b><br>Test class: testcase.TestMultiWindow</td>
<td><div><pre>org.openqa.selenium.TimeoutException: Timed out waiting for page load.
Command duration or timeout: 62 milliseconds
Build info: version: &apos;2.45.0&apos;, revision: &apos;5017cb8&apos;, time: &apos;2015-02-26 23:59:50&apos;
System info: host: &apos;Rahul-PC&apos;, ip: &apos;192.168.178.1&apos;, os.name: &apos;Windows 8&apos;, os.arch: &apos;x86&apos;, os.version: &apos;6.2&apos;, java.version: &apos;1.7.0_17&apos;
Session ID: 80047332-7eec-452e-a59c-dda1461d1798
Driver info: org.openqa.selenium.firefox.FirefoxDriver
Capabilities [{platform=WINDOWS, acceptSslCerts=true, javascriptEnabled=true, cssSelectorsEnabled=true, databaseEnabled=true, browserName=firefox, handlesAlerts=true, nativeEvents=false, webStorageEnabled=true, rotatable=false, locationContextEnabled=true, applicationCacheEnabled=true, takesScreenshot=true, version=37.0.1}]
	at org.openqa.selenium.remote.ErrorHandler.createThrowable(ErrorHandler.java:204)
	at org.openqa.selenium.remote.ErrorHandler.throwIfResponseFailed(ErrorHandler.java:156)
	at org.openqa.selenium.remote.RemoteWebDriver.execute(RemoteWebDriver.java:599)
	at org.openqa.selenium.remote.RemoteWebDriver.get(RemoteWebDriver.java:304)
	at org.openqa.selenium.remote.RemoteWebDriver$RemoteNavigation.to(RemoteWebDriver.java:854)
	at helper.WindowHelper.navigateToPage(WindowHelper.java:67)
	at testcase.TestMultiWindow.testWin(TestMultiWindow.java:21)
Caused by: org.openqa.selenium.TimeoutException: Timed out waiting for page load.
Build info: version: &apos;2.45.0&apos;, revision: &apos;5017cb8&apos;, time: &apos;2015-02-26 23:59:50&apos;
System info: host: &apos;Rahul-PC&apos;, ip: &apos;192.168.178.1&apos;, os.name: &apos;Windows 8&apos;, os.arch: &apos;x86&apos;, os.version: &apos;6.2&apos;, java.version: &apos;1.7.0_17&apos;
Driver info: driver.version: unknown
	at &lt;anonymous class&gt;.Utils.initWebLoadingListener/&lt;(file:///C:/Users/RAHUL~1.RAT/AppData/Local/Temp/anonymous8877169362230770144webdriver-profile/extensions/fxdriver@googlecode.com/components/driver-component.js:8598)
	at &lt;anonymous class&gt;.WebLoadingListener/e(file:///C:/Users/RAHUL~1.RAT/AppData/Local/Temp/anonymous8877169362230770144webdriver-profile/extensions/fxdriver@googlecode.com/components/driver-component.js:4712)
	at &lt;anonymous class&gt;.WebLoadingListener/&lt;(file:///C:/Users/RAHUL~1.RAT/AppData/Local/Temp/anonymous8877169362230770144webdriver-profile/extensions/fxdriver@googlecode.com/components/driver-component.js:4720)
	at &lt;anonymous class&gt;.fxdriver.Timer.prototype.setTimeout/&lt;.notify(file:///C:/Users/RAHUL~1.RAT/AppData/Local/Temp/anonymous8877169362230770144webdriver-profile/extensions/fxdriver@googlecode.com/components/driver-component.js:603)
... Removed 28 stack frames</pre></div><a href='#' onClick='toggleBox("stack-trace13457582", this, "Click to show all stack frames", "Click to hide stack frames")'>Click to show all stack frames</a>
<div class='stack-trace' id='stack-trace13457582'><pre>org.openqa.selenium.TimeoutException: Timed out waiting for page load.
Command duration or timeout: 62 milliseconds
Build info: version: &apos;2.45.0&apos;, revision: &apos;5017cb8&apos;, time: &apos;2015-02-26 23:59:50&apos;
System info: host: &apos;Rahul-PC&apos;, ip: &apos;192.168.178.1&apos;, os.name: &apos;Windows 8&apos;, os.arch: &apos;x86&apos;, os.version: &apos;6.2&apos;, java.version: &apos;1.7.0_17&apos;
Session ID: 80047332-7eec-452e-a59c-dda1461d1798
Driver info: org.openqa.selenium.firefox.FirefoxDriver
Capabilities [{platform=WINDOWS, acceptSslCerts=true, javascriptEnabled=true, cssSelectorsEnabled=true, databaseEnabled=true, browserName=firefox, handlesAlerts=true, nativeEvents=false, webStorageEnabled=true, rotatable=false, locationContextEnabled=true, applicationCacheEnabled=true, takesScreenshot=true, version=37.0.1}]
	at sun.reflect.NativeConstructorAccessorImpl.newInstance0(Native Method)
	at sun.reflect.NativeConstructorAccessorImpl.newInstance(Unknown Source)
	at sun.reflect.DelegatingConstructorAccessorImpl.newInstance(Unknown Source)
	at java.lang.reflect.Constructor.newInstance(Unknown Source)
	at org.openqa.selenium.remote.ErrorHandler.createThrowable(ErrorHandler.java:204)
	at org.openqa.selenium.remote.ErrorHandler.throwIfResponseFailed(ErrorHandler.java:156)
	at org.openqa.selenium.remote.RemoteWebDriver.execute(RemoteWebDriver.java:599)
	at org.openqa.selenium.remote.RemoteWebDriver.get(RemoteWebDriver.java:304)
	at org.openqa.selenium.remote.RemoteWebDriver$RemoteNavigation.to(RemoteWebDriver.java:854)
	at helper.WindowHelper.navigateToPage(WindowHelper.java:67)
	at testcase.TestMultiWindow.testWin(TestMultiWindow.java:21)
	at sun.reflect.NativeMethodAccessorImpl.invoke0(Native Method)
	at sun.reflect.NativeMethodAccessorImpl.invoke(Unknown Source)
	at sun.reflect.DelegatingMethodAccessorImpl.invoke(Unknown Source)
	at java.lang.reflect.Method.invoke(Unknown Source)
	at org.testng.internal.MethodInvocationHelper.invokeMethod(MethodInvocationHelper.java:84)
	at org.testng.internal.Invoker.invokeMethod(Invoker.java:714)
	at org.testng.internal.Invoker.invokeTestMethod(Invoker.java:901)
	at org.testng.internal.Invoker.invokeTestMethods(Invoker.java:1231)
	at org.testng.internal.TestMethodWorker.invokeTestMethods(TestMethodWorker.java:127)
	at org.testng.internal.TestMethodWorker.run(TestMethodWorker.java:111)
	at org.testng.TestRunner.privateRun(TestRunner.java:767)
	at org.testng.TestRunner.run(TestRunner.java:617)
	at org.testng.SuiteRunner.runTest(SuiteRunner.java:334)
	at org.testng.SuiteRunner.runSequentially(SuiteRunner.java:329)
	at org.testng.SuiteRunner.privateRun(SuiteRunner.java:291)
	at org.testng.SuiteRunner.run(SuiteRunner.java:240)
	at org.testng.SuiteRunnerWorker.runSuite(SuiteRunnerWorker.java:52)
	at org.testng.SuiteRunnerWorker.run(SuiteRunnerWorker.java:86)
	at org.testng.TestNG.runSuitesSequentially(TestNG.java:1224)
	at org.testng.TestNG.runSuitesLocally(TestNG.java:1149)
	at org.testng.TestNG.run(TestNG.java:1057)
	at org.testng.remote.RemoteTestNG.run(RemoteTestNG.java:111)
	at org.testng.remote.RemoteTestNG.initAndRun(RemoteTestNG.java:204)
	at org.testng.remote.RemoteTestNG.main(RemoteTestNG.java:175)
Caused by: org.openqa.selenium.TimeoutException: Timed out waiting for page load.
Build info: version: &apos;2.45.0&apos;, revision: &apos;5017cb8&apos;, time: &apos;2015-02-26 23:59:50&apos;
System info: host: &apos;Rahul-PC&apos;, ip: &apos;192.168.178.1&apos;, os.name: &apos;Windows 8&apos;, os.arch: &apos;x86&apos;, os.version: &apos;6.2&apos;, java.version: &apos;1.7.0_17&apos;
Driver info: driver.version: unknown
	at &lt;anonymous class&gt;.Utils.initWebLoadingListener/&lt;(file:///C:/Users/RAHUL~1.RAT/AppData/Local/Temp/anonymous8877169362230770144webdriver-profile/extensions/fxdriver@googlecode.com/components/driver-component.js:8598)
	at &lt;anonymous class&gt;.WebLoadingListener/e(file:///C:/Users/RAHUL~1.RAT/AppData/Local/Temp/anonymous8877169362230770144webdriver-profile/extensions/fxdriver@googlecode.com/components/driver-component.js:4712)
	at &lt;anonymous class&gt;.WebLoadingListener/&lt;(file:///C:/Users/RAHUL~1.RAT/AppData/Local/Temp/anonymous8877169362230770144webdriver-profile/extensions/fxdriver@googlecode.com/components/driver-component.js:4720)
	at &lt;anonymous class&gt;.fxdriver.Timer.prototype.setTimeout/&lt;.notify(file:///C:/Users/RAHUL~1.RAT/AppData/Local/Temp/anonymous8877169362230770144webdriver-profile/extensions/fxdriver@googlecode.com/components/driver-component.js:603)
</pre></div></td>
<td>0</td>
<td>testcase.TestMultiWindow@2404a0</td></tr>
<tr>
<td title='testcase.script.upload.TestMultipleUpload.uploadFile()'><b>uploadFile</b><br>Test class: testcase.script.upload.TestMultipleUpload<br>Parameters: G:\Book_Link.txt</td>
<td><div><pre>java.util.NoSuchElementException: No Such Element : data
	at helper.StartWebDriver.getElement(StartWebDriver.java:137)
	at helper.ButtonHelper.clickButton(ButtonHelper.java:15)
	at testcase.script.upload.TestMultipleUpload.uploadFile(TestMultipleUpload.java:36)
... Removed 24 stack frames</pre></div><a href='#' onClick='toggleBox("stack-trace10935436", this, "Click to show all stack frames", "Click to hide stack frames")'>Click to show all stack frames</a>
<div class='stack-trace' id='stack-trace10935436'><pre>java.util.NoSuchElementException: No Such Element : data
	at helper.StartWebDriver.getElement(StartWebDriver.java:137)
	at helper.ButtonHelper.clickButton(ButtonHelper.java:15)
	at testcase.script.upload.TestMultipleUpload.uploadFile(TestMultipleUpload.java:36)
	at sun.reflect.NativeMethodAccessorImpl.invoke0(Native Method)
	at sun.reflect.NativeMethodAccessorImpl.invoke(Unknown Source)
	at sun.reflect.DelegatingMethodAccessorImpl.invoke(Unknown Source)
	at java.lang.reflect.Method.invoke(Unknown Source)
	at org.testng.internal.MethodInvocationHelper.invokeMethod(MethodInvocationHelper.java:84)
	at org.testng.internal.Invoker.invokeMethod(Invoker.java:714)
	at org.testng.internal.Invoker.invokeTestMethod(Invoker.java:901)
	at org.testng.internal.Invoker.invokeTestMethods(Invoker.java:1231)
	at org.testng.internal.TestMethodWorker.invokeTestMethods(TestMethodWorker.java:127)
	at org.testng.internal.TestMethodWorker.run(TestMethodWorker.java:111)
	at org.testng.TestRunner.privateRun(TestRunner.java:767)
	at org.testng.TestRunner.run(TestRunner.java:617)
	at org.testng.SuiteRunner.runTest(SuiteRunner.java:334)
	at org.testng.SuiteRunner.runSequentially(SuiteRunner.java:329)
	at org.testng.SuiteRunner.privateRun(SuiteRunner.java:291)
	at org.testng.SuiteRunner.run(SuiteRunner.java:240)
	at org.testng.SuiteRunnerWorker.runSuite(SuiteRunnerWorker.java:52)
	at org.testng.SuiteRunnerWorker.run(SuiteRunnerWorker.java:86)
	at org.testng.TestNG.runSuitesSequentially(TestNG.java:1224)
	at org.testng.TestNG.runSuitesLocally(TestNG.java:1149)
	at org.testng.TestNG.run(TestNG.java:1057)
	at org.testng.remote.RemoteTestNG.run(RemoteTestNG.java:111)
	at org.testng.remote.RemoteTestNG.initAndRun(RemoteTestNG.java:204)
	at org.testng.remote.RemoteTestNG.main(RemoteTestNG.java:175)
</pre></div></td>
<td>8</td>
<td>testcase.script.upload.TestMultipleUpload@1332b09</td></tr>
<tr>
<td title='testcase.script.upload.TestMultipleUpload.uploadFile()'><b>uploadFile</b><br>Test class: testcase.script.upload.TestMultipleUpload<br>Parameters: G:\currencycodes.xml</td>
<td><div><pre>java.util.NoSuchElementException: No Such Element : data
	at helper.StartWebDriver.getElement(StartWebDriver.java:137)
	at helper.ButtonHelper.clickButton(ButtonHelper.java:15)
	at testcase.script.upload.TestMultipleUpload.uploadFile(TestMultipleUpload.java:36)
... Removed 24 stack frames</pre></div><a href='#' onClick='toggleBox("stack-trace19153801", this, "Click to show all stack frames", "Click to hide stack frames")'>Click to show all stack frames</a>
<div class='stack-trace' id='stack-trace19153801'><pre>java.util.NoSuchElementException: No Such Element : data
	at helper.StartWebDriver.getElement(StartWebDriver.java:137)
	at helper.ButtonHelper.clickButton(ButtonHelper.java:15)
	at testcase.script.upload.TestMultipleUpload.uploadFile(TestMultipleUpload.java:36)
	at sun.reflect.NativeMethodAccessorImpl.invoke0(Native Method)
	at sun.reflect.NativeMethodAccessorImpl.invoke(Unknown Source)
	at sun.reflect.DelegatingMethodAccessorImpl.invoke(Unknown Source)
	at java.lang.reflect.Method.invoke(Unknown Source)
	at org.testng.internal.MethodInvocationHelper.invokeMethod(MethodInvocationHelper.java:84)
	at org.testng.internal.Invoker.invokeMethod(Invoker.java:714)
	at org.testng.internal.Invoker.invokeTestMethod(Invoker.java:901)
	at org.testng.internal.Invoker.invokeTestMethods(Invoker.java:1231)
	at org.testng.internal.TestMethodWorker.invokeTestMethods(TestMethodWorker.java:127)
	at org.testng.internal.TestMethodWorker.run(TestMethodWorker.java:111)
	at org.testng.TestRunner.privateRun(TestRunner.java:767)
	at org.testng.TestRunner.run(TestRunner.java:617)
	at org.testng.SuiteRunner.runTest(SuiteRunner.java:334)
	at org.testng.SuiteRunner.runSequentially(SuiteRunner.java:329)
	at org.testng.SuiteRunner.privateRun(SuiteRunner.java:291)
	at org.testng.SuiteRunner.run(SuiteRunner.java:240)
	at org.testng.SuiteRunnerWorker.runSuite(SuiteRunnerWorker.java:52)
	at org.testng.SuiteRunnerWorker.run(SuiteRunnerWorker.java:86)
	at org.testng.TestNG.runSuitesSequentially(TestNG.java:1224)
	at org.testng.TestNG.runSuitesLocally(TestNG.java:1149)
	at org.testng.TestNG.run(TestNG.java:1057)
	at org.testng.remote.RemoteTestNG.run(RemoteTestNG.java:111)
	at org.testng.remote.RemoteTestNG.initAndRun(RemoteTestNG.java:204)
	at org.testng.remote.RemoteTestNG.main(RemoteTestNG.java:175)
</pre></div></td>
<td>8</td>
<td>testcase.script.upload.TestMultipleUpload@1332b09</td></tr>
<tr>
<td title='testcase.script.upload.TestMultipleUpload.uploadFile()'><b>uploadFile</b><br>Test class: testcase.script.upload.TestMultipleUpload<br>Parameters: G:\testng-results.xml</td>
<td><div><pre>java.util.NoSuchElementException: No Such Element : data
	at helper.StartWebDriver.getElement(StartWebDriver.java:137)
	at helper.ButtonHelper.clickButton(ButtonHelper.java:15)
	at testcase.script.upload.TestMultipleUpload.uploadFile(TestMultipleUpload.java:36)
... Removed 24 stack frames</pre></div><a href='#' onClick='toggleBox("stack-trace13416996", this, "Click to show all stack frames", "Click to hide stack frames")'>Click to show all stack frames</a>
<div class='stack-trace' id='stack-trace13416996'><pre>java.util.NoSuchElementException: No Such Element : data
	at helper.StartWebDriver.getElement(StartWebDriver.java:137)
	at helper.ButtonHelper.clickButton(ButtonHelper.java:15)
	at testcase.script.upload.TestMultipleUpload.uploadFile(TestMultipleUpload.java:36)
	at sun.reflect.NativeMethodAccessorImpl.invoke0(Native Method)
	at sun.reflect.NativeMethodAccessorImpl.invoke(Unknown Source)
	at sun.reflect.DelegatingMethodAccessorImpl.invoke(Unknown Source)
	at java.lang.reflect.Method.invoke(Unknown Source)
	at org.testng.internal.MethodInvocationHelper.invokeMethod(MethodInvocationHelper.java:84)
	at org.testng.internal.Invoker.invokeMethod(Invoker.java:714)
	at org.testng.internal.Invoker.invokeTestMethod(Invoker.java:901)
	at org.testng.internal.Invoker.invokeTestMethods(Invoker.java:1231)
	at org.testng.internal.TestMethodWorker.invokeTestMethods(TestMethodWorker.java:127)
	at org.testng.internal.TestMethodWorker.run(TestMethodWorker.java:111)
	at org.testng.TestRunner.privateRun(TestRunner.java:767)
	at org.testng.TestRunner.run(TestRunner.java:617)
	at org.testng.SuiteRunner.runTest(SuiteRunner.java:334)
	at org.testng.SuiteRunner.runSequentially(SuiteRunner.java:329)
	at org.testng.SuiteRunner.privateRun(SuiteRunner.java:291)
	at org.testng.SuiteRunner.run(SuiteRunner.java:240)
	at org.testng.SuiteRunnerWorker.runSuite(SuiteRunnerWorker.java:52)
	at org.testng.SuiteRunnerWorker.run(SuiteRunnerWorker.java:86)
	at org.testng.TestNG.runSuitesSequentially(TestNG.java:1224)
	at org.testng.TestNG.runSuitesLocally(TestNG.java:1149)
	at org.testng.TestNG.run(TestNG.java:1057)
	at org.testng.remote.RemoteTestNG.run(RemoteTestNG.java:111)
	at org.testng.remote.RemoteTestNG.initAndRun(RemoteTestNG.java:204)
	at org.testng.remote.RemoteTestNG.main(RemoteTestNG.java:175)
</pre></div></td>
<td>8</td>
<td>testcase.script.upload.TestMultipleUpload@1332b09</td></tr>
<tr>
<td title='testcase.script.upload.TestMultipleUpload.uploadFile()'><b>uploadFile</b><br>Test class: testcase.script.upload.TestMultipleUpload<br>Parameters: G:\HelloWorld.java</td>
<td><div><pre>java.util.NoSuchElementException: No Such Element : data
	at helper.StartWebDriver.getElement(StartWebDriver.java:137)
	at helper.ButtonHelper.clickButton(ButtonHelper.java:15)
	at testcase.script.upload.TestMultipleUpload.uploadFile(TestMultipleUpload.java:36)
... Removed 24 stack frames</pre></div><a href='#' onClick='toggleBox("stack-trace28833672", this, "Click to show all stack frames", "Click to hide stack frames")'>Click to show all stack frames</a>
<div class='stack-trace' id='stack-trace28833672'><pre>java.util.NoSuchElementException: No Such Element : data
	at helper.StartWebDriver.getElement(StartWebDriver.java:137)
	at helper.ButtonHelper.clickButton(ButtonHelper.java:15)
	at testcase.script.upload.TestMultipleUpload.uploadFile(TestMultipleUpload.java:36)
	at sun.reflect.NativeMethodAccessorImpl.invoke0(Native Method)
	at sun.reflect.NativeMethodAccessorImpl.invoke(Unknown Source)
	at sun.reflect.DelegatingMethodAccessorImpl.invoke(Unknown Source)
	at java.lang.reflect.Method.invoke(Unknown Source)
	at org.testng.internal.MethodInvocationHelper.invokeMethod(MethodInvocationHelper.java:84)
	at org.testng.internal.Invoker.invokeMethod(Invoker.java:714)
	at org.testng.internal.Invoker.invokeTestMethod(Invoker.java:901)
	at org.testng.internal.Invoker.invokeTestMethods(Invoker.java:1231)
	at org.testng.internal.TestMethodWorker.invokeTestMethods(TestMethodWorker.java:127)
	at org.testng.internal.TestMethodWorker.run(TestMethodWorker.java:111)
	at org.testng.TestRunner.privateRun(TestRunner.java:767)
	at org.testng.TestRunner.run(TestRunner.java:617)
	at org.testng.SuiteRunner.runTest(SuiteRunner.java:334)
	at org.testng.SuiteRunner.runSequentially(SuiteRunner.java:329)
	at org.testng.SuiteRunner.privateRun(SuiteRunner.java:291)
	at org.testng.SuiteRunner.run(SuiteRunner.java:240)
	at org.testng.SuiteRunnerWorker.runSuite(SuiteRunnerWorker.java:52)
	at org.testng.SuiteRunnerWorker.run(SuiteRunnerWorker.java:86)
	at org.testng.TestNG.runSuitesSequentially(TestNG.java:1224)
	at org.testng.TestNG.runSuitesLocally(TestNG.java:1149)
	at org.testng.TestNG.run(TestNG.java:1057)
	at org.testng.remote.RemoteTestNG.run(RemoteTestNG.java:111)
	at org.testng.remote.RemoteTestNG.initAndRun(RemoteTestNG.java:204)
	at org.testng.remote.RemoteTestNG.main(RemoteTestNG.java:175)
</pre></div></td>
<td>8</td>
<td>testcase.script.upload.TestMultipleUpload@1332b09</td></tr>
</table><p>
<table width='100%' border='1' class='invocation-passed'>
<tr><td colspan='4' align='center'><b>PASSED TESTS</b></td></tr>
<tr><td><b>Test method</b></td>
<td width="30%"><b>Exception</b></td>
<td width="10%"><b>Time (seconds)</b></td>
<td><b>Instance</b></td>
</tr>
<tr>
<td title='testcase.script.upload.TestMultipleUpload.OpenPage()'><b>OpenPage</b><br>Test class: testcase.script.upload.TestMultipleUpload</td>
<td></td>
<td>18</td>
<td>testcase.script.upload.TestMultipleUpload@1332b09</td></tr>
<tr>
<td title='testcase.TestAdminConsole.testAdmin()'><b>testAdmin</b><br>Test class: testcase.TestAdminConsole</td>
<td></td>
<td>29</td>
<td>testcase.TestAdminConsole@18e5d82</td></tr>
<tr>
<td title='testcase.TestAllObject.testAll()'><b>testAll</b><br>Test class: testcase.TestAllObject</td>
<td></td>
<td>2</td>
<td>testcase.TestAllObject@12c402a</td></tr>
<tr>
<td title='testcase.TestMethodCall.testCase()'><b>testCase</b><br>Test class: testcase.TestMethodCall</td>
<td></td>
<td>0</td>
<td>testcase.TestMethodCall@8256c2</td></tr>
<tr>
<td title='testcase.listener.TestWebDriverListener.testCaseOne()'><b>testCaseOne</b><br>Test class: testcase.listener.TestWebDriverListener</td>
<td></td>
<td>7</td>
<td>testcase.listener.TestWebDriverListener@1c45dbe</td></tr>
<tr>
<td title='testcase.TestReportOne.testCaseOne()'><b>testCaseOne</b><br>Test class: testcase.TestReportOne</td>
<td></td>
<td>0</td>
<td>testcase.TestReportOne@10de40c</td></tr>
<tr>
<td title='testcase.TestDisplayed.testCheckElement()'><b>testCheckElement</b><br>Test class: testcase.TestDisplayed</td>
<td></td>
<td>10</td>
<td>testcase.TestDisplayed@7ac690</td></tr>
<tr>
<td title='testcase.TestExpectedConditions.testConditions()'><b>testConditions</b><br>Test class: testcase.TestExpectedConditions</td>
<td></td>
<td>4</td>
<td>testcase.TestExpectedConditions@11514cd</td></tr>
<tr>
<td title='testcase.TestKeyBoard.testKey()'><b>testKey</b><br>Test class: testcase.TestKeyBoard</td>
<td></td>
<td>3</td>
<td>testcase.TestKeyBoard@d2bd5d</td></tr>
</table><p>
</body>
</html>